2024-09-11 00:35:00,395 [ERROR] LogOutputStream:75 - [STDERR_REDIRECT] 
2024-09-11 09:46:50,946 [INFO] Activator:176 - 


2024-09-11 09:46:50,962 [INFO] Activator:177 - !SESSION log4j initialized
2024-09-11 09:47:09,725 [INFO] LogOutputStream:77 - [STDOUT_REDIRECT] 
2024-09-11 09:47:28,729 [INFO] ApplicationProperties:184 - Using Application install path: D:\ST\STM32CubeIDE_1.16.0\STM32CubeIDE\plugins\com.st.stm32cube.common.mx_6.12.0.202406281431
2024-09-11 09:47:28,800 [INFO] DbMcusXml:78 - Set database path to: D:\ST\STM32CubeIDE_1.16.0\STM32CubeIDE\plugins\com.st.stm32cube.common.mx_6.12.0.202406281431\\db\/mcu/
2024-09-11 09:47:28,801 [INFO] ApiDb:274 - Set plugin database path to: D:\ST\STM32CubeIDE_1.16.0\STM32CubeIDE\plugins\com.st.stm32cube.common.mx_6.12.0.202406281431\\db\/plugins/boardmanager/
2024-09-11 09:47:28,802 [WARN] ApiDb:259 - Overriding images path with different value:  => D:\ST\STM32CubeIDE_1.16.0\STM32CubeIDE\plugins\com.st.stm32cube.common.mx_6.12.0.202406281431\\db\/plugins/mcufinder/images/
2024-09-11 09:47:28,977 [INFO] ApiDb:250 - Set database path to: C:\Users\Asus\.stmcufinder\plugins\mcufinder//mcu/
2024-09-11 09:47:28,981 [INFO] DbMcusAds:125 - Set database path to: C:\Users\Asus\.stmcufinder\plugins\mcufinder//mcu/
2024-09-11 09:47:28,996 [INFO] CrossReferenceDbSqlite:203 - Set database path to: C:\Users\Asus\.stmcufinder\plugins\mcufinder//mcu/cs/
2024-09-11 09:47:29,282 [INFO] RulesReader:64 - Compatibility file has been processed (297 Rules)
2024-09-11 09:47:29,612 [INFO] DbMcusXml:78 - Set database path to: D:\ST\STM32CubeIDE_1.16.0\STM32CubeIDE\plugins\com.st.stm32cube.common.mx_6.12.0.202406281431\\db\/mcu/
2024-09-11 09:47:29,612 [INFO] ApiDb:274 - Set plugin database path to: D:\ST\STM32CubeIDE_1.16.0\STM32CubeIDE\plugins\com.st.stm32cube.common.mx_6.12.0.202406281431\\db\/plugins/boardmanager/
2024-09-11 09:47:29,613 [INFO] ApiDb:261 - Set plugin images path to: D:\ST\STM32CubeIDE_1.16.0\STM32CubeIDE\plugins\com.st.stm32cube.common.mx_6.12.0.202406281431\\db\/plugins/mcufinder/images/
2024-09-11 09:47:29,613 [WARN] DbFile:41 - Overriding database path with different value: C:\Users\Asus\.stmcufinder\plugins\mcufinder/ => C:\Users\Asus\.stmcufinder\plugins\mcufinder
2024-09-11 09:47:29,613 [INFO] ApiDb:250 - Set database path to: C:\Users\Asus\.stmcufinder\plugins\mcufinder//mcu/
2024-09-11 09:47:29,613 [WARN] DbFile:41 - Overriding database path with different value: C:\Users\Asus\.stmcufinder\plugins\mcufinder/ => C:\Users\Asus\.stmcufinder\plugins\mcufinder
2024-09-11 09:47:29,613 [INFO] DbMcusAds:125 - Set database path to: C:\Users\Asus\.stmcufinder\plugins\mcufinder//mcu/
2024-09-11 09:47:29,615 [WARN] DbFile:41 - Overriding database path with different value: C:\Users\Asus\.stmcufinder\plugins\mcufinder/ => C:\Users\Asus\.stmcufinder\plugins\mcufinder
2024-09-11 09:47:29,615 [WARN] DbFile:41 - Overriding database path with different value: C:\Users\Asus\.stmcufinder\plugins\mcufinder/ => C:\Users\Asus\.stmcufinder\plugins\mcufinder
2024-09-11 09:47:29,615 [INFO] CrossReferenceDbSqlite:203 - Set database path to: C:\Users\Asus\.stmcufinder\plugins\mcufinder//mcu/cs/
2024-09-11 09:47:29,792 [INFO] MainPanel:268 - HeapMemory: 268435456
2024-09-11 09:47:30,074 [INFO] DbMcusXml:78 - Set database path to: D:\ST\STM32CubeIDE_1.16.0\STM32CubeIDE\plugins\com.st.stm32cube.common.mx_6.12.0.202406281431\\db\/mcu/
2024-09-11 09:47:30,074 [INFO] ApiDb:274 - Set plugin database path to: D:\ST\STM32CubeIDE_1.16.0\STM32CubeIDE\plugins\com.st.stm32cube.common.mx_6.12.0.202406281431\\db\/plugins/boardmanager/
2024-09-11 09:47:30,074 [INFO] ApiDb:261 - Set plugin images path to: D:\ST\STM32CubeIDE_1.16.0\STM32CubeIDE\plugins\com.st.stm32cube.common.mx_6.12.0.202406281431\\db\/plugins/mcufinder/images/
2024-09-11 09:47:30,075 [WARN] DbFile:41 - Overriding database path with different value: C:\Users\Asus\.stmcufinder\plugins\mcufinder/ => C:\Users\Asus\.stmcufinder\plugins\mcufinder
2024-09-11 09:47:30,075 [INFO] ApiDb:250 - Set database path to: C:\Users\Asus\.stmcufinder\plugins\mcufinder//mcu/
2024-09-11 09:47:30,075 [WARN] DbFile:41 - Overriding database path with different value: C:\Users\Asus\.stmcufinder\plugins\mcufinder/ => C:\Users\Asus\.stmcufinder\plugins\mcufinder
2024-09-11 09:47:30,075 [INFO] DbMcusAds:125 - Set database path to: C:\Users\Asus\.stmcufinder\plugins\mcufinder//mcu/
2024-09-11 09:47:30,075 [WARN] DbFile:41 - Overriding database path with different value: C:\Users\Asus\.stmcufinder\plugins\mcufinder/ => C:\Users\Asus\.stmcufinder\plugins\mcufinder
2024-09-11 09:47:30,075 [WARN] DbFile:41 - Overriding database path with different value: C:\Users\Asus\.stmcufinder\plugins\mcufinder/ => C:\Users\Asus\.stmcufinder\plugins\mcufinder
2024-09-11 09:47:30,075 [INFO] CrossReferenceDbSqlite:203 - Set database path to: C:\Users\Asus\.stmcufinder\plugins\mcufinder//mcu/cs/
2024-09-11 09:47:30,105 [INFO] ApplicationProperties:184 - Using Application install path: D:\ST\STM32CubeIDE_1.16.0\STM32CubeIDE\plugins\com.st.stm32cube.common.mx_6.12.0.202406281431
2024-09-11 09:47:30,107 [INFO] PluginManage:196 - Search for loadable plugins [exclusion list=, ]
2024-09-11 09:47:30,109 [INFO] PluginManage:310 - Check plugin analytics
2024-09-11 09:47:40,014 [INFO] AnalyticsPlugin:253 - Accepted Software Licenses: 
2024-09-11 09:47:40,014 [INFO] AnalyticsPlugin:255 - Accepted CMSIS Pack Licenses: 
2024-09-11 09:47:40,014 [INFO] AnalyticsPlugin:257 - Accepted Firmware Licenses: 
2024-09-11 09:47:40,018 [INFO] PluginManage:359 - Loaded plugin analytics (category:tool,tabindex:-1)
2024-09-11 09:47:40,018 [INFO] PluginManage:310 - Check plugin cadmodel
2024-09-11 09:47:40,063 [INFO] CADModel:105 - Init CAD model plugin
2024-09-11 09:47:40,063 [INFO] PluginManage:359 - Loaded plugin cadmodel (category:power,tabindex:5)
2024-09-11 09:47:40,064 [INFO] PluginManage:310 - Check plugin clock
2024-09-11 09:47:40,091 [INFO] PluginManage:359 - Loaded plugin clock (category:base,tabindex:2)
2024-09-11 09:47:40,091 [INFO] PluginManage:310 - Check plugin ddr
2024-09-11 09:47:40,109 [INFO] PluginManage:359 - Loaded plugin ddr (category:tool,tabindex:6)
2024-09-11 09:47:40,109 [INFO] PluginManage:310 - Check plugin filemanager
2024-09-11 09:47:40,439 [INFO] PluginManage:359 - Loaded plugin filemanager (category:base,tabindex:10)
2024-09-11 09:47:40,439 [INFO] PluginManage:310 - Check plugin ipmanager
2024-09-11 09:47:40,450 [INFO] PluginManage:359 - Loaded plugin ipmanager (category:base,tabindex:5)
2024-09-11 09:47:40,450 [INFO] PluginManage:310 - Check plugin lpbam
2024-09-11 09:47:40,506 [INFO] PluginManage:359 - Loaded plugin lpbam (category:base,tabindex:0)
2024-09-11 09:47:40,506 [INFO] PluginManage:310 - Check plugin memorymap
2024-09-11 09:47:40,549 [INFO] PluginManage:359 - Loaded plugin memorymap (category:base,tabindex:4)
2024-09-11 09:47:40,549 [INFO] PluginManage:310 - Check plugin pinoutandconfiguration
2024-09-11 09:47:40,569 [INFO] PluginManage:359 - Loaded plugin pinoutandconfiguration (category:base,tabindex:1)
2024-09-11 09:47:40,570 [INFO] PluginManage:310 - Check plugin pinoutconfig
2024-09-11 09:47:40,731 [WARN] SupportedApi:132 - Cannot load RTOS API schema: s4s-elt-must-match.1: The content of 'definitions' must match (annotation?, (simpleType | complexType)?, (unique | key | keyref)*)). A problem was found starting at: attribute.
2024-09-11 09:47:41,032 [INFO] PluginManage:359 - Loaded plugin pinoutconfig (category:base,tabindex:0)
2024-09-11 09:47:41,033 [INFO] PluginManage:310 - Check plugin power
2024-09-11 09:47:41,110 [INFO] PluginManage:359 - Loaded plugin power (category:power,tabindex:4)
2024-09-11 09:47:41,110 [INFO] PluginManage:310 - Check plugin projectmanager
2024-09-11 09:47:41,150 [INFO] PluginManage:359 - Loaded plugin projectmanager (category:projectmanager,tabindex:4)
2024-09-11 09:47:41,150 [INFO] PluginManage:310 - Check plugin rif
2024-09-11 09:47:41,186 [INFO] PluginManage:359 - Loaded plugin rif (category:base,tabindex:3)
2024-09-11 09:47:41,186 [INFO] PluginManage:310 - Check plugin thirdparty
2024-09-11 09:47:41,711 [INFO] PluginManage:359 - Loaded plugin thirdparty (category:base,tabindex:-1)
2024-09-11 09:47:41,711 [WARN] IntegrityCheckThread:84 - waiting for thirdparty lock release [integrity check]
2024-09-11 09:47:41,711 [INFO] IntegrityCheckThread:86 - entering critical section [integrity check]
2024-09-11 09:47:41,711 [INFO] PluginManage:310 - Check plugin tools
2024-09-11 09:47:41,712 [INFO] ThirdPartyUpdaterWithRetryManager:70 - Updater plugin not ready yet. [1/15]
2024-09-11 09:47:41,771 [INFO] PluginManage:359 - Loaded plugin tools (category:base,tabindex:7)
2024-09-11 09:47:41,771 [INFO] PluginManage:310 - Check plugin tutovideos
2024-09-11 09:47:42,293 [INFO] PluginManage:359 - Loaded plugin tutovideos (category:base,tabindex:-1)
2024-09-11 09:47:42,293 [INFO] PluginManage:310 - Check plugin updater
2024-09-11 09:47:42,338 [INFO] PluginManage:359 - Loaded plugin updater (category:base,tabindex:12)
2024-09-11 09:47:42,338 [INFO] PluginManage:310 - Check plugin userauth
2024-09-11 09:47:42,356 [INFO] UserAuth:113 - Init User Auth plugin
2024-09-11 09:47:42,356 [INFO] PluginManage:359 - Loaded plugin userauth (category:base,tabindex:14)
2024-09-11 09:47:42,357 [INFO] PluginManage:283 - PluginManage : Loaded plugins [18]
2024-09-11 09:47:42,731 [INFO] PinOutPanel:1561 - setPackage(No Configuration,No Configuration)
2024-09-11 09:47:42,881 [INFO] CADModel:165 - CPN selected for project level
2024-09-11 09:47:42,881 [INFO] CADModel:114 - Register for checkConnection events
2024-09-11 09:47:42,986 [INFO] IPUIPlugin:80 - create IPUIPlugin
2024-09-11 09:47:42,987 [INFO] PluginManager:220 - loadIPPluginJar : add adc
2024-09-11 09:47:43,033 [INFO] IPUIPlugin:80 - create IPUIPlugin
2024-09-11 09:47:43,033 [INFO] PluginManager:220 - loadIPPluginJar : add aes
2024-09-11 09:47:43,100 [INFO] IPUIPlugin:80 - create IPUIPlugin
2024-09-11 09:47:43,100 [INFO] PluginManager:220 - loadIPPluginJar : add can
2024-09-11 09:47:43,141 [INFO] IPUIPlugin:80 - create IPUIPlugin
2024-09-11 09:47:43,141 [INFO] PluginManager:220 - loadIPPluginJar : add comp
2024-09-11 09:47:43,208 [INFO] IPUIPlugin:80 - create IPUIPlugin
2024-09-11 09:47:43,208 [INFO] PluginManager:220 - loadIPPluginJar : add cryp
2024-09-11 09:47:43,257 [INFO] IPUIPlugin:80 - create IPUIPlugin
2024-09-11 09:47:43,258 [INFO] PluginManager:220 - loadIPPluginJar : add ddr_ctrl_phy
2024-09-11 09:47:43,321 [INFO] IPUIPlugin:80 - create IPUIPlugin
2024-09-11 09:47:43,321 [INFO] PluginManager:220 - loadIPPluginJar : add dfsdm
2024-09-11 09:47:43,359 [INFO] IPUIPlugin:80 - create IPUIPlugin
2024-09-11 09:47:43,359 [INFO] PluginManager:220 - loadIPPluginJar : add dma
2024-09-11 09:47:43,423 [INFO] IPUIPlugin:80 - create IPUIPlugin
2024-09-11 09:47:43,424 [INFO] PluginManager:220 - loadIPPluginJar : add dma3
2024-09-11 09:47:43,494 [INFO] IPUIPlugin:80 - create IPUIPlugin
2024-09-11 09:47:43,494 [INFO] PluginManager:220 - loadIPPluginJar : add extmemmanager
2024-09-11 09:47:43,528 [INFO] IPUIPlugin:80 - create IPUIPlugin
2024-09-11 09:47:43,528 [INFO] PluginManager:220 - loadIPPluginJar : add fatfs
2024-09-11 09:47:43,589 [INFO] IPUIPlugin:80 - create IPUIPlugin
2024-09-11 09:47:43,590 [INFO] PluginManager:220 - loadIPPluginJar : add fmc
2024-09-11 09:47:43,622 [INFO] IPUIPlugin:80 - create IPUIPlugin
2024-09-11 09:47:43,623 [INFO] PluginManager:220 - loadIPPluginJar : add freertos
2024-09-11 09:47:43,662 [INFO] IPUIPlugin:80 - create IPUIPlugin
2024-09-11 09:47:43,662 [INFO] PluginManager:220 - loadIPPluginJar : add genericplugin
2024-09-11 09:47:43,799 [INFO] IPUIPlugin:80 - create IPUIPlugin
2024-09-11 09:47:43,799 [INFO] PluginManager:220 - loadIPPluginJar : add gfxmmu
2024-09-11 09:47:44,006 [INFO] IPUIPlugin:80 - create IPUIPlugin
2024-09-11 09:47:44,006 [INFO] PluginManager:220 - loadIPPluginJar : add gic
2024-09-11 09:47:44,062 [INFO] IPUIPlugin:80 - create IPUIPlugin
2024-09-11 09:47:44,063 [INFO] PluginManager:220 - loadIPPluginJar : add gpio
2024-09-11 09:47:44,188 [INFO] IPUIPlugin:80 - create IPUIPlugin
2024-09-11 09:47:44,188 [INFO] PluginManager:220 - loadIPPluginJar : add gtzc
2024-09-11 09:47:44,239 [INFO] IPUIPlugin:80 - create IPUIPlugin
2024-09-11 09:47:44,239 [INFO] PluginManager:220 - loadIPPluginJar : add hash
2024-09-11 09:47:44,311 [INFO] IPUIPlugin:80 - create IPUIPlugin
2024-09-11 09:47:44,311 [INFO] PluginManager:220 - loadIPPluginJar : add i2c
2024-09-11 09:47:44,385 [INFO] IPUIPlugin:80 - create IPUIPlugin
2024-09-11 09:47:44,385 [INFO] PluginManager:220 - loadIPPluginJar : add i2s
2024-09-11 09:47:44,467 [INFO] IPUIPlugin:80 - create IPUIPlugin
2024-09-11 09:47:44,467 [INFO] PluginManager:220 - loadIPPluginJar : add i3c
2024-09-11 09:47:44,667 [INFO] IPUIPlugin:80 - create IPUIPlugin
2024-09-11 09:47:44,667 [INFO] PluginManager:220 - loadIPPluginJar : add ipddr
2024-09-11 09:47:44,716 [INFO] ThirdPartyUpdaterWithRetryManager:70 - Updater plugin not ready yet. [2/15]
2024-09-11 09:47:44,849 [INFO] IPUIPlugin:80 - create IPUIPlugin
2024-09-11 09:47:44,849 [INFO] PluginManager:220 - loadIPPluginJar : add linkedlist
2024-09-11 09:47:44,917 [INFO] IPUIPlugin:80 - create IPUIPlugin
2024-09-11 09:47:44,917 [INFO] PluginManager:220 - loadIPPluginJar : add lorawan
2024-09-11 09:47:44,977 [INFO] IPUIPlugin:80 - create IPUIPlugin
2024-09-11 09:47:44,978 [INFO] PluginManager:220 - loadIPPluginJar : add ltdc
2024-09-11 09:47:45,013 [INFO] IPUIPlugin:80 - create IPUIPlugin
2024-09-11 09:47:45,013 [INFO] PluginManager:220 - loadIPPluginJar : add mdma
2024-09-11 09:47:45,055 [INFO] IPUIPlugin:80 - create IPUIPlugin
2024-09-11 09:47:45,055 [INFO] PluginManager:220 - loadIPPluginJar : add nvic
2024-09-11 09:47:45,103 [INFO] IPUIPlugin:80 - create IPUIPlugin
2024-09-11 09:47:45,103 [INFO] PluginManager:220 - loadIPPluginJar : add opamp
2024-09-11 09:47:45,198 [INFO] IPUIPlugin:80 - create IPUIPlugin
2024-09-11 09:47:45,198 [INFO] PluginManager:220 - loadIPPluginJar : add openamp
2024-09-11 09:47:45,259 [INFO] IPUIPlugin:80 - create IPUIPlugin
2024-09-11 09:47:45,259 [INFO] PluginManager:220 - loadIPPluginJar : add pdm2pcm
2024-09-11 09:47:45,290 [INFO] IPUIPlugin:80 - create IPUIPlugin
2024-09-11 09:47:45,292 [INFO] PluginManager:220 - loadIPPluginJar : add plateformsettings
2024-09-11 09:47:45,339 [INFO] IPUIPlugin:80 - create IPUIPlugin
2024-09-11 09:47:45,339 [INFO] PluginManager:220 - loadIPPluginJar : add quadspi
2024-09-11 09:47:45,374 [INFO] IPUIPlugin:80 - create IPUIPlugin
2024-09-11 09:47:45,374 [INFO] PluginManager:220 - loadIPPluginJar : add radio
2024-09-11 09:47:45,405 [INFO] IPUIPlugin:80 - create IPUIPlugin
2024-09-11 09:47:45,405 [INFO] PluginManager:220 - loadIPPluginJar : add resmgrutility
2024-09-11 09:47:45,497 [INFO] IPUIPlugin:80 - create IPUIPlugin
2024-09-11 09:47:45,497 [INFO] PluginManager:220 - loadIPPluginJar : add sai
2024-09-11 09:47:45,556 [INFO] IPUIPlugin:80 - create IPUIPlugin
2024-09-11 09:47:45,556 [INFO] PluginManager:220 - loadIPPluginJar : add spi
2024-09-11 09:47:45,724 [INFO] IPUIPlugin:80 - create IPUIPlugin
2024-09-11 09:47:45,724 [INFO] PluginManager:220 - loadIPPluginJar : add stm32_wpan
2024-09-11 09:47:45,775 [INFO] IPUIPlugin:80 - create IPUIPlugin
2024-09-11 09:47:45,775 [INFO] PluginManager:220 - loadIPPluginJar : add tim
2024-09-11 09:47:45,893 [INFO] IPUIPlugin:80 - create IPUIPlugin
2024-09-11 09:47:45,893 [INFO] PluginManager:220 - loadIPPluginJar : add touchsensing
2024-09-11 09:47:45,950 [INFO] IPUIPlugin:80 - create IPUIPlugin
2024-09-11 09:47:45,950 [INFO] PluginManager:220 - loadIPPluginJar : add tracer_emb
2024-09-11 09:47:45,985 [INFO] IPUIPlugin:80 - create IPUIPlugin
2024-09-11 09:47:45,985 [INFO] PluginManager:220 - loadIPPluginJar : add ts
2024-09-11 09:47:46,018 [INFO] IPUIPlugin:80 - create IPUIPlugin
2024-09-11 09:47:46,018 [INFO] PluginManager:220 - loadIPPluginJar : add tsc
2024-09-11 09:47:46,058 [INFO] IPUIPlugin:80 - create IPUIPlugin
2024-09-11 09:47:46,058 [INFO] PluginManager:220 - loadIPPluginJar : add ucpd
2024-09-11 09:47:46,131 [INFO] IPUIPlugin:80 - create IPUIPlugin
2024-09-11 09:47:46,131 [INFO] PluginManager:220 - loadIPPluginJar : add usart
2024-09-11 09:47:46,200 [INFO] IPUIPlugin:80 - create IPUIPlugin
2024-09-11 09:47:46,200 [INFO] PluginManager:220 - loadIPPluginJar : add usbx
2024-09-11 09:47:46,351 [INFO] CADModel:165 - CPN selected for project level
2024-09-11 09:47:46,351 [INFO] CADModel:114 - Register for checkConnection events
2024-09-11 09:47:46,351 [FATAL] Updater:334 - Updater called before beeing initialized
2024-09-11 09:47:46,351 [ERROR] CADModel:125 - Updater not yet initialized, retry later 
2024-09-11 09:47:46,712 [INFO] CADModel:165 - CPN selected for project level
2024-09-11 09:47:46,712 [INFO] CADModel:114 - Register for checkConnection events
2024-09-11 09:47:46,712 [FATAL] Updater:334 - Updater called before beeing initialized
2024-09-11 09:47:46,712 [ERROR] CADModel:125 - Updater not yet initialized, retry later 
2024-09-11 09:47:46,716 [FATAL] Updater:334 - Updater called before beeing initialized
2024-09-11 09:47:46,895 [FATAL] Updater:334 - Updater called before beeing initialized
2024-09-11 09:47:46,918 [INFO] DbMcusAds:53 - JSON generation date=Thu May 16 16:22:00 ICT 2024 (1715851320667)
2024-09-11 09:47:46,918 [FATAL] Updater:334 - Updater called before beeing initialized
2024-09-11 09:47:47,106 [WARN] DetailPanel:346 - Failed to get advertising image, set to default
2024-09-11 09:47:47,212 [FATAL] Updater:334 - Updater called before beeing initialized
2024-09-11 09:47:47,215 [FATAL] Updater:334 - Updater called before beeing initialized
2024-09-11 09:47:47,215 [FATAL] Updater:334 - Updater called before beeing initialized
2024-09-11 09:47:47,216 [WARN] DetailPanel:346 - Failed to get advertising image, set to default
2024-09-11 09:47:47,217 [FATAL] Updater:334 - Updater called before beeing initialized
2024-09-11 09:47:47,328 [ERROR] Updater:1164 - MainUpdater not yet initialized. External WinMGr cannot be set.
2024-09-11 09:47:47,351 [INFO] Updater:1100 - Updater Version found : 6.12.0
2024-09-11 09:47:47,374 [INFO] ApplicationProperties:184 - Using Application install path: D:\ST\STM32CubeIDE_1.16.0\STM32CubeIDE\plugins\com.st.stm32cube.common.mx_6.12.0.202406281431
2024-09-11 09:47:47,717 [INFO] ThirdPartyUpdaterWithRetryManager:70 - Updater plugin not ready yet. [3/15]
2024-09-11 09:47:49,018 [ERROR] LogOutputStream:75 - [STDERR_REDIRECT] Sep 11, 2024 9:47:49 AM java.util.prefs.WindowsPreferences <init>
2024-09-11 09:47:49,020 [ERROR] LogOutputStream:75 - [STDERR_REDIRECT] WARNING: Could not open/create prefs root node Software\JavaSoft\Prefs at root 0xffffffff80000002. Windows RegCreateKeyEx(...) returned error code 5.
2024-09-11 09:47:49,020 [ERROR] LogOutputStream:75 - [STDERR_REDIRECT] 
2024-09-11 09:47:49,681 [INFO] MainUpdater:2873 - connection check result : 10
2024-09-11 09:47:49,682 [INFO] MainUpdater:290 - Updater Check For Update Now.
2024-09-11 09:47:49,682 [INFO] MicroXplorer:498 - Change Database Version : DB.6.0.120
2024-09-11 09:47:49,727 [INFO] McuFinderGlobals:63 - Set McuFinder mode to 2 (CubeIDE integrated)
2024-09-11 09:47:49,727 [INFO] UserAuth:179 - activating auth plugin
2024-09-11 09:47:49,733 [INFO] UserAuth:417 - Internet connection configuration mode: 1
2024-09-11 09:47:49,856 [INFO] JxBrowserEngine:152 - Initiate JxBrowser Engine with user profile folder
2024-09-11 09:47:49,998 [INFO] CheckServerUpdateThread:120 - End of CheckServer Thread
2024-09-11 09:47:51,088 [WARN] PackLoader:240 - Cannot read IP mode file for STMicroelectronics.FP-SNS-MOTENVWB1.1.4.0
2024-09-11 09:47:51,137 [WARN] PackLoader:240 - Cannot read IP mode file for STMicroelectronics.X-CUBE-SMBUS.2.1.0
2024-09-11 09:47:51,211 [WARN] PackLoader:240 - Cannot read IP mode file for STMicroelectronics.X-CUBE-AZRTOS-F7.1.1.0
2024-09-11 09:47:51,392 [WARN] PackLoader:240 - Cannot read IP mode file for STMicroelectronics.X-CUBE-MEMS1.11.0.0
2024-09-11 09:47:51,727 [WARN] PackLoader:240 - Cannot read IP mode file for STMicroelectronics.FP-SNS-FLIGHT1.5.0.2
2024-09-11 09:47:51,754 [WARN] PackLoader:240 - Cannot read IP mode file for STMicroelectronics.X-CUBE-DISPLAY.3.0.0
2024-09-11 09:47:51,785 [WARN] PackLoader:240 - Cannot read IP mode file for STMicroelectronics.X-CUBE-BLE1.7.0.0
2024-09-11 09:47:51,811 [WARN] PackLoader:240 - Cannot read IP mode file for emotas.I-CUBE-CANOPEN.1.3.0
2024-09-11 09:47:51,859 [WARN] PackLoader:240 - Cannot read IP mode file for STMicroelectronics.X-CUBE-BLEMGR.3.1.0
2024-09-11 09:47:51,889 [WARN] PackLoader:240 - Cannot read IP mode file for STMicroelectronics.FP-SNS-SMARTAG2.1.2.0
2024-09-11 09:47:51,920 [INFO] LogOutputStream:77 - [STDOUT_REDIRECT] 1 : Invalid condition id : UX_CORESTACK_Condition cause : null
2024-09-11 09:47:51,921 [INFO] LogOutputStream:77 - [STDOUT_REDIRECT] 1 : Invalid condition id : UX_CORESTACK_Condition cause : null
2024-09-11 09:47:51,922 [INFO] LogOutputStream:77 - [STDOUT_REDIRECT] 1 : Invalid condition id : UX_CORESTACK_Condition cause : null
2024-09-11 09:47:51,924 [INFO] LogOutputStream:77 - [STDOUT_REDIRECT] 1 : Invalid condition id : UX_CORESTACK_Condition cause : null
2024-09-11 09:47:51,926 [INFO] LogOutputStream:77 - [STDOUT_REDIRECT] 1 : Invalid condition id : UX_CORESTACK_Condition cause : null
2024-09-11 09:47:51,932 [WARN] PackLoader:240 - Cannot read IP mode file for STMicroelectronics.X-CUBE-AZRTOS-WL.2.0.0
2024-09-11 09:47:51,950 [WARN] PackLoader:240 - Cannot read IP mode file for STMicroelectronics.FP-SNS-MOTENV1.5.0.0
2024-09-11 09:47:51,970 [WARN] PackLoader:240 - Cannot read IP mode file for wolfSSL.I-CUBE-wolfMQTT.1.19.0
2024-09-11 09:47:51,995 [WARN] PackLoader:240 - Cannot read IP mode file for WES.I-CUBE-Cesium.1.3.0
2024-09-11 09:47:52,019 [WARN] PackLoader:240 - Cannot read IP mode file for STMicroelectronics.X-CUBE-BLE2.3.3.0
2024-09-11 09:47:52,043 [WARN] PackLoader:240 - Cannot read IP mode file for STMicroelectronics.X-CUBE-TCPP.4.1.0
2024-09-11 09:47:52,094 [WARN] PackLoader:240 - Cannot read IP mode file for STMicroelectronics.X-CUBE-AZRTOS-G0.1.1.0
2024-09-11 09:47:52,131 [WARN] PackLoader:240 - Cannot read IP mode file for STMicroelectronics.X-CUBE-SAFEA1.1.2.2
2024-09-11 09:47:52,159 [WARN] PackLoader:240 - Cannot read IP mode file for STMicroelectronics.X-CUBE-NFC4.3.0.0
2024-09-11 09:47:52,190 [WARN] PackLoader:240 - Cannot read IP mode file for EmbeddedOffice.I-CUBE-FS-RTOS.1.0.1
2024-09-11 09:47:52,191 [ERROR] ConditionMgr:805 - Attr not supported : Dmpu
2024-09-11 09:47:52,191 [ERROR] ConditionMgr:805 - Attr not supported : Dmpu
2024-09-11 09:47:52,192 [ERROR] ConditionMgr:805 - Attr not supported : Dmpu
2024-09-11 09:47:52,192 [ERROR] ConditionMgr:805 - Attr not supported : Dmpu
2024-09-11 09:47:52,192 [ERROR] ConditionMgr:805 - Attr not supported : Dmpu
2024-09-11 09:47:52,192 [ERROR] ConditionMgr:805 - Attr not supported : Dmpu
2024-09-11 09:47:52,192 [ERROR] ConditionMgr:805 - Attr not supported : Dmpu
2024-09-11 09:47:52,192 [ERROR] ConditionMgr:805 - Attr not supported : Dmpu
2024-09-11 09:47:52,193 [ERROR] ConditionMgr:805 - Attr not supported : Dmpu
2024-09-11 09:47:52,193 [ERROR] ConditionMgr:805 - Attr not supported : Dmpu
2024-09-11 09:47:52,193 [ERROR] ConditionMgr:805 - Attr not supported : Dmpu
2024-09-11 09:47:52,193 [ERROR] ConditionMgr:805 - Attr not supported : Dmpu
2024-09-11 09:47:52,193 [ERROR] ConditionMgr:805 - Attr not supported : Dmpu
2024-09-11 09:47:52,193 [ERROR] ConditionMgr:805 - Attr not supported : Dmpu
2024-09-11 09:47:52,193 [ERROR] ConditionMgr:805 - Attr not supported : Dmpu
2024-09-11 09:47:52,194 [ERROR] ConditionMgr:805 - Attr not supported : Dmpu
2024-09-11 09:47:52,194 [ERROR] ConditionMgr:805 - Attr not supported : Dmpu
2024-09-11 09:47:52,194 [ERROR] ConditionMgr:805 - Attr not supported : Dmpu
2024-09-11 09:47:52,195 [ERROR] ConditionMgr:805 - Attr not supported : Dmpu
2024-09-11 09:47:52,195 [ERROR] ConditionMgr:805 - Attr not supported : Dmpu
2024-09-11 09:47:52,195 [ERROR] ConditionMgr:805 - Attr not supported : Dmpu
2024-09-11 09:47:52,195 [ERROR] ConditionMgr:805 - Attr not supported : Dmpu
2024-09-11 09:47:52,195 [ERROR] ConditionMgr:805 - Attr not supported : Dmpu
2024-09-11 09:47:52,195 [ERROR] ConditionMgr:805 - Attr not supported : Dmpu
2024-09-11 09:47:52,196 [ERROR] ConditionMgr:805 - Attr not supported : Dmpu
2024-09-11 09:47:52,196 [ERROR] ConditionMgr:805 - Attr not supported : Dmpu
2024-09-11 09:47:52,196 [ERROR] ConditionMgr:805 - Attr not supported : Dmpu
2024-09-11 09:47:52,196 [ERROR] ConditionMgr:805 - Attr not supported : Dmpu
2024-09-11 09:47:52,196 [ERROR] ConditionMgr:805 - Attr not supported : Dmpu
2024-09-11 09:47:52,196 [ERROR] ConditionMgr:805 - Attr not supported : Dmpu
2024-09-11 09:47:52,197 [ERROR] ConditionMgr:805 - Attr not supported : Dmpu
2024-09-11 09:47:52,197 [ERROR] ConditionMgr:805 - Attr not supported : Dmpu
2024-09-11 09:47:52,197 [ERROR] ConditionMgr:805 - Attr not supported : Dmpu
2024-09-11 09:47:52,197 [ERROR] ConditionMgr:805 - Attr not supported : Dmpu
2024-09-11 09:47:52,197 [ERROR] ConditionMgr:805 - Attr not supported : Dmpu
2024-09-11 09:47:52,197 [ERROR] ConditionMgr:805 - Attr not supported : Dmpu
2024-09-11 09:47:52,198 [ERROR] ConditionMgr:805 - Attr not supported : Dmpu
2024-09-11 09:47:52,198 [ERROR] ConditionMgr:805 - Attr not supported : Dmpu
2024-09-11 09:47:52,199 [ERROR] ConditionMgr:805 - Attr not supported : Dmpu
2024-09-11 09:47:52,199 [ERROR] ConditionMgr:805 - Attr not supported : Dmpu
2024-09-11 09:47:52,199 [ERROR] ConditionMgr:805 - Attr not supported : Dmpu
2024-09-11 09:47:52,199 [ERROR] ConditionMgr:805 - Attr not supported : Dmpu
2024-09-11 09:47:52,199 [ERROR] ConditionMgr:805 - Attr not supported : Dmpu
2024-09-11 09:47:52,199 [ERROR] ConditionMgr:805 - Attr not supported : Dmpu
2024-09-11 09:47:52,200 [ERROR] ConditionMgr:805 - Attr not supported : Dmpu
2024-09-11 09:47:52,200 [ERROR] ConditionMgr:805 - Attr not supported : Dmpu
2024-09-11 09:47:52,200 [ERROR] ConditionMgr:805 - Attr not supported : Dmpu
2024-09-11 09:47:52,200 [ERROR] ConditionMgr:805 - Attr not supported : Dmpu
2024-09-11 09:47:52,200 [ERROR] ConditionMgr:805 - Attr not supported : Dmpu
2024-09-11 09:47:52,200 [ERROR] ConditionMgr:805 - Attr not supported : Dmpu
2024-09-11 09:47:52,200 [ERROR] ConditionMgr:805 - Attr not supported : Dmpu
2024-09-11 09:47:52,201 [ERROR] ConditionMgr:805 - Attr not supported : Dmpu
2024-09-11 09:47:52,201 [ERROR] ConditionMgr:805 - Attr not supported : Dmpu
2024-09-11 09:47:52,201 [ERROR] ConditionMgr:805 - Attr not supported : Dmpu
2024-09-11 09:47:52,201 [ERROR] ConditionMgr:805 - Attr not supported : Dmpu
2024-09-11 09:47:52,201 [ERROR] ConditionMgr:805 - Attr not supported : Dmpu
2024-09-11 09:47:52,201 [ERROR] ConditionMgr:805 - Attr not supported : Dmpu
2024-09-11 09:47:52,201 [ERROR] ConditionMgr:805 - Attr not supported : Dmpu
2024-09-11 09:47:52,201 [ERROR] ConditionMgr:805 - Attr not supported : Dmpu
2024-09-11 09:47:52,202 [ERROR] ConditionMgr:805 - Attr not supported : Dmpu
2024-09-11 09:47:52,202 [ERROR] ConditionMgr:805 - Attr not supported : Dmpu
2024-09-11 09:47:52,202 [ERROR] ConditionMgr:805 - Attr not supported : Dmpu
2024-09-11 09:47:52,202 [ERROR] ConditionMgr:805 - Attr not supported : Dmpu
2024-09-11 09:47:52,202 [ERROR] ConditionMgr:805 - Attr not supported : Dmpu
2024-09-11 09:47:52,225 [WARN] PackLoader:240 - Cannot read IP mode file for RealThread.X-CUBE-RT-Thread_Nano.4.1.1
2024-09-11 09:47:52,246 [WARN] PackLoader:240 - Cannot read IP mode file for STMicroelectronics.FP-ATR-SIGFOX1.3.2.0
2024-09-11 09:47:52,261 [WARN] PackLoader:240 - Cannot read IP mode file for wolfSSL.I-CUBE-wolfSSL.5.7.2
2024-09-11 09:47:52,281 [WARN] PackLoader:240 - Cannot read IP mode file for STMicroelectronics.X-CUBE-EEPRMA1.5.1.0
2024-09-11 09:47:52,306 [WARN] PackLoader:240 - Cannot read IP mode file for ITTIA_DB.I-CUBE-ITTIADB.8.9.0
2024-09-11 09:47:52,369 [WARN] PackLoader:240 - Cannot read IP mode file for SEGGER.I-CUBE-embOS.1.3.1
2024-09-11 09:47:52,467 [WARN] PackLoader:240 - Cannot read IP mode file for STMicroelectronics.X-CUBE-ALGOBUILD.1.4.0
2024-09-11 09:47:52,491 [WARN] PackLoader:240 - Cannot read IP mode file for STMicroelectronics.X-CUBE-GNSS1.6.0.0
2024-09-11 09:47:52,559 [WARN] PackLoader:240 - Cannot read IP mode file for STMicroelectronics.X-CUBE-AZRTOS-F4.1.1.0
2024-09-11 09:47:52,585 [WARN] PackLoader:240 - Cannot read IP mode file for STMicroelectronics.X-CUBE-FREERTOS.1.2.0
2024-09-11 09:47:52,638 [WARN] PackLoader:240 - Cannot read IP mode file for STMicroelectronics.X-CUBE-AZRTOS-L5.2.0.0
2024-09-11 09:47:52,684 [WARN] PackLoader:240 - Cannot read IP mode file for STMicroelectronics.X-CUBE-NFC6.3.1.0
2024-09-11 09:47:52,725 [WARN] PackLoader:240 - Cannot read IP mode file for STMicroelectronics.X-CUBE-DPower.1.2.0
2024-09-11 09:47:52,778 [WARN] PackLoader:240 - Cannot read IP mode file for STMicroelectronics.X-CUBE-AI.9.0.0
2024-09-11 09:47:52,807 [WARN] PackLoader:240 - Cannot read IP mode file for STMicroelectronics.X-CUBE-NFC7.1.0.1
2024-09-11 09:47:52,831 [WARN] PackLoader:240 - Cannot read IP mode file for wolfSSL.I-CUBE-wolfTPM.3.2.0
2024-09-11 09:47:52,886 [WARN] ConditionMgr:438 - getConditionDescription Invalid condition id : LAN8742 Phy interface Condition cause : null
2024-09-11 09:47:52,887 [WARN] PackLoader:240 - Cannot read IP mode file for STMicroelectronics.X-CUBE-AZRTOS-L4.2.0.0
2024-09-11 09:47:52,890 [WARN] ConditionMgr:1039 - genDependencies : Invalid condition id : LAN8742 Phy interface Condition cause : null
2024-09-11 09:47:52,890 [WARN] ConditionMgr:1039 - genDependencies : Invalid condition id : LAN8742 Phy interface Condition cause : null
2024-09-11 09:47:52,891 [WARN] ConditionMgr:1039 - genDependencies : Invalid condition id : LAN8742 Phy interface Condition cause : null
2024-09-11 09:47:52,916 [WARN] PackLoader:240 - Cannot read IP mode file for STMicroelectronics.X-CUBE-SFXS2LP1.4.0.0
2024-09-11 09:47:52,984 [WARN] PackLoader:240 - Cannot read IP mode file for STMicroelectronics.X-CUBE-AZRTOS-H7.3.3.0
2024-09-11 09:47:53,059 [WARN] ConditionMgr:438 - getConditionDescription Invalid condition id : UX DEVICE CLASS RTOS Condition cause : null
2024-09-11 09:47:53,059 [WARN] ConditionMgr:438 - getConditionDescription Invalid condition id : UX DEVICE CLASS RTOS Condition cause : null
2024-09-11 09:47:53,064 [WARN] PackLoader:240 - Cannot read IP mode file for STMicroelectronics.X-CUBE-AZRTOS-WB.2.0.0
2024-09-11 09:47:53,065 [WARN] ConditionMgr:1039 - genDependencies : Invalid condition id : UX DEVICE CLASS RTOS Condition cause : null
2024-09-11 09:47:53,066 [WARN] ConditionMgr:1039 - genDependencies : Invalid condition id : UX DEVICE CLASS RTOS Condition cause : null
2024-09-11 09:47:53,066 [WARN] ConditionMgr:1039 - genDependencies : Invalid condition id : UX DEVICE CLASS RTOS Condition cause : null
2024-09-11 09:47:53,069 [WARN] ConditionMgr:1039 - genDependencies : Invalid condition id : UX DEVICE CLASS RTOS Condition cause : null
2024-09-11 09:47:53,069 [WARN] ConditionMgr:1039 - genDependencies : Invalid condition id : UX DEVICE CLASS RTOS Condition cause : null
2024-09-11 09:47:53,217 [WARN] PackLoader:240 - Cannot read IP mode file for STMicroelectronics.FP-SNS-STBOX1.2.0.0
2024-09-11 09:47:53,282 [WARN] PackLoader:240 - Cannot read IP mode file for STMicroelectronics.X-CUBE-SUBG2.5.0.0
2024-09-11 09:47:53,311 [WARN] PackLoader:240 - Cannot read IP mode file for Cesanta.I-CUBE-Mongoose.7.13.0
2024-09-11 09:47:53,354 [WARN] PackLoader:240 - Cannot read IP mode file for STMicroelectronics.X-CUBE-AZRTOS-G4.2.0.0
2024-09-11 09:47:53,380 [WARN] PackLoader:240 - Cannot read IP mode file for STMicroelectronics.X-CUBE-ISPU.2.0.0
2024-09-11 09:47:53,402 [WARN] PackLoader:240 - Cannot read IP mode file for STMicroelectronics.X-CUBE-ALS.1.0.2
2024-09-11 09:47:53,490 [WARN] PackLoader:240 - Cannot read IP mode file for STMicroelectronics.X-CUBE-MEMS1.10.0.0
2024-09-11 09:47:53,711 [WARN] PackLoader:240 - Cannot read IP mode file for STMicroelectronics.X-CUBE-TOUCHGFX.4.24.0
2024-09-11 09:47:53,730 [WARN] PackLoader:240 - Cannot read IP mode file for portGmbH.I-Cube-SoM-uGOAL.1.1.0
2024-09-11 09:47:53,782 [WARN] PackLoader:240 - Cannot read IP mode file for STMicroelectronics.X-CUBE-AZRTOS-H7RS.1.0.0
2024-09-11 09:47:53,804 [WARN] PackLoader:240 - Cannot read IP mode file for STMicroelectronics.FP-ATR-ASTRA1.2.0.0
2024-09-11 09:47:53,853 [WARN] PackLoader:240 - Cannot read IP mode file for STMicroelectronics.X-CUBE-TOF1.3.4.2
2024-09-11 09:47:53,931 [WARN] PackLoader:240 - Cannot read IP mode file for STMicroelectronics.X-CUBE-AZRTOS-H7.3.2.0
2024-09-11 09:47:53,981 [WARN] PackLoader:240 - Cannot read IP mode file for Infineon.AIROC-Wi-Fi-Bluetooth-STM32.1.6.0
2024-09-11 09:47:54,006 [WARN] PackLoader:240 - Cannot read IP mode file for wolfSSL.I-CUBE-wolfSSH.1.4.17
2024-09-11 09:47:54,008 [INFO] ThirdParty:978 - Integrity check success = true
2024-09-11 09:47:54,008 [INFO] IntegrityCheckThread:100 - exiting critical section [integrity check]
2024-09-11 09:47:54,008 [INFO] IntegrityCheckThread:103 - End integrity checks thread
2024-09-11 09:47:57,468 [INFO] WebApp:167 - Instantiating new browser for Auth
2024-09-11 09:47:58,908 [INFO] WebApp:448 - Apply proxy settings
2024-09-11 09:47:58,910 [INFO] WebApp:533 - Chromium requires no authentication
2024-09-11 09:47:58,939 [INFO] WebApp:476 - Direct internet connection detected
2024-09-11 09:47:58,997 [INFO] WebApp:869 - Register for checkConnection events
2024-09-11 09:47:58,998 [INFO] WebApp:448 - Apply proxy settings
2024-09-11 09:47:58,998 [INFO] WebApp:533 - Chromium requires no authentication
2024-09-11 09:47:58,998 [INFO] WebApp:476 - Direct internet connection detected
2024-09-11 09:47:59,268 [INFO] WebApp:220 - Starting web application
2024-09-11 09:47:59,268 [INFO] WebApp:578 - Web application path used D:\ST\STM32CubeIDE_1.16.0\STM32CubeIDE\plugins\com.st.stm32cube.common.mx_6.12.0.202406281431\db\plugins\mcufinder\reactClient1\index.html
2024-09-11 09:47:59,498 [INFO] WebApp:186 - Connection restablished
2024-09-11 10:33:12,659 [ERROR] LogOutputStream:75 - [STDERR_REDIRECT] 
2024-09-11 10:34:55,313 [INFO] Activator:176 - 


2024-09-11 10:34:55,341 [INFO] Activator:177 - !SESSION log4j initialized
2024-09-11 10:35:07,693 [INFO] LogOutputStream:77 - [STDOUT_REDIRECT] 
2024-09-11 10:35:22,839 [INFO] ApplicationProperties:184 - Using Application install path: D:\ST\STM32CubeIDE_1.16.0\STM32CubeIDE\plugins\com.st.stm32cube.common.mx_6.12.0.202406281431
2024-09-11 10:35:22,917 [INFO] DbMcusXml:78 - Set database path to: D:\ST\STM32CubeIDE_1.16.0\STM32CubeIDE\plugins\com.st.stm32cube.common.mx_6.12.0.202406281431\\db\/mcu/
2024-09-11 10:35:22,917 [INFO] ApiDb:274 - Set plugin database path to: D:\ST\STM32CubeIDE_1.16.0\STM32CubeIDE\plugins\com.st.stm32cube.common.mx_6.12.0.202406281431\\db\/plugins/boardmanager/
2024-09-11 10:35:22,917 [WARN] ApiDb:259 - Overriding images path with different value:  => D:\ST\STM32CubeIDE_1.16.0\STM32CubeIDE\plugins\com.st.stm32cube.common.mx_6.12.0.202406281431\\db\/plugins/mcufinder/images/
2024-09-11 10:35:22,995 [INFO] ApiDb:250 - Set database path to: C:\Users\Asus\.stmcufinder\plugins\mcufinder//mcu/
2024-09-11 10:35:22,998 [INFO] DbMcusAds:125 - Set database path to: C:\Users\Asus\.stmcufinder\plugins\mcufinder//mcu/
2024-09-11 10:35:23,015 [INFO] CrossReferenceDbSqlite:203 - Set database path to: C:\Users\Asus\.stmcufinder\plugins\mcufinder//mcu/cs/
2024-09-11 10:35:23,302 [INFO] RulesReader:64 - Compatibility file has been processed (297 Rules)
2024-09-11 10:35:23,527 [INFO] DbMcusXml:78 - Set database path to: D:\ST\STM32CubeIDE_1.16.0\STM32CubeIDE\plugins\com.st.stm32cube.common.mx_6.12.0.202406281431\\db\/mcu/
2024-09-11 10:35:23,527 [INFO] ApiDb:274 - Set plugin database path to: D:\ST\STM32CubeIDE_1.16.0\STM32CubeIDE\plugins\com.st.stm32cube.common.mx_6.12.0.202406281431\\db\/plugins/boardmanager/
2024-09-11 10:35:23,527 [INFO] ApiDb:261 - Set plugin images path to: D:\ST\STM32CubeIDE_1.16.0\STM32CubeIDE\plugins\com.st.stm32cube.common.mx_6.12.0.202406281431\\db\/plugins/mcufinder/images/
2024-09-11 10:35:23,528 [WARN] DbFile:41 - Overriding database path with different value: C:\Users\Asus\.stmcufinder\plugins\mcufinder/ => C:\Users\Asus\.stmcufinder\plugins\mcufinder
2024-09-11 10:35:23,528 [INFO] ApiDb:250 - Set database path to: C:\Users\Asus\.stmcufinder\plugins\mcufinder//mcu/
2024-09-11 10:35:23,528 [WARN] DbFile:41 - Overriding database path with different value: C:\Users\Asus\.stmcufinder\plugins\mcufinder/ => C:\Users\Asus\.stmcufinder\plugins\mcufinder
2024-09-11 10:35:23,528 [INFO] DbMcusAds:125 - Set database path to: C:\Users\Asus\.stmcufinder\plugins\mcufinder//mcu/
2024-09-11 10:35:23,529 [WARN] DbFile:41 - Overriding database path with different value: C:\Users\Asus\.stmcufinder\plugins\mcufinder/ => C:\Users\Asus\.stmcufinder\plugins\mcufinder
2024-09-11 10:35:23,529 [WARN] DbFile:41 - Overriding database path with different value: C:\Users\Asus\.stmcufinder\plugins\mcufinder/ => C:\Users\Asus\.stmcufinder\plugins\mcufinder
2024-09-11 10:35:23,529 [INFO] CrossReferenceDbSqlite:203 - Set database path to: C:\Users\Asus\.stmcufinder\plugins\mcufinder//mcu/cs/
2024-09-11 10:35:23,800 [INFO] MainPanel:268 - HeapMemory: 268435456
2024-09-11 10:35:24,259 [INFO] DbMcusXml:78 - Set database path to: D:\ST\STM32CubeIDE_1.16.0\STM32CubeIDE\plugins\com.st.stm32cube.common.mx_6.12.0.202406281431\\db\/mcu/
2024-09-11 10:35:24,259 [INFO] ApiDb:274 - Set plugin database path to: D:\ST\STM32CubeIDE_1.16.0\STM32CubeIDE\plugins\com.st.stm32cube.common.mx_6.12.0.202406281431\\db\/plugins/boardmanager/
2024-09-11 10:35:24,259 [INFO] ApiDb:261 - Set plugin images path to: D:\ST\STM32CubeIDE_1.16.0\STM32CubeIDE\plugins\com.st.stm32cube.common.mx_6.12.0.202406281431\\db\/plugins/mcufinder/images/
2024-09-11 10:35:24,260 [WARN] DbFile:41 - Overriding database path with different value: C:\Users\Asus\.stmcufinder\plugins\mcufinder/ => C:\Users\Asus\.stmcufinder\plugins\mcufinder
2024-09-11 10:35:24,260 [INFO] ApiDb:250 - Set database path to: C:\Users\Asus\.stmcufinder\plugins\mcufinder//mcu/
2024-09-11 10:35:24,260 [WARN] DbFile:41 - Overriding database path with different value: C:\Users\Asus\.stmcufinder\plugins\mcufinder/ => C:\Users\Asus\.stmcufinder\plugins\mcufinder
2024-09-11 10:35:24,260 [INFO] DbMcusAds:125 - Set database path to: C:\Users\Asus\.stmcufinder\plugins\mcufinder//mcu/
2024-09-11 10:35:24,260 [WARN] DbFile:41 - Overriding database path with different value: C:\Users\Asus\.stmcufinder\plugins\mcufinder/ => C:\Users\Asus\.stmcufinder\plugins\mcufinder
2024-09-11 10:35:24,262 [WARN] DbFile:41 - Overriding database path with different value: C:\Users\Asus\.stmcufinder\plugins\mcufinder/ => C:\Users\Asus\.stmcufinder\plugins\mcufinder
2024-09-11 10:35:24,262 [INFO] CrossReferenceDbSqlite:203 - Set database path to: C:\Users\Asus\.stmcufinder\plugins\mcufinder//mcu/cs/
2024-09-11 10:35:24,297 [INFO] ApplicationProperties:184 - Using Application install path: D:\ST\STM32CubeIDE_1.16.0\STM32CubeIDE\plugins\com.st.stm32cube.common.mx_6.12.0.202406281431
2024-09-11 10:35:24,298 [INFO] PluginManage:196 - Search for loadable plugins [exclusion list=, ]
2024-09-11 10:35:24,301 [INFO] PluginManage:310 - Check plugin analytics
2024-09-11 10:35:34,323 [INFO] AnalyticsPlugin:253 - Accepted Software Licenses: 
2024-09-11 10:35:34,324 [INFO] AnalyticsPlugin:255 - Accepted CMSIS Pack Licenses: 
2024-09-11 10:35:34,324 [INFO] AnalyticsPlugin:257 - Accepted Firmware Licenses: 
2024-09-11 10:35:34,329 [INFO] PluginManage:359 - Loaded plugin analytics (category:tool,tabindex:-1)
2024-09-11 10:35:34,330 [INFO] PluginManage:310 - Check plugin cadmodel
2024-09-11 10:35:34,390 [INFO] CADModel:105 - Init CAD model plugin
2024-09-11 10:35:34,391 [INFO] PluginManage:359 - Loaded plugin cadmodel (category:power,tabindex:5)
2024-09-11 10:35:34,391 [INFO] PluginManage:310 - Check plugin clock
2024-09-11 10:35:34,428 [INFO] PluginManage:359 - Loaded plugin clock (category:base,tabindex:2)
2024-09-11 10:35:34,429 [INFO] PluginManage:310 - Check plugin ddr
2024-09-11 10:35:34,457 [INFO] PluginManage:359 - Loaded plugin ddr (category:tool,tabindex:6)
2024-09-11 10:35:34,457 [INFO] PluginManage:310 - Check plugin filemanager
2024-09-11 10:35:34,838 [INFO] PluginManage:359 - Loaded plugin filemanager (category:base,tabindex:10)
2024-09-11 10:35:34,839 [INFO] PluginManage:310 - Check plugin ipmanager
2024-09-11 10:35:34,852 [INFO] PluginManage:359 - Loaded plugin ipmanager (category:base,tabindex:5)
2024-09-11 10:35:34,852 [INFO] PluginManage:310 - Check plugin lpbam
2024-09-11 10:35:34,911 [INFO] PluginManage:359 - Loaded plugin lpbam (category:base,tabindex:0)
2024-09-11 10:35:34,912 [INFO] PluginManage:310 - Check plugin memorymap
2024-09-11 10:35:34,951 [INFO] PluginManage:359 - Loaded plugin memorymap (category:base,tabindex:4)
2024-09-11 10:35:34,951 [INFO] PluginManage:310 - Check plugin pinoutandconfiguration
2024-09-11 10:35:34,979 [INFO] PluginManage:359 - Loaded plugin pinoutandconfiguration (category:base,tabindex:1)
2024-09-11 10:35:34,979 [INFO] PluginManage:310 - Check plugin pinoutconfig
2024-09-11 10:35:35,200 [WARN] SupportedApi:132 - Cannot load RTOS API schema: s4s-elt-must-match.1: The content of 'definitions' must match (annotation?, (simpleType | complexType)?, (unique | key | keyref)*)). A problem was found starting at: attribute.
2024-09-11 10:35:35,544 [INFO] PluginManage:359 - Loaded plugin pinoutconfig (category:base,tabindex:0)
2024-09-11 10:35:35,544 [INFO] PluginManage:310 - Check plugin power
2024-09-11 10:35:35,600 [INFO] PluginManage:359 - Loaded plugin power (category:power,tabindex:4)
2024-09-11 10:35:35,600 [INFO] PluginManage:310 - Check plugin projectmanager
2024-09-11 10:35:35,642 [INFO] PluginManage:359 - Loaded plugin projectmanager (category:projectmanager,tabindex:4)
2024-09-11 10:35:35,642 [INFO] PluginManage:310 - Check plugin rif
2024-09-11 10:35:35,672 [INFO] PluginManage:359 - Loaded plugin rif (category:base,tabindex:3)
2024-09-11 10:35:35,673 [INFO] PluginManage:310 - Check plugin thirdparty
2024-09-11 10:35:36,140 [INFO] PluginManage:359 - Loaded plugin thirdparty (category:base,tabindex:-1)
2024-09-11 10:35:36,140 [INFO] PluginManage:310 - Check plugin tools
2024-09-11 10:35:36,140 [WARN] IntegrityCheckThread:84 - waiting for thirdparty lock release [integrity check]
2024-09-11 10:35:36,141 [INFO] IntegrityCheckThread:86 - entering critical section [integrity check]
2024-09-11 10:35:36,143 [INFO] ThirdPartyUpdaterWithRetryManager:70 - Updater plugin not ready yet. [1/15]
2024-09-11 10:35:36,161 [INFO] PluginManage:359 - Loaded plugin tools (category:base,tabindex:7)
2024-09-11 10:35:36,161 [INFO] PluginManage:310 - Check plugin tutovideos
2024-09-11 10:35:36,618 [INFO] PluginManage:359 - Loaded plugin tutovideos (category:base,tabindex:-1)
2024-09-11 10:35:36,618 [INFO] PluginManage:310 - Check plugin updater
2024-09-11 10:35:36,672 [INFO] PluginManage:359 - Loaded plugin updater (category:base,tabindex:12)
2024-09-11 10:35:36,673 [INFO] PluginManage:310 - Check plugin userauth
2024-09-11 10:35:36,699 [INFO] UserAuth:113 - Init User Auth plugin
2024-09-11 10:35:36,700 [INFO] PluginManage:359 - Loaded plugin userauth (category:base,tabindex:14)
2024-09-11 10:35:36,701 [INFO] PluginManage:283 - PluginManage : Loaded plugins [18]
2024-09-11 10:35:37,199 [INFO] PinOutPanel:1561 - setPackage(No Configuration,No Configuration)
2024-09-11 10:35:37,433 [INFO] CADModel:165 - CPN selected for project level
2024-09-11 10:35:37,434 [INFO] CADModel:114 - Register for checkConnection events
2024-09-11 10:35:37,522 [INFO] IPUIPlugin:80 - create IPUIPlugin
2024-09-11 10:35:37,522 [INFO] PluginManager:220 - loadIPPluginJar : add adc
2024-09-11 10:35:37,526 [INFO] IPUIPlugin:80 - create IPUIPlugin
2024-09-11 10:35:37,526 [INFO] PluginManager:220 - loadIPPluginJar : add aes
2024-09-11 10:35:37,543 [INFO] IPUIPlugin:80 - create IPUIPlugin
2024-09-11 10:35:37,543 [INFO] PluginManager:220 - loadIPPluginJar : add can
2024-09-11 10:35:37,556 [INFO] IPUIPlugin:80 - create IPUIPlugin
2024-09-11 10:35:37,556 [INFO] PluginManager:220 - loadIPPluginJar : add comp
2024-09-11 10:35:37,570 [INFO] IPUIPlugin:80 - create IPUIPlugin
2024-09-11 10:35:37,570 [INFO] PluginManager:220 - loadIPPluginJar : add cryp
2024-09-11 10:35:37,614 [INFO] IPUIPlugin:80 - create IPUIPlugin
2024-09-11 10:35:37,614 [INFO] PluginManager:220 - loadIPPluginJar : add ddr_ctrl_phy
2024-09-11 10:35:37,619 [INFO] IPUIPlugin:80 - create IPUIPlugin
2024-09-11 10:35:37,619 [INFO] PluginManager:220 - loadIPPluginJar : add dfsdm
2024-09-11 10:35:37,644 [INFO] IPUIPlugin:80 - create IPUIPlugin
2024-09-11 10:35:37,645 [INFO] PluginManager:220 - loadIPPluginJar : add dma
2024-09-11 10:35:37,651 [INFO] IPUIPlugin:80 - create IPUIPlugin
2024-09-11 10:35:37,651 [INFO] PluginManager:220 - loadIPPluginJar : add dma3
2024-09-11 10:35:37,665 [INFO] IPUIPlugin:80 - create IPUIPlugin
2024-09-11 10:35:37,665 [INFO] PluginManager:220 - loadIPPluginJar : add extmemmanager
2024-09-11 10:35:37,683 [INFO] IPUIPlugin:80 - create IPUIPlugin
2024-09-11 10:35:37,683 [INFO] PluginManager:220 - loadIPPluginJar : add fatfs
2024-09-11 10:35:37,694 [INFO] IPUIPlugin:80 - create IPUIPlugin
2024-09-11 10:35:37,694 [INFO] PluginManager:220 - loadIPPluginJar : add fmc
2024-09-11 10:35:37,713 [INFO] IPUIPlugin:80 - create IPUIPlugin
2024-09-11 10:35:37,713 [INFO] PluginManager:220 - loadIPPluginJar : add freertos
2024-09-11 10:35:37,726 [INFO] IPUIPlugin:80 - create IPUIPlugin
2024-09-11 10:35:37,726 [INFO] PluginManager:220 - loadIPPluginJar : add genericplugin
2024-09-11 10:35:37,759 [INFO] IPUIPlugin:80 - create IPUIPlugin
2024-09-11 10:35:37,759 [INFO] PluginManager:220 - loadIPPluginJar : add gfxmmu
2024-09-11 10:35:37,768 [INFO] IPUIPlugin:80 - create IPUIPlugin
2024-09-11 10:35:37,768 [INFO] PluginManager:220 - loadIPPluginJar : add gic
2024-09-11 10:35:37,793 [INFO] IPUIPlugin:80 - create IPUIPlugin
2024-09-11 10:35:37,793 [INFO] PluginManager:220 - loadIPPluginJar : add gpio
2024-09-11 10:35:37,813 [INFO] IPUIPlugin:80 - create IPUIPlugin
2024-09-11 10:35:37,814 [INFO] PluginManager:220 - loadIPPluginJar : add gtzc
2024-09-11 10:35:37,820 [INFO] IPUIPlugin:80 - create IPUIPlugin
2024-09-11 10:35:37,821 [INFO] PluginManager:220 - loadIPPluginJar : add hash
2024-09-11 10:35:37,826 [INFO] IPUIPlugin:80 - create IPUIPlugin
2024-09-11 10:35:37,826 [INFO] PluginManager:220 - loadIPPluginJar : add i2c
2024-09-11 10:35:37,845 [INFO] IPUIPlugin:80 - create IPUIPlugin
2024-09-11 10:35:37,845 [INFO] PluginManager:220 - loadIPPluginJar : add i2s
2024-09-11 10:35:37,849 [INFO] IPUIPlugin:80 - create IPUIPlugin
2024-09-11 10:35:37,849 [INFO] PluginManager:220 - loadIPPluginJar : add i3c
2024-09-11 10:35:37,858 [INFO] IPUIPlugin:80 - create IPUIPlugin
2024-09-11 10:35:37,858 [INFO] PluginManager:220 - loadIPPluginJar : add ipddr
2024-09-11 10:35:37,872 [INFO] IPUIPlugin:80 - create IPUIPlugin
2024-09-11 10:35:37,872 [INFO] PluginManager:220 - loadIPPluginJar : add linkedlist
2024-09-11 10:35:37,891 [INFO] IPUIPlugin:80 - create IPUIPlugin
2024-09-11 10:35:37,892 [INFO] PluginManager:220 - loadIPPluginJar : add lorawan
2024-09-11 10:35:37,909 [INFO] IPUIPlugin:80 - create IPUIPlugin
2024-09-11 10:35:37,909 [INFO] PluginManager:220 - loadIPPluginJar : add ltdc
2024-09-11 10:35:37,928 [INFO] IPUIPlugin:80 - create IPUIPlugin
2024-09-11 10:35:37,928 [INFO] PluginManager:220 - loadIPPluginJar : add mdma
2024-09-11 10:35:37,932 [INFO] IPUIPlugin:80 - create IPUIPlugin
2024-09-11 10:35:37,933 [INFO] PluginManager:220 - loadIPPluginJar : add nvic
2024-09-11 10:35:37,941 [INFO] IPUIPlugin:80 - create IPUIPlugin
2024-09-11 10:35:37,942 [INFO] PluginManager:220 - loadIPPluginJar : add opamp
2024-09-11 10:35:37,946 [INFO] IPUIPlugin:80 - create IPUIPlugin
2024-09-11 10:35:37,946 [INFO] PluginManager:220 - loadIPPluginJar : add openamp
2024-09-11 10:35:37,950 [INFO] IPUIPlugin:80 - create IPUIPlugin
2024-09-11 10:35:37,950 [INFO] PluginManager:220 - loadIPPluginJar : add pdm2pcm
2024-09-11 10:35:37,975 [INFO] IPUIPlugin:80 - create IPUIPlugin
2024-09-11 10:35:37,977 [INFO] PluginManager:220 - loadIPPluginJar : add plateformsettings
2024-09-11 10:35:37,980 [INFO] IPUIPlugin:80 - create IPUIPlugin
2024-09-11 10:35:37,981 [INFO] PluginManager:220 - loadIPPluginJar : add quadspi
2024-09-11 10:35:37,984 [INFO] IPUIPlugin:80 - create IPUIPlugin
2024-09-11 10:35:37,987 [INFO] PluginManager:220 - loadIPPluginJar : add radio
2024-09-11 10:35:38,011 [INFO] IPUIPlugin:80 - create IPUIPlugin
2024-09-11 10:35:38,011 [INFO] PluginManager:220 - loadIPPluginJar : add resmgrutility
2024-09-11 10:35:38,030 [INFO] IPUIPlugin:80 - create IPUIPlugin
2024-09-11 10:35:38,031 [INFO] PluginManager:220 - loadIPPluginJar : add sai
2024-09-11 10:35:38,038 [INFO] IPUIPlugin:80 - create IPUIPlugin
2024-09-11 10:35:38,039 [INFO] PluginManager:220 - loadIPPluginJar : add spi
2024-09-11 10:35:38,063 [INFO] IPUIPlugin:80 - create IPUIPlugin
2024-09-11 10:35:38,063 [INFO] PluginManager:220 - loadIPPluginJar : add stm32_wpan
2024-09-11 10:35:38,074 [INFO] IPUIPlugin:80 - create IPUIPlugin
2024-09-11 10:35:38,075 [INFO] PluginManager:220 - loadIPPluginJar : add tim
2024-09-11 10:35:38,081 [INFO] IPUIPlugin:80 - create IPUIPlugin
2024-09-11 10:35:38,082 [INFO] PluginManager:220 - loadIPPluginJar : add touchsensing
2024-09-11 10:35:38,097 [INFO] IPUIPlugin:80 - create IPUIPlugin
2024-09-11 10:35:38,097 [INFO] PluginManager:220 - loadIPPluginJar : add tracer_emb
2024-09-11 10:35:38,101 [INFO] IPUIPlugin:80 - create IPUIPlugin
2024-09-11 10:35:38,101 [INFO] PluginManager:220 - loadIPPluginJar : add ts
2024-09-11 10:35:38,105 [INFO] IPUIPlugin:80 - create IPUIPlugin
2024-09-11 10:35:38,106 [INFO] PluginManager:220 - loadIPPluginJar : add tsc
2024-09-11 10:35:38,111 [INFO] IPUIPlugin:80 - create IPUIPlugin
2024-09-11 10:35:38,111 [INFO] PluginManager:220 - loadIPPluginJar : add ucpd
2024-09-11 10:35:38,117 [INFO] IPUIPlugin:80 - create IPUIPlugin
2024-09-11 10:35:38,117 [INFO] PluginManager:220 - loadIPPluginJar : add usart
2024-09-11 10:35:38,124 [INFO] IPUIPlugin:80 - create IPUIPlugin
2024-09-11 10:35:38,124 [INFO] PluginManager:220 - loadIPPluginJar : add usbx
2024-09-11 10:35:38,317 [INFO] CADModel:165 - CPN selected for project level
2024-09-11 10:35:38,317 [INFO] CADModel:114 - Register for checkConnection events
2024-09-11 10:35:38,318 [FATAL] Updater:334 - Updater called before beeing initialized
2024-09-11 10:35:38,318 [ERROR] CADModel:125 - Updater not yet initialized, retry later 
2024-09-11 10:35:38,667 [INFO] CADModel:165 - CPN selected for project level
2024-09-11 10:35:38,668 [INFO] CADModel:114 - Register for checkConnection events
2024-09-11 10:35:38,668 [FATAL] Updater:334 - Updater called before beeing initialized
2024-09-11 10:35:38,668 [ERROR] CADModel:125 - Updater not yet initialized, retry later 
2024-09-11 10:35:38,677 [FATAL] Updater:334 - Updater called before beeing initialized
2024-09-11 10:35:38,951 [FATAL] Updater:334 - Updater called before beeing initialized
2024-09-11 10:35:38,961 [INFO] DbMcusAds:53 - JSON generation date=Thu May 16 16:22:00 ICT 2024 (1715851320667)
2024-09-11 10:35:38,961 [FATAL] Updater:334 - Updater called before beeing initialized
2024-09-11 10:35:39,158 [INFO] ThirdPartyUpdaterWithRetryManager:70 - Updater plugin not ready yet. [2/15]
2024-09-11 10:35:39,219 [WARN] DetailPanel:346 - Failed to get advertising image, set to default
2024-09-11 10:35:39,384 [FATAL] Updater:334 - Updater called before beeing initialized
2024-09-11 10:35:39,389 [FATAL] Updater:334 - Updater called before beeing initialized
2024-09-11 10:35:39,390 [FATAL] Updater:334 - Updater called before beeing initialized
2024-09-11 10:35:39,390 [WARN] DetailPanel:346 - Failed to get advertising image, set to default
2024-09-11 10:35:39,391 [FATAL] Updater:334 - Updater called before beeing initialized
2024-09-11 10:35:39,589 [ERROR] Updater:1164 - MainUpdater not yet initialized. External WinMGr cannot be set.
2024-09-11 10:35:39,608 [INFO] Updater:1100 - Updater Version found : 6.12.0
2024-09-11 10:35:39,648 [INFO] ApplicationProperties:184 - Using Application install path: D:\ST\STM32CubeIDE_1.16.0\STM32CubeIDE\plugins\com.st.stm32cube.common.mx_6.12.0.202406281431
2024-09-11 10:35:41,311 [ERROR] LogOutputStream:75 - [STDERR_REDIRECT] Sep 11, 2024 10:35:41 AM java.util.prefs.WindowsPreferences <init>
2024-09-11 10:35:41,313 [ERROR] LogOutputStream:75 - [STDERR_REDIRECT] WARNING: Could not open/create prefs root node Software\JavaSoft\Prefs at root 0xffffffff80000002. Windows RegCreateKeyEx(...) returned error code 5.
2024-09-11 10:35:41,314 [ERROR] LogOutputStream:75 - [STDERR_REDIRECT] 
2024-09-11 10:35:42,169 [FATAL] Updater:334 - Updater called before beeing initialized
2024-09-11 10:35:42,170 [ERROR] IntegrityCheckThread:130 - Cannot retrieve database content from updater: error 21
2024-09-11 10:35:42,170 [INFO] ThirdParty:978 - Integrity check success = false
2024-09-11 10:35:42,170 [INFO] IntegrityCheckThread:100 - exiting critical section [integrity check]
2024-09-11 10:35:42,170 [INFO] IntegrityCheckThread:103 - End integrity checks thread
2024-09-11 10:35:42,190 [INFO] MainUpdater:2873 - connection check result : 10
2024-09-11 10:35:42,191 [INFO] MainUpdater:290 - Updater Check For Update Now.
2024-09-11 10:35:42,191 [INFO] MicroXplorer:498 - Change Database Version : DB.6.0.120
2024-09-11 10:35:42,204 [INFO] McuFinderGlobals:63 - Set McuFinder mode to 2 (CubeIDE integrated)
2024-09-11 10:35:42,204 [INFO] UserAuth:179 - activating auth plugin
2024-09-11 10:35:42,213 [INFO] UserAuth:417 - Internet connection configuration mode: 1
2024-09-11 10:35:42,362 [INFO] JxBrowserEngine:152 - Initiate JxBrowser Engine with user profile folder
2024-09-11 10:35:42,581 [INFO] CheckServerUpdateThread:120 - End of CheckServer Thread
2024-09-11 10:35:44,418 [INFO] WebApp:167 - Instantiating new browser for Auth
2024-09-11 10:35:46,014 [INFO] WebApp:448 - Apply proxy settings
2024-09-11 10:35:46,015 [INFO] WebApp:533 - Chromium requires no authentication
2024-09-11 10:35:46,045 [INFO] WebApp:476 - Direct internet connection detected
2024-09-11 10:35:46,111 [INFO] WebApp:869 - Register for checkConnection events
2024-09-11 10:35:46,111 [INFO] WebApp:448 - Apply proxy settings
2024-09-11 10:35:46,111 [INFO] WebApp:533 - Chromium requires no authentication
2024-09-11 10:35:46,112 [INFO] WebApp:476 - Direct internet connection detected
2024-09-11 10:35:46,449 [INFO] WebApp:186 - Connection restablished
2024-09-11 10:35:46,628 [INFO] WebApp:220 - Starting web application
2024-09-11 10:35:46,628 [INFO] WebApp:578 - Web application path used D:\ST\STM32CubeIDE_1.16.0\STM32CubeIDE\plugins\com.st.stm32cube.common.mx_6.12.0.202406281431\db\plugins\mcufinder\reactClient1\index.html
2024-09-11 17:33:37,648 [ERROR] LogOutputStream:75 - [STDERR_REDIRECT] 
