2024-09-03 23:34:33,286 [INFO] Activator:176 - 


2024-09-03 23:34:33,321 [INFO] Activator:177 - !SESSION log4j initialized
2024-09-03 23:34:48,988 [INFO] LogOutputStream:77 - [STDOUT_REDIRECT] 
2024-09-03 23:35:03,961 [INFO] ApplicationProperties:184 - Using Application install path: D:\ST\STM32CubeIDE_1.16.0\STM32CubeIDE\plugins\com.st.stm32cube.common.mx_6.12.0.202406281431
2024-09-03 23:35:04,078 [INFO] DbMcusXml:78 - Set database path to: D:\ST\STM32CubeIDE_1.16.0\STM32CubeIDE\plugins\com.st.stm32cube.common.mx_6.12.0.202406281431\\db\/mcu/
2024-09-03 23:35:04,078 [INFO] ApiDb:274 - Set plugin database path to: D:\ST\STM32CubeIDE_1.16.0\STM32CubeIDE\plugins\com.st.stm32cube.common.mx_6.12.0.202406281431\\db\/plugins/boardmanager/
2024-09-03 23:35:04,079 [WARN] ApiDb:259 - Overriding images path with different value:  => D:\ST\STM32CubeIDE_1.16.0\STM32CubeIDE\plugins\com.st.stm32cube.common.mx_6.12.0.202406281431\\db\/plugins/mcufinder/images/
2024-09-03 23:35:04,208 [INFO] ApiDb:250 - Set database path to: C:\Users\Asus\.stmcufinder\plugins\mcufinder//mcu/
2024-09-03 23:35:04,210 [INFO] DbMcusAds:125 - Set database path to: C:\Users\Asus\.stmcufinder\plugins\mcufinder//mcu/
2024-09-03 23:35:04,224 [INFO] CrossReferenceDbSqlite:203 - Set database path to: C:\Users\Asus\.stmcufinder\plugins\mcufinder//mcu/cs/
2024-09-03 23:35:04,616 [INFO] RulesReader:64 - Compatibility file has been processed (297 Rules)
2024-09-03 23:35:04,835 [INFO] DbMcusXml:78 - Set database path to: D:\ST\STM32CubeIDE_1.16.0\STM32CubeIDE\plugins\com.st.stm32cube.common.mx_6.12.0.202406281431\\db\/mcu/
2024-09-03 23:35:04,835 [INFO] ApiDb:274 - Set plugin database path to: D:\ST\STM32CubeIDE_1.16.0\STM32CubeIDE\plugins\com.st.stm32cube.common.mx_6.12.0.202406281431\\db\/plugins/boardmanager/
2024-09-03 23:35:04,835 [INFO] ApiDb:261 - Set plugin images path to: D:\ST\STM32CubeIDE_1.16.0\STM32CubeIDE\plugins\com.st.stm32cube.common.mx_6.12.0.202406281431\\db\/plugins/mcufinder/images/
2024-09-03 23:35:04,835 [WARN] DbFile:41 - Overriding database path with different value: C:\Users\Asus\.stmcufinder\plugins\mcufinder/ => C:\Users\Asus\.stmcufinder\plugins\mcufinder
2024-09-03 23:35:04,835 [INFO] ApiDb:250 - Set database path to: C:\Users\Asus\.stmcufinder\plugins\mcufinder//mcu/
2024-09-03 23:35:04,836 [WARN] DbFile:41 - Overriding database path with different value: C:\Users\Asus\.stmcufinder\plugins\mcufinder/ => C:\Users\Asus\.stmcufinder\plugins\mcufinder
2024-09-03 23:35:04,836 [INFO] DbMcusAds:125 - Set database path to: C:\Users\Asus\.stmcufinder\plugins\mcufinder//mcu/
2024-09-03 23:35:04,836 [WARN] DbFile:41 - Overriding database path with different value: C:\Users\Asus\.stmcufinder\plugins\mcufinder/ => C:\Users\Asus\.stmcufinder\plugins\mcufinder
2024-09-03 23:35:04,836 [WARN] DbFile:41 - Overriding database path with different value: C:\Users\Asus\.stmcufinder\plugins\mcufinder/ => C:\Users\Asus\.stmcufinder\plugins\mcufinder
2024-09-03 23:35:04,836 [INFO] CrossReferenceDbSqlite:203 - Set database path to: C:\Users\Asus\.stmcufinder\plugins\mcufinder//mcu/cs/
2024-09-03 23:35:05,038 [INFO] MainPanel:268 - HeapMemory: 268435456
2024-09-03 23:35:05,377 [INFO] DbMcusXml:78 - Set database path to: D:\ST\STM32CubeIDE_1.16.0\STM32CubeIDE\plugins\com.st.stm32cube.common.mx_6.12.0.202406281431\\db\/mcu/
2024-09-03 23:35:05,377 [INFO] ApiDb:274 - Set plugin database path to: D:\ST\STM32CubeIDE_1.16.0\STM32CubeIDE\plugins\com.st.stm32cube.common.mx_6.12.0.202406281431\\db\/plugins/boardmanager/
2024-09-03 23:35:05,378 [INFO] ApiDb:261 - Set plugin images path to: D:\ST\STM32CubeIDE_1.16.0\STM32CubeIDE\plugins\com.st.stm32cube.common.mx_6.12.0.202406281431\\db\/plugins/mcufinder/images/
2024-09-03 23:35:05,378 [WARN] DbFile:41 - Overriding database path with different value: C:\Users\Asus\.stmcufinder\plugins\mcufinder/ => C:\Users\Asus\.stmcufinder\plugins\mcufinder
2024-09-03 23:35:05,378 [INFO] ApiDb:250 - Set database path to: C:\Users\Asus\.stmcufinder\plugins\mcufinder//mcu/
2024-09-03 23:35:05,379 [WARN] DbFile:41 - Overriding database path with different value: C:\Users\Asus\.stmcufinder\plugins\mcufinder/ => C:\Users\Asus\.stmcufinder\plugins\mcufinder
2024-09-03 23:35:05,379 [INFO] DbMcusAds:125 - Set database path to: C:\Users\Asus\.stmcufinder\plugins\mcufinder//mcu/
2024-09-03 23:35:05,379 [WARN] DbFile:41 - Overriding database path with different value: C:\Users\Asus\.stmcufinder\plugins\mcufinder/ => C:\Users\Asus\.stmcufinder\plugins\mcufinder
2024-09-03 23:35:05,379 [WARN] DbFile:41 - Overriding database path with different value: C:\Users\Asus\.stmcufinder\plugins\mcufinder/ => C:\Users\Asus\.stmcufinder\plugins\mcufinder
2024-09-03 23:35:05,380 [INFO] CrossReferenceDbSqlite:203 - Set database path to: C:\Users\Asus\.stmcufinder\plugins\mcufinder//mcu/cs/
2024-09-03 23:35:05,418 [INFO] ApplicationProperties:184 - Using Application install path: D:\ST\STM32CubeIDE_1.16.0\STM32CubeIDE\plugins\com.st.stm32cube.common.mx_6.12.0.202406281431
2024-09-03 23:35:05,421 [INFO] PluginManage:196 - Search for loadable plugins [exclusion list=, ]
2024-09-03 23:35:05,423 [INFO] PluginManage:310 - Check plugin analytics
2024-09-03 23:35:15,439 [INFO] AnalyticsPlugin:253 - Accepted Software Licenses: 
2024-09-03 23:35:15,440 [INFO] AnalyticsPlugin:255 - Accepted CMSIS Pack Licenses: 
2024-09-03 23:35:15,440 [INFO] AnalyticsPlugin:257 - Accepted Firmware Licenses: 
2024-09-03 23:35:15,445 [INFO] PluginManage:359 - Loaded plugin analytics (category:tool,tabindex:-1)
2024-09-03 23:35:15,446 [INFO] PluginManage:310 - Check plugin cadmodel
2024-09-03 23:35:15,505 [INFO] CADModel:105 - Init CAD model plugin
2024-09-03 23:35:15,506 [INFO] PluginManage:359 - Loaded plugin cadmodel (category:power,tabindex:5)
2024-09-03 23:35:15,506 [INFO] PluginManage:310 - Check plugin clock
2024-09-03 23:35:15,573 [INFO] PluginManage:359 - Loaded plugin clock (category:base,tabindex:2)
2024-09-03 23:35:15,574 [INFO] PluginManage:310 - Check plugin ddr
2024-09-03 23:35:15,590 [INFO] PluginManage:359 - Loaded plugin ddr (category:tool,tabindex:6)
2024-09-03 23:35:15,590 [INFO] PluginManage:310 - Check plugin filemanager
2024-09-03 23:35:15,974 [INFO] PluginManage:359 - Loaded plugin filemanager (category:base,tabindex:10)
2024-09-03 23:35:15,975 [INFO] PluginManage:310 - Check plugin ipmanager
2024-09-03 23:35:15,989 [INFO] PluginManage:359 - Loaded plugin ipmanager (category:base,tabindex:5)
2024-09-03 23:35:15,989 [INFO] PluginManage:310 - Check plugin lpbam
2024-09-03 23:35:16,053 [INFO] PluginManage:359 - Loaded plugin lpbam (category:base,tabindex:0)
2024-09-03 23:35:16,053 [INFO] PluginManage:310 - Check plugin memorymap
2024-09-03 23:35:16,106 [INFO] PluginManage:359 - Loaded plugin memorymap (category:base,tabindex:4)
2024-09-03 23:35:16,106 [INFO] PluginManage:310 - Check plugin pinoutandconfiguration
2024-09-03 23:35:16,135 [INFO] PluginManage:359 - Loaded plugin pinoutandconfiguration (category:base,tabindex:1)
2024-09-03 23:35:16,136 [INFO] PluginManage:310 - Check plugin pinoutconfig
2024-09-03 23:35:16,387 [WARN] SupportedApi:132 - Cannot load RTOS API schema: s4s-elt-must-match.1: The content of 'definitions' must match (annotation?, (simpleType | complexType)?, (unique | key | keyref)*)). A problem was found starting at: attribute.
2024-09-03 23:35:16,713 [INFO] PluginManage:359 - Loaded plugin pinoutconfig (category:base,tabindex:0)
2024-09-03 23:35:16,713 [INFO] PluginManage:310 - Check plugin power
2024-09-03 23:35:16,792 [INFO] PluginManage:359 - Loaded plugin power (category:power,tabindex:4)
2024-09-03 23:35:16,792 [INFO] PluginManage:310 - Check plugin projectmanager
2024-09-03 23:35:16,838 [INFO] PluginManage:359 - Loaded plugin projectmanager (category:projectmanager,tabindex:4)
2024-09-03 23:35:16,838 [INFO] PluginManage:310 - Check plugin rif
2024-09-03 23:35:16,876 [INFO] PluginManage:359 - Loaded plugin rif (category:base,tabindex:3)
2024-09-03 23:35:16,876 [INFO] PluginManage:310 - Check plugin thirdparty
2024-09-03 23:35:17,474 [INFO] PluginManage:359 - Loaded plugin thirdparty (category:base,tabindex:-1)
2024-09-03 23:35:17,474 [WARN] IntegrityCheckThread:84 - waiting for thirdparty lock release [integrity check]
2024-09-03 23:35:17,474 [INFO] PluginManage:310 - Check plugin tools
2024-09-03 23:35:17,474 [INFO] IntegrityCheckThread:86 - entering critical section [integrity check]
2024-09-03 23:35:17,475 [INFO] ThirdPartyUpdaterWithRetryManager:70 - Updater plugin not ready yet. [1/15]
2024-09-03 23:35:17,535 [INFO] PluginManage:359 - Loaded plugin tools (category:base,tabindex:7)
2024-09-03 23:35:17,535 [INFO] PluginManage:310 - Check plugin tutovideos
2024-09-03 23:35:18,037 [INFO] PluginManage:359 - Loaded plugin tutovideos (category:base,tabindex:-1)
2024-09-03 23:35:18,037 [INFO] PluginManage:310 - Check plugin updater
2024-09-03 23:35:18,085 [INFO] PluginManage:359 - Loaded plugin updater (category:base,tabindex:12)
2024-09-03 23:35:18,086 [INFO] PluginManage:310 - Check plugin userauth
2024-09-03 23:35:18,120 [INFO] UserAuth:113 - Init User Auth plugin
2024-09-03 23:35:18,121 [INFO] PluginManage:359 - Loaded plugin userauth (category:base,tabindex:14)
2024-09-03 23:35:18,123 [INFO] PluginManage:283 - PluginManage : Loaded plugins [18]
2024-09-03 23:35:18,685 [INFO] PinOutPanel:1561 - setPackage(No Configuration,No Configuration)
2024-09-03 23:35:18,908 [INFO] CADModel:165 - CPN selected for project level
2024-09-03 23:35:18,909 [INFO] CADModel:114 - Register for checkConnection events
2024-09-03 23:35:19,127 [INFO] IPUIPlugin:80 - create IPUIPlugin
2024-09-03 23:35:19,128 [INFO] PluginManager:220 - loadIPPluginJar : add adc
2024-09-03 23:35:19,209 [INFO] IPUIPlugin:80 - create IPUIPlugin
2024-09-03 23:35:19,210 [INFO] PluginManager:220 - loadIPPluginJar : add aes
2024-09-03 23:35:19,310 [INFO] IPUIPlugin:80 - create IPUIPlugin
2024-09-03 23:35:19,311 [INFO] PluginManager:220 - loadIPPluginJar : add can
2024-09-03 23:35:19,359 [INFO] IPUIPlugin:80 - create IPUIPlugin
2024-09-03 23:35:19,360 [INFO] PluginManager:220 - loadIPPluginJar : add comp
2024-09-03 23:35:19,413 [INFO] IPUIPlugin:80 - create IPUIPlugin
2024-09-03 23:35:19,413 [INFO] PluginManager:220 - loadIPPluginJar : add cryp
2024-09-03 23:35:19,471 [INFO] IPUIPlugin:80 - create IPUIPlugin
2024-09-03 23:35:19,471 [INFO] PluginManager:220 - loadIPPluginJar : add ddr_ctrl_phy
2024-09-03 23:35:19,534 [INFO] IPUIPlugin:80 - create IPUIPlugin
2024-09-03 23:35:19,534 [INFO] PluginManager:220 - loadIPPluginJar : add dfsdm
2024-09-03 23:35:19,569 [INFO] IPUIPlugin:80 - create IPUIPlugin
2024-09-03 23:35:19,570 [INFO] PluginManager:220 - loadIPPluginJar : add dma
2024-09-03 23:35:19,649 [INFO] IPUIPlugin:80 - create IPUIPlugin
2024-09-03 23:35:19,649 [INFO] PluginManager:220 - loadIPPluginJar : add dma3
2024-09-03 23:35:19,750 [INFO] IPUIPlugin:80 - create IPUIPlugin
2024-09-03 23:35:19,750 [INFO] PluginManager:220 - loadIPPluginJar : add extmemmanager
2024-09-03 23:35:19,805 [INFO] IPUIPlugin:80 - create IPUIPlugin
2024-09-03 23:35:19,805 [INFO] PluginManager:220 - loadIPPluginJar : add fatfs
2024-09-03 23:35:19,898 [INFO] IPUIPlugin:80 - create IPUIPlugin
2024-09-03 23:35:19,899 [INFO] PluginManager:220 - loadIPPluginJar : add fmc
2024-09-03 23:35:19,958 [INFO] IPUIPlugin:80 - create IPUIPlugin
2024-09-03 23:35:19,958 [INFO] PluginManager:220 - loadIPPluginJar : add freertos
2024-09-03 23:35:20,021 [INFO] IPUIPlugin:80 - create IPUIPlugin
2024-09-03 23:35:20,021 [INFO] PluginManager:220 - loadIPPluginJar : add genericplugin
2024-09-03 23:35:20,207 [INFO] IPUIPlugin:80 - create IPUIPlugin
2024-09-03 23:35:20,207 [INFO] PluginManager:220 - loadIPPluginJar : add gfxmmu
2024-09-03 23:35:20,479 [INFO] ThirdPartyUpdaterWithRetryManager:70 - Updater plugin not ready yet. [2/15]
2024-09-03 23:35:20,502 [INFO] IPUIPlugin:80 - create IPUIPlugin
2024-09-03 23:35:20,502 [INFO] PluginManager:220 - loadIPPluginJar : add gic
2024-09-03 23:35:20,553 [INFO] IPUIPlugin:80 - create IPUIPlugin
2024-09-03 23:35:20,553 [INFO] PluginManager:220 - loadIPPluginJar : add gpio
2024-09-03 23:35:20,729 [INFO] IPUIPlugin:80 - create IPUIPlugin
2024-09-03 23:35:20,729 [INFO] PluginManager:220 - loadIPPluginJar : add gtzc
2024-09-03 23:35:20,795 [INFO] IPUIPlugin:80 - create IPUIPlugin
2024-09-03 23:35:20,796 [INFO] PluginManager:220 - loadIPPluginJar : add hash
2024-09-03 23:35:20,892 [INFO] IPUIPlugin:80 - create IPUIPlugin
2024-09-03 23:35:20,892 [INFO] PluginManager:220 - loadIPPluginJar : add i2c
2024-09-03 23:35:21,018 [INFO] IPUIPlugin:80 - create IPUIPlugin
2024-09-03 23:35:21,018 [INFO] PluginManager:220 - loadIPPluginJar : add i2s
2024-09-03 23:35:21,103 [INFO] IPUIPlugin:80 - create IPUIPlugin
2024-09-03 23:35:21,103 [INFO] PluginManager:220 - loadIPPluginJar : add i3c
2024-09-03 23:35:21,331 [INFO] IPUIPlugin:80 - create IPUIPlugin
2024-09-03 23:35:21,331 [INFO] PluginManager:220 - loadIPPluginJar : add ipddr
2024-09-03 23:35:21,535 [INFO] IPUIPlugin:80 - create IPUIPlugin
2024-09-03 23:35:21,535 [INFO] PluginManager:220 - loadIPPluginJar : add linkedlist
2024-09-03 23:35:21,610 [INFO] IPUIPlugin:80 - create IPUIPlugin
2024-09-03 23:35:21,610 [INFO] PluginManager:220 - loadIPPluginJar : add lorawan
2024-09-03 23:35:21,697 [INFO] IPUIPlugin:80 - create IPUIPlugin
2024-09-03 23:35:21,697 [INFO] PluginManager:220 - loadIPPluginJar : add ltdc
2024-09-03 23:35:21,758 [INFO] IPUIPlugin:80 - create IPUIPlugin
2024-09-03 23:35:21,758 [INFO] PluginManager:220 - loadIPPluginJar : add mdma
2024-09-03 23:35:21,783 [INFO] IPUIPlugin:80 - create IPUIPlugin
2024-09-03 23:35:21,784 [INFO] PluginManager:220 - loadIPPluginJar : add nvic
2024-09-03 23:35:21,846 [INFO] IPUIPlugin:80 - create IPUIPlugin
2024-09-03 23:35:21,847 [INFO] PluginManager:220 - loadIPPluginJar : add opamp
2024-09-03 23:35:21,992 [INFO] IPUIPlugin:80 - create IPUIPlugin
2024-09-03 23:35:21,992 [INFO] PluginManager:220 - loadIPPluginJar : add openamp
2024-09-03 23:35:22,083 [INFO] IPUIPlugin:80 - create IPUIPlugin
2024-09-03 23:35:22,083 [INFO] PluginManager:220 - loadIPPluginJar : add pdm2pcm
2024-09-03 23:35:22,131 [INFO] IPUIPlugin:80 - create IPUIPlugin
2024-09-03 23:35:22,136 [INFO] PluginManager:220 - loadIPPluginJar : add plateformsettings
2024-09-03 23:35:22,193 [INFO] IPUIPlugin:80 - create IPUIPlugin
2024-09-03 23:35:22,193 [INFO] PluginManager:220 - loadIPPluginJar : add quadspi
2024-09-03 23:35:22,247 [INFO] IPUIPlugin:80 - create IPUIPlugin
2024-09-03 23:35:22,248 [INFO] PluginManager:220 - loadIPPluginJar : add radio
2024-09-03 23:35:22,288 [INFO] IPUIPlugin:80 - create IPUIPlugin
2024-09-03 23:35:22,289 [INFO] PluginManager:220 - loadIPPluginJar : add resmgrutility
2024-09-03 23:35:22,392 [INFO] IPUIPlugin:80 - create IPUIPlugin
2024-09-03 23:35:22,392 [INFO] PluginManager:220 - loadIPPluginJar : add sai
2024-09-03 23:35:22,458 [INFO] IPUIPlugin:80 - create IPUIPlugin
2024-09-03 23:35:22,458 [INFO] PluginManager:220 - loadIPPluginJar : add spi
2024-09-03 23:35:22,595 [INFO] IPUIPlugin:80 - create IPUIPlugin
2024-09-03 23:35:22,595 [INFO] PluginManager:220 - loadIPPluginJar : add stm32_wpan
2024-09-03 23:35:22,643 [INFO] IPUIPlugin:80 - create IPUIPlugin
2024-09-03 23:35:22,643 [INFO] PluginManager:220 - loadIPPluginJar : add tim
2024-09-03 23:35:22,787 [INFO] IPUIPlugin:80 - create IPUIPlugin
2024-09-03 23:35:22,788 [INFO] PluginManager:220 - loadIPPluginJar : add touchsensing
2024-09-03 23:35:22,873 [INFO] IPUIPlugin:80 - create IPUIPlugin
2024-09-03 23:35:22,873 [INFO] PluginManager:220 - loadIPPluginJar : add tracer_emb
2024-09-03 23:35:22,920 [INFO] IPUIPlugin:80 - create IPUIPlugin
2024-09-03 23:35:22,920 [INFO] PluginManager:220 - loadIPPluginJar : add ts
2024-09-03 23:35:22,983 [INFO] IPUIPlugin:80 - create IPUIPlugin
2024-09-03 23:35:22,983 [INFO] PluginManager:220 - loadIPPluginJar : add tsc
2024-09-03 23:35:23,027 [INFO] IPUIPlugin:80 - create IPUIPlugin
2024-09-03 23:35:23,027 [INFO] PluginManager:220 - loadIPPluginJar : add ucpd
2024-09-03 23:35:23,102 [INFO] IPUIPlugin:80 - create IPUIPlugin
2024-09-03 23:35:23,102 [INFO] PluginManager:220 - loadIPPluginJar : add usart
2024-09-03 23:35:23,182 [INFO] IPUIPlugin:80 - create IPUIPlugin
2024-09-03 23:35:23,198 [INFO] PluginManager:220 - loadIPPluginJar : add usbx
2024-09-03 23:35:23,384 [INFO] CADModel:165 - CPN selected for project level
2024-09-03 23:35:23,384 [INFO] CADModel:114 - Register for checkConnection events
2024-09-03 23:35:23,385 [FATAL] Updater:334 - Updater called before beeing initialized
2024-09-03 23:35:23,385 [ERROR] CADModel:125 - Updater not yet initialized, retry later 
2024-09-03 23:35:23,493 [INFO] ThirdPartyUpdaterWithRetryManager:70 - Updater plugin not ready yet. [3/15]
2024-09-03 23:35:23,835 [INFO] CADModel:165 - CPN selected for project level
2024-09-03 23:35:23,835 [INFO] CADModel:114 - Register for checkConnection events
2024-09-03 23:35:23,836 [FATAL] Updater:334 - Updater called before beeing initialized
2024-09-03 23:35:23,836 [ERROR] CADModel:125 - Updater not yet initialized, retry later 
2024-09-03 23:35:23,842 [FATAL] Updater:334 - Updater called before beeing initialized
2024-09-03 23:35:24,075 [FATAL] Updater:334 - Updater called before beeing initialized
2024-09-03 23:35:24,090 [INFO] DbMcusAds:53 - JSON generation date=Thu May 16 16:22:00 ICT 2024 (1715851320667)
2024-09-03 23:35:24,090 [FATAL] Updater:334 - Updater called before beeing initialized
2024-09-03 23:35:24,356 [WARN] DetailPanel:346 - Failed to get advertising image, set to default
2024-09-03 23:35:24,503 [FATAL] Updater:334 - Updater called before beeing initialized
2024-09-03 23:35:24,506 [FATAL] Updater:334 - Updater called before beeing initialized
2024-09-03 23:35:24,506 [FATAL] Updater:334 - Updater called before beeing initialized
2024-09-03 23:35:24,506 [WARN] DetailPanel:346 - Failed to get advertising image, set to default
2024-09-03 23:35:24,508 [FATAL] Updater:334 - Updater called before beeing initialized
2024-09-03 23:35:24,654 [ERROR] Updater:1164 - MainUpdater not yet initialized. External WinMGr cannot be set.
2024-09-03 23:35:24,697 [INFO] Updater:1100 - Updater Version found : 6.12.0
2024-09-03 23:35:24,736 [INFO] ApplicationProperties:184 - Using Application install path: D:\ST\STM32CubeIDE_1.16.0\STM32CubeIDE\plugins\com.st.stm32cube.common.mx_6.12.0.202406281431
2024-09-03 23:35:26,392 [ERROR] LogOutputStream:75 - [STDERR_REDIRECT] Sep 03, 2024 11:35:26 PM java.util.prefs.WindowsPreferences <init>
2024-09-03 23:35:26,396 [ERROR] LogOutputStream:75 - [STDERR_REDIRECT] WARNING: Could not open/create prefs root node Software\JavaSoft\Prefs at root 0xffffffff80000002. Windows RegCreateKeyEx(...) returned error code 5.
2024-09-03 23:35:26,397 [ERROR] LogOutputStream:75 - [STDERR_REDIRECT] 
2024-09-03 23:35:26,505 [FATAL] Updater:334 - Updater called before beeing initialized
2024-09-03 23:35:26,505 [ERROR] IntegrityCheckThread:130 - Cannot retrieve database content from updater: error 21
2024-09-03 23:35:26,505 [INFO] ThirdParty:978 - Integrity check success = false
2024-09-03 23:35:26,505 [INFO] IntegrityCheckThread:100 - exiting critical section [integrity check]
2024-09-03 23:35:26,507 [INFO] IntegrityCheckThread:103 - End integrity checks thread
2024-09-03 23:35:27,102 [INFO] MainUpdater:2873 - connection check result : 10
2024-09-03 23:35:27,102 [INFO] MainUpdater:3567 - Updater definition file requires update
2024-09-03 23:35:27,104 [INFO] MainUpdater:290 - Updater Check For Update Now.
2024-09-03 23:35:27,104 [INFO] MicroXplorer:498 - Change Database Version : DB.6.0.120
2024-09-03 23:35:27,136 [INFO] McuFinderGlobals:63 - Set McuFinder mode to 2 (CubeIDE integrated)
2024-09-03 23:35:27,136 [INFO] UserAuth:179 - activating auth plugin
2024-09-03 23:35:27,136 [INFO] ServerAccessManage:473 - Download File updaters.zip
2024-09-03 23:35:27,157 [INFO] UserAuth:417 - Internet connection configuration mode: 1
2024-09-03 23:35:27,309 [INFO] FileExtend:240 - Unzip File : updaters.zip
2024-09-03 23:35:27,310 [INFO] FileExtend:255 - Standard Zip Deflate
2024-09-03 23:35:27,339 [INFO] JxBrowserEngine:152 - Initiate JxBrowser Engine with user profile folder
2024-09-03 23:35:28,340 [INFO] ServerAccessManage:473 - Download File PacksControlFlags.xml
2024-09-03 23:35:28,590 [INFO] ServerAccessManage:473 - Download File cubemx.pidx
2024-09-03 23:35:29,018 [INFO] LoadServerUpdatesThread:375 - End of LoadServerUpdate Thread
2024-09-03 23:35:29,307 [INFO] CheckServerUpdateThread:120 - End of CheckServer Thread
2024-09-03 23:35:34,972 [INFO] WebApp:167 - Instantiating new browser for Auth
2024-09-03 23:35:37,635 [INFO] WebApp:448 - Apply proxy settings
2024-09-03 23:35:37,636 [INFO] WebApp:533 - Chromium requires no authentication
2024-09-03 23:35:37,673 [INFO] WebApp:476 - Direct internet connection detected
2024-09-03 23:35:37,746 [INFO] WebApp:869 - Register for checkConnection events
2024-09-03 23:35:37,747 [INFO] WebApp:448 - Apply proxy settings
2024-09-03 23:35:37,747 [INFO] WebApp:533 - Chromium requires no authentication
2024-09-03 23:35:37,748 [INFO] WebApp:476 - Direct internet connection detected
2024-09-03 23:35:38,076 [INFO] WebApp:186 - Connection restablished
2024-09-03 23:35:38,350 [INFO] WebApp:220 - Starting web application
2024-09-03 23:35:38,357 [INFO] WebApp:578 - Web application path used D:\ST\STM32CubeIDE_1.16.0\STM32CubeIDE\plugins\com.st.stm32cube.common.mx_6.12.0.202406281431\db\plugins\mcufinder\reactClient1\index.html
