2024-09-10 00:29:33,087 [ERROR] LogOutputStream:75 - [STDERR_REDIRECT] 
2024-09-10 10:06:31,379 [INFO] Activator:176 - 


2024-09-10 10:06:31,382 [INFO] Activator:177 - !SESSION log4j initialized
2024-09-10 10:07:03,109 [INFO] LogOutputStream:77 - [STDOUT_REDIRECT] 
2024-09-10 10:07:21,761 [INFO] ApplicationProperties:184 - Using Application install path: D:\ST\STM32CubeIDE_1.16.0\STM32CubeIDE\plugins\com.st.stm32cube.common.mx_6.12.0.202406281431
2024-09-10 10:07:21,836 [INFO] DbMcusXml:78 - Set database path to: D:\ST\STM32CubeIDE_1.16.0\STM32CubeIDE\plugins\com.st.stm32cube.common.mx_6.12.0.202406281431\\db\/mcu/
2024-09-10 10:07:21,837 [INFO] ApiDb:274 - Set plugin database path to: D:\ST\STM32CubeIDE_1.16.0\STM32CubeIDE\plugins\com.st.stm32cube.common.mx_6.12.0.202406281431\\db\/plugins/boardmanager/
2024-09-10 10:07:21,837 [WARN] ApiDb:259 - Overriding images path with different value:  => D:\ST\STM32CubeIDE_1.16.0\STM32CubeIDE\plugins\com.st.stm32cube.common.mx_6.12.0.202406281431\\db\/plugins/mcufinder/images/
2024-09-10 10:07:21,992 [INFO] ApiDb:250 - Set database path to: C:\Users\Asus\.stmcufinder\plugins\mcufinder//mcu/
2024-09-10 10:07:21,994 [INFO] DbMcusAds:125 - Set database path to: C:\Users\Asus\.stmcufinder\plugins\mcufinder//mcu/
2024-09-10 10:07:22,009 [INFO] CrossReferenceDbSqlite:203 - Set database path to: C:\Users\Asus\.stmcufinder\plugins\mcufinder//mcu/cs/
2024-09-10 10:07:22,317 [INFO] RulesReader:64 - Compatibility file has been processed (297 Rules)
2024-09-10 10:07:22,642 [INFO] DbMcusXml:78 - Set database path to: D:\ST\STM32CubeIDE_1.16.0\STM32CubeIDE\plugins\com.st.stm32cube.common.mx_6.12.0.202406281431\\db\/mcu/
2024-09-10 10:07:22,642 [INFO] ApiDb:274 - Set plugin database path to: D:\ST\STM32CubeIDE_1.16.0\STM32CubeIDE\plugins\com.st.stm32cube.common.mx_6.12.0.202406281431\\db\/plugins/boardmanager/
2024-09-10 10:07:22,642 [INFO] ApiDb:261 - Set plugin images path to: D:\ST\STM32CubeIDE_1.16.0\STM32CubeIDE\plugins\com.st.stm32cube.common.mx_6.12.0.202406281431\\db\/plugins/mcufinder/images/
2024-09-10 10:07:22,642 [WARN] DbFile:41 - Overriding database path with different value: C:\Users\Asus\.stmcufinder\plugins\mcufinder/ => C:\Users\Asus\.stmcufinder\plugins\mcufinder
2024-09-10 10:07:22,643 [INFO] ApiDb:250 - Set database path to: C:\Users\Asus\.stmcufinder\plugins\mcufinder//mcu/
2024-09-10 10:07:22,643 [WARN] DbFile:41 - Overriding database path with different value: C:\Users\Asus\.stmcufinder\plugins\mcufinder/ => C:\Users\Asus\.stmcufinder\plugins\mcufinder
2024-09-10 10:07:22,643 [INFO] DbMcusAds:125 - Set database path to: C:\Users\Asus\.stmcufinder\plugins\mcufinder//mcu/
2024-09-10 10:07:22,643 [WARN] DbFile:41 - Overriding database path with different value: C:\Users\Asus\.stmcufinder\plugins\mcufinder/ => C:\Users\Asus\.stmcufinder\plugins\mcufinder
2024-09-10 10:07:22,643 [WARN] DbFile:41 - Overriding database path with different value: C:\Users\Asus\.stmcufinder\plugins\mcufinder/ => C:\Users\Asus\.stmcufinder\plugins\mcufinder
2024-09-10 10:07:22,643 [INFO] CrossReferenceDbSqlite:203 - Set database path to: C:\Users\Asus\.stmcufinder\plugins\mcufinder//mcu/cs/
2024-09-10 10:07:22,876 [INFO] MainPanel:268 - HeapMemory: 268435456
2024-09-10 10:07:23,297 [INFO] DbMcusXml:78 - Set database path to: D:\ST\STM32CubeIDE_1.16.0\STM32CubeIDE\plugins\com.st.stm32cube.common.mx_6.12.0.202406281431\\db\/mcu/
2024-09-10 10:07:23,297 [INFO] ApiDb:274 - Set plugin database path to: D:\ST\STM32CubeIDE_1.16.0\STM32CubeIDE\plugins\com.st.stm32cube.common.mx_6.12.0.202406281431\\db\/plugins/boardmanager/
2024-09-10 10:07:23,297 [INFO] ApiDb:261 - Set plugin images path to: D:\ST\STM32CubeIDE_1.16.0\STM32CubeIDE\plugins\com.st.stm32cube.common.mx_6.12.0.202406281431\\db\/plugins/mcufinder/images/
2024-09-10 10:07:23,299 [WARN] DbFile:41 - Overriding database path with different value: C:\Users\Asus\.stmcufinder\plugins\mcufinder/ => C:\Users\Asus\.stmcufinder\plugins\mcufinder
2024-09-10 10:07:23,299 [INFO] ApiDb:250 - Set database path to: C:\Users\Asus\.stmcufinder\plugins\mcufinder//mcu/
2024-09-10 10:07:23,300 [WARN] DbFile:41 - Overriding database path with different value: C:\Users\Asus\.stmcufinder\plugins\mcufinder/ => C:\Users\Asus\.stmcufinder\plugins\mcufinder
2024-09-10 10:07:23,300 [INFO] DbMcusAds:125 - Set database path to: C:\Users\Asus\.stmcufinder\plugins\mcufinder//mcu/
2024-09-10 10:07:23,300 [WARN] DbFile:41 - Overriding database path with different value: C:\Users\Asus\.stmcufinder\plugins\mcufinder/ => C:\Users\Asus\.stmcufinder\plugins\mcufinder
2024-09-10 10:07:23,300 [WARN] DbFile:41 - Overriding database path with different value: C:\Users\Asus\.stmcufinder\plugins\mcufinder/ => C:\Users\Asus\.stmcufinder\plugins\mcufinder
2024-09-10 10:07:23,301 [INFO] CrossReferenceDbSqlite:203 - Set database path to: C:\Users\Asus\.stmcufinder\plugins\mcufinder//mcu/cs/
2024-09-10 10:07:23,339 [INFO] ApplicationProperties:184 - Using Application install path: D:\ST\STM32CubeIDE_1.16.0\STM32CubeIDE\plugins\com.st.stm32cube.common.mx_6.12.0.202406281431
2024-09-10 10:07:23,342 [INFO] PluginManage:196 - Search for loadable plugins [exclusion list=, ]
2024-09-10 10:07:23,345 [INFO] PluginManage:310 - Check plugin analytics
2024-09-10 10:07:33,421 [INFO] AnalyticsPlugin:253 - Accepted Software Licenses: 
2024-09-10 10:07:33,421 [INFO] AnalyticsPlugin:255 - Accepted CMSIS Pack Licenses: 
2024-09-10 10:07:33,423 [INFO] AnalyticsPlugin:257 - Accepted Firmware Licenses: 
2024-09-10 10:07:33,427 [INFO] PluginManage:359 - Loaded plugin analytics (category:tool,tabindex:-1)
2024-09-10 10:07:33,428 [INFO] PluginManage:310 - Check plugin cadmodel
2024-09-10 10:07:33,494 [INFO] CADModel:105 - Init CAD model plugin
2024-09-10 10:07:33,495 [INFO] PluginManage:359 - Loaded plugin cadmodel (category:power,tabindex:5)
2024-09-10 10:07:33,495 [INFO] PluginManage:310 - Check plugin clock
2024-09-10 10:07:33,531 [INFO] PluginManage:359 - Loaded plugin clock (category:base,tabindex:2)
2024-09-10 10:07:33,531 [INFO] PluginManage:310 - Check plugin ddr
2024-09-10 10:07:33,555 [INFO] PluginManage:359 - Loaded plugin ddr (category:tool,tabindex:6)
2024-09-10 10:07:33,556 [INFO] PluginManage:310 - Check plugin filemanager
2024-09-10 10:07:33,987 [INFO] PluginManage:359 - Loaded plugin filemanager (category:base,tabindex:10)
2024-09-10 10:07:33,987 [INFO] PluginManage:310 - Check plugin ipmanager
2024-09-10 10:07:34,000 [INFO] PluginManage:359 - Loaded plugin ipmanager (category:base,tabindex:5)
2024-09-10 10:07:34,000 [INFO] PluginManage:310 - Check plugin lpbam
2024-09-10 10:07:34,061 [INFO] PluginManage:359 - Loaded plugin lpbam (category:base,tabindex:0)
2024-09-10 10:07:34,062 [INFO] PluginManage:310 - Check plugin memorymap
2024-09-10 10:07:34,131 [INFO] PluginManage:359 - Loaded plugin memorymap (category:base,tabindex:4)
2024-09-10 10:07:34,132 [INFO] PluginManage:310 - Check plugin pinoutandconfiguration
2024-09-10 10:07:34,163 [INFO] PluginManage:359 - Loaded plugin pinoutandconfiguration (category:base,tabindex:1)
2024-09-10 10:07:34,164 [INFO] PluginManage:310 - Check plugin pinoutconfig
2024-09-10 10:07:34,360 [WARN] SupportedApi:132 - Cannot load RTOS API schema: s4s-elt-must-match.1: The content of 'definitions' must match (annotation?, (simpleType | complexType)?, (unique | key | keyref)*)). A problem was found starting at: attribute.
2024-09-10 10:07:34,751 [INFO] PluginManage:359 - Loaded plugin pinoutconfig (category:base,tabindex:0)
2024-09-10 10:07:34,752 [INFO] PluginManage:310 - Check plugin power
2024-09-10 10:07:34,831 [INFO] PluginManage:359 - Loaded plugin power (category:power,tabindex:4)
2024-09-10 10:07:34,831 [INFO] PluginManage:310 - Check plugin projectmanager
2024-09-10 10:07:34,879 [INFO] PluginManage:359 - Loaded plugin projectmanager (category:projectmanager,tabindex:4)
2024-09-10 10:07:34,879 [INFO] PluginManage:310 - Check plugin rif
2024-09-10 10:07:34,927 [INFO] PluginManage:359 - Loaded plugin rif (category:base,tabindex:3)
2024-09-10 10:07:34,928 [INFO] PluginManage:310 - Check plugin thirdparty
2024-09-10 10:07:35,669 [INFO] PluginManage:359 - Loaded plugin thirdparty (category:base,tabindex:-1)
2024-09-10 10:07:35,669 [WARN] IntegrityCheckThread:84 - waiting for thirdparty lock release [integrity check]
2024-09-10 10:07:35,669 [INFO] PluginManage:310 - Check plugin tools
2024-09-10 10:07:35,669 [INFO] IntegrityCheckThread:86 - entering critical section [integrity check]
2024-09-10 10:07:35,669 [INFO] ThirdPartyUpdaterWithRetryManager:70 - Updater plugin not ready yet. [1/15]
2024-09-10 10:07:35,737 [INFO] PluginManage:359 - Loaded plugin tools (category:base,tabindex:7)
2024-09-10 10:07:35,738 [INFO] PluginManage:310 - Check plugin tutovideos
2024-09-10 10:07:36,107 [INFO] PluginManage:359 - Loaded plugin tutovideos (category:base,tabindex:-1)
2024-09-10 10:07:36,107 [INFO] PluginManage:310 - Check plugin updater
2024-09-10 10:07:36,162 [INFO] PluginManage:359 - Loaded plugin updater (category:base,tabindex:12)
2024-09-10 10:07:36,162 [INFO] PluginManage:310 - Check plugin userauth
2024-09-10 10:07:36,189 [INFO] UserAuth:113 - Init User Auth plugin
2024-09-10 10:07:36,190 [INFO] PluginManage:359 - Loaded plugin userauth (category:base,tabindex:14)
2024-09-10 10:07:36,190 [INFO] PluginManage:283 - PluginManage : Loaded plugins [18]
2024-09-10 10:07:36,804 [INFO] PinOutPanel:1561 - setPackage(No Configuration,No Configuration)
2024-09-10 10:07:37,018 [INFO] CADModel:165 - CPN selected for project level
2024-09-10 10:07:37,019 [INFO] CADModel:114 - Register for checkConnection events
2024-09-10 10:07:37,127 [INFO] IPUIPlugin:80 - create IPUIPlugin
2024-09-10 10:07:37,127 [INFO] PluginManager:220 - loadIPPluginJar : add adc
2024-09-10 10:07:37,186 [INFO] IPUIPlugin:80 - create IPUIPlugin
2024-09-10 10:07:37,186 [INFO] PluginManager:220 - loadIPPluginJar : add aes
2024-09-10 10:07:37,252 [INFO] IPUIPlugin:80 - create IPUIPlugin
2024-09-10 10:07:37,252 [INFO] PluginManager:220 - loadIPPluginJar : add can
2024-09-10 10:07:37,301 [INFO] IPUIPlugin:80 - create IPUIPlugin
2024-09-10 10:07:37,301 [INFO] PluginManager:220 - loadIPPluginJar : add comp
2024-09-10 10:07:37,351 [INFO] IPUIPlugin:80 - create IPUIPlugin
2024-09-10 10:07:37,351 [INFO] PluginManager:220 - loadIPPluginJar : add cryp
2024-09-10 10:07:37,411 [INFO] IPUIPlugin:80 - create IPUIPlugin
2024-09-10 10:07:37,411 [INFO] PluginManager:220 - loadIPPluginJar : add ddr_ctrl_phy
2024-09-10 10:07:37,461 [INFO] IPUIPlugin:80 - create IPUIPlugin
2024-09-10 10:07:37,461 [INFO] PluginManager:220 - loadIPPluginJar : add dfsdm
2024-09-10 10:07:37,495 [INFO] IPUIPlugin:80 - create IPUIPlugin
2024-09-10 10:07:37,496 [INFO] PluginManager:220 - loadIPPluginJar : add dma
2024-09-10 10:07:37,570 [INFO] IPUIPlugin:80 - create IPUIPlugin
2024-09-10 10:07:37,571 [INFO] PluginManager:220 - loadIPPluginJar : add dma3
2024-09-10 10:07:37,672 [INFO] IPUIPlugin:80 - create IPUIPlugin
2024-09-10 10:07:37,673 [INFO] PluginManager:220 - loadIPPluginJar : add extmemmanager
2024-09-10 10:07:37,775 [INFO] IPUIPlugin:80 - create IPUIPlugin
2024-09-10 10:07:37,775 [INFO] PluginManager:220 - loadIPPluginJar : add fatfs
2024-09-10 10:07:37,882 [INFO] IPUIPlugin:80 - create IPUIPlugin
2024-09-10 10:07:37,882 [INFO] PluginManager:220 - loadIPPluginJar : add fmc
2024-09-10 10:07:38,083 [INFO] IPUIPlugin:80 - create IPUIPlugin
2024-09-10 10:07:38,084 [INFO] PluginManager:220 - loadIPPluginJar : add freertos
2024-09-10 10:07:38,125 [INFO] IPUIPlugin:80 - create IPUIPlugin
2024-09-10 10:07:38,125 [INFO] PluginManager:220 - loadIPPluginJar : add genericplugin
2024-09-10 10:07:38,368 [INFO] IPUIPlugin:80 - create IPUIPlugin
2024-09-10 10:07:38,369 [INFO] PluginManager:220 - loadIPPluginJar : add gfxmmu
2024-09-10 10:07:38,686 [INFO] ThirdPartyUpdaterWithRetryManager:70 - Updater plugin not ready yet. [2/15]
2024-09-10 10:07:38,694 [INFO] IPUIPlugin:80 - create IPUIPlugin
2024-09-10 10:07:38,695 [INFO] PluginManager:220 - loadIPPluginJar : add gic
2024-09-10 10:07:38,742 [INFO] IPUIPlugin:80 - create IPUIPlugin
2024-09-10 10:07:38,743 [INFO] PluginManager:220 - loadIPPluginJar : add gpio
2024-09-10 10:07:38,868 [INFO] IPUIPlugin:80 - create IPUIPlugin
2024-09-10 10:07:38,868 [INFO] PluginManager:220 - loadIPPluginJar : add gtzc
2024-09-10 10:07:38,914 [INFO] IPUIPlugin:80 - create IPUIPlugin
2024-09-10 10:07:38,915 [INFO] PluginManager:220 - loadIPPluginJar : add hash
2024-09-10 10:07:39,022 [INFO] IPUIPlugin:80 - create IPUIPlugin
2024-09-10 10:07:39,022 [INFO] PluginManager:220 - loadIPPluginJar : add i2c
2024-09-10 10:07:39,177 [INFO] IPUIPlugin:80 - create IPUIPlugin
2024-09-10 10:07:39,177 [INFO] PluginManager:220 - loadIPPluginJar : add i2s
2024-09-10 10:07:39,277 [INFO] IPUIPlugin:80 - create IPUIPlugin
2024-09-10 10:07:39,277 [INFO] PluginManager:220 - loadIPPluginJar : add i3c
2024-09-10 10:07:39,509 [INFO] IPUIPlugin:80 - create IPUIPlugin
2024-09-10 10:07:39,509 [INFO] PluginManager:220 - loadIPPluginJar : add ipddr
2024-09-10 10:07:39,728 [INFO] IPUIPlugin:80 - create IPUIPlugin
2024-09-10 10:07:39,728 [INFO] PluginManager:220 - loadIPPluginJar : add linkedlist
2024-09-10 10:07:39,824 [INFO] IPUIPlugin:80 - create IPUIPlugin
2024-09-10 10:07:39,824 [INFO] PluginManager:220 - loadIPPluginJar : add lorawan
2024-09-10 10:07:40,512 [INFO] IPUIPlugin:80 - create IPUIPlugin
2024-09-10 10:07:40,512 [INFO] PluginManager:220 - loadIPPluginJar : add ltdc
2024-09-10 10:07:40,883 [INFO] IPUIPlugin:80 - create IPUIPlugin
2024-09-10 10:07:40,883 [INFO] PluginManager:220 - loadIPPluginJar : add mdma
2024-09-10 10:07:40,977 [INFO] IPUIPlugin:80 - create IPUIPlugin
2024-09-10 10:07:40,978 [INFO] PluginManager:220 - loadIPPluginJar : add nvic
2024-09-10 10:07:41,050 [INFO] IPUIPlugin:80 - create IPUIPlugin
2024-09-10 10:07:41,050 [INFO] PluginManager:220 - loadIPPluginJar : add opamp
2024-09-10 10:07:41,197 [INFO] IPUIPlugin:80 - create IPUIPlugin
2024-09-10 10:07:41,197 [INFO] PluginManager:220 - loadIPPluginJar : add openamp
2024-09-10 10:07:41,284 [INFO] IPUIPlugin:80 - create IPUIPlugin
2024-09-10 10:07:41,284 [INFO] PluginManager:220 - loadIPPluginJar : add pdm2pcm
2024-09-10 10:07:41,332 [INFO] IPUIPlugin:80 - create IPUIPlugin
2024-09-10 10:07:41,335 [INFO] PluginManager:220 - loadIPPluginJar : add plateformsettings
2024-09-10 10:07:41,416 [INFO] IPUIPlugin:80 - create IPUIPlugin
2024-09-10 10:07:41,416 [INFO] PluginManager:220 - loadIPPluginJar : add quadspi
2024-09-10 10:07:41,473 [INFO] IPUIPlugin:80 - create IPUIPlugin
2024-09-10 10:07:41,475 [INFO] PluginManager:220 - loadIPPluginJar : add radio
2024-09-10 10:07:41,519 [INFO] IPUIPlugin:80 - create IPUIPlugin
2024-09-10 10:07:41,519 [INFO] PluginManager:220 - loadIPPluginJar : add resmgrutility
2024-09-10 10:07:41,675 [INFO] IPUIPlugin:80 - create IPUIPlugin
2024-09-10 10:07:41,675 [INFO] PluginManager:220 - loadIPPluginJar : add sai
2024-09-10 10:07:41,692 [INFO] ThirdPartyUpdaterWithRetryManager:70 - Updater plugin not ready yet. [3/15]
2024-09-10 10:07:41,795 [INFO] IPUIPlugin:80 - create IPUIPlugin
2024-09-10 10:07:41,795 [INFO] PluginManager:220 - loadIPPluginJar : add spi
2024-09-10 10:07:42,380 [INFO] IPUIPlugin:80 - create IPUIPlugin
2024-09-10 10:07:42,380 [INFO] PluginManager:220 - loadIPPluginJar : add stm32_wpan
2024-09-10 10:07:42,437 [INFO] IPUIPlugin:80 - create IPUIPlugin
2024-09-10 10:07:42,438 [INFO] PluginManager:220 - loadIPPluginJar : add tim
2024-09-10 10:07:42,577 [INFO] IPUIPlugin:80 - create IPUIPlugin
2024-09-10 10:07:42,577 [INFO] PluginManager:220 - loadIPPluginJar : add touchsensing
2024-09-10 10:07:42,693 [INFO] IPUIPlugin:80 - create IPUIPlugin
2024-09-10 10:07:42,693 [INFO] PluginManager:220 - loadIPPluginJar : add tracer_emb
2024-09-10 10:07:42,744 [INFO] IPUIPlugin:80 - create IPUIPlugin
2024-09-10 10:07:42,744 [INFO] PluginManager:220 - loadIPPluginJar : add ts
2024-09-10 10:07:42,781 [INFO] IPUIPlugin:80 - create IPUIPlugin
2024-09-10 10:07:42,781 [INFO] PluginManager:220 - loadIPPluginJar : add tsc
2024-09-10 10:07:42,847 [INFO] IPUIPlugin:80 - create IPUIPlugin
2024-09-10 10:07:42,847 [INFO] PluginManager:220 - loadIPPluginJar : add ucpd
2024-09-10 10:07:42,959 [INFO] IPUIPlugin:80 - create IPUIPlugin
2024-09-10 10:07:42,959 [INFO] PluginManager:220 - loadIPPluginJar : add usart
2024-09-10 10:07:43,032 [INFO] IPUIPlugin:80 - create IPUIPlugin
2024-09-10 10:07:43,032 [INFO] PluginManager:220 - loadIPPluginJar : add usbx
2024-09-10 10:07:43,222 [INFO] CADModel:165 - CPN selected for project level
2024-09-10 10:07:43,222 [INFO] CADModel:114 - Register for checkConnection events
2024-09-10 10:07:43,223 [FATAL] Updater:334 - Updater called before beeing initialized
2024-09-10 10:07:43,223 [ERROR] CADModel:125 - Updater not yet initialized, retry later 
2024-09-10 10:07:44,052 [INFO] CADModel:165 - CPN selected for project level
2024-09-10 10:07:44,052 [INFO] CADModel:114 - Register for checkConnection events
2024-09-10 10:07:44,052 [FATAL] Updater:334 - Updater called before beeing initialized
2024-09-10 10:07:44,052 [ERROR] CADModel:125 - Updater not yet initialized, retry later 
2024-09-10 10:07:44,068 [FATAL] Updater:334 - Updater called before beeing initialized
2024-09-10 10:07:44,315 [FATAL] Updater:334 - Updater called before beeing initialized
2024-09-10 10:07:44,350 [INFO] DbMcusAds:53 - JSON generation date=Thu May 16 16:22:00 ICT 2024 (1715851320667)
2024-09-10 10:07:44,350 [FATAL] Updater:334 - Updater called before beeing initialized
2024-09-10 10:07:44,598 [WARN] DetailPanel:346 - Failed to get advertising image, set to default
2024-09-10 10:07:44,703 [INFO] ThirdPartyUpdaterWithRetryManager:70 - Updater plugin not ready yet. [4/15]
2024-09-10 10:07:45,232 [FATAL] Updater:334 - Updater called before beeing initialized
2024-09-10 10:07:45,244 [FATAL] Updater:334 - Updater called before beeing initialized
2024-09-10 10:07:45,244 [FATAL] Updater:334 - Updater called before beeing initialized
2024-09-10 10:07:45,244 [WARN] DetailPanel:346 - Failed to get advertising image, set to default
2024-09-10 10:07:45,246 [FATAL] Updater:334 - Updater called before beeing initialized
2024-09-10 10:07:45,415 [ERROR] Updater:1164 - MainUpdater not yet initialized. External WinMGr cannot be set.
2024-09-10 10:07:45,449 [INFO] Updater:1100 - Updater Version found : 6.12.0
2024-09-10 10:07:45,491 [INFO] ApplicationProperties:184 - Using Application install path: D:\ST\STM32CubeIDE_1.16.0\STM32CubeIDE\plugins\com.st.stm32cube.common.mx_6.12.0.202406281431
2024-09-10 10:07:47,651 [ERROR] LogOutputStream:75 - [STDERR_REDIRECT] Sep 10, 2024 10:07:47 AM java.util.prefs.WindowsPreferences <init>
2024-09-10 10:07:47,658 [ERROR] LogOutputStream:75 - [STDERR_REDIRECT] WARNING: Could not open/create prefs root node Software\JavaSoft\Prefs at root 0xffffffff80000002. Windows RegCreateKeyEx(...) returned error code 5.
2024-09-10 10:07:47,660 [ERROR] LogOutputStream:75 - [STDERR_REDIRECT] 
2024-09-10 10:07:47,805 [FATAL] Updater:334 - Updater called before beeing initialized
2024-09-10 10:07:47,806 [ERROR] IntegrityCheckThread:130 - Cannot retrieve database content from updater: error 21
2024-09-10 10:07:47,809 [INFO] ThirdParty:978 - Integrity check success = false
2024-09-10 10:07:47,810 [INFO] IntegrityCheckThread:100 - exiting critical section [integrity check]
2024-09-10 10:07:47,810 [INFO] IntegrityCheckThread:103 - End integrity checks thread
2024-09-10 10:07:48,784 [INFO] MainUpdater:2873 - connection check result : 10
2024-09-10 10:07:48,788 [INFO] MainUpdater:290 - Updater Check For Update Now.
2024-09-10 10:07:48,790 [INFO] MicroXplorer:498 - Change Database Version : DB.6.0.120
2024-09-10 10:07:48,968 [INFO] McuFinderGlobals:63 - Set McuFinder mode to 2 (CubeIDE integrated)
2024-09-10 10:07:48,969 [INFO] UserAuth:179 - activating auth plugin
2024-09-10 10:07:48,996 [INFO] UserAuth:417 - Internet connection configuration mode: 1
2024-09-10 10:07:49,165 [INFO] JxBrowserEngine:152 - Initiate JxBrowser Engine with user profile folder
2024-09-10 10:07:49,250 [INFO] CheckServerUpdateThread:120 - End of CheckServer Thread
2024-09-10 10:07:56,532 [INFO] WebApp:167 - Instantiating new browser for Auth
2024-09-10 10:07:58,415 [INFO] WebApp:448 - Apply proxy settings
2024-09-10 10:07:58,416 [INFO] WebApp:533 - Chromium requires no authentication
2024-09-10 10:07:58,462 [INFO] WebApp:476 - Direct internet connection detected
2024-09-10 10:07:58,572 [INFO] WebApp:869 - Register for checkConnection events
2024-09-10 10:07:58,572 [INFO] WebApp:448 - Apply proxy settings
2024-09-10 10:07:58,573 [INFO] WebApp:533 - Chromium requires no authentication
2024-09-10 10:07:58,574 [INFO] WebApp:476 - Direct internet connection detected
2024-09-10 10:07:58,883 [INFO] WebApp:186 - Connection restablished
2024-09-10 10:07:58,982 [INFO] WebApp:220 - Starting web application
2024-09-10 10:07:58,982 [INFO] WebApp:578 - Web application path used D:\ST\STM32CubeIDE_1.16.0\STM32CubeIDE\plugins\com.st.stm32cube.common.mx_6.12.0.202406281431\db\plugins\mcufinder\reactClient1\index.html
