2024-09-04 09:00:57,101 [INFO] Activator:176 - 


2024-09-04 09:00:57,139 [INFO] Activator:177 - !SESSION log4j initialized
2024-09-04 09:01:16,001 [INFO] LogOutputStream:77 - [STDOUT_REDIRECT] 
2024-09-04 09:01:31,282 [INFO] ApplicationProperties:184 - Using Application install path: D:\ST\STM32CubeIDE_1.16.0\STM32CubeIDE\plugins\com.st.stm32cube.common.mx_6.12.0.202406281431
2024-09-04 09:01:31,362 [INFO] DbMcusXml:78 - Set database path to: D:\ST\STM32CubeIDE_1.16.0\STM32CubeIDE\plugins\com.st.stm32cube.common.mx_6.12.0.202406281431\\db\/mcu/
2024-09-04 09:01:31,363 [INFO] ApiDb:274 - Set plugin database path to: D:\ST\STM32CubeIDE_1.16.0\STM32CubeIDE\plugins\com.st.stm32cube.common.mx_6.12.0.202406281431\\db\/plugins/boardmanager/
2024-09-04 09:01:31,364 [WARN] ApiDb:259 - Overriding images path with different value:  => D:\ST\STM32CubeIDE_1.16.0\STM32CubeIDE\plugins\com.st.stm32cube.common.mx_6.12.0.202406281431\\db\/plugins/mcufinder/images/
2024-09-04 09:01:31,518 [INFO] ApiDb:250 - Set database path to: C:\Users\Asus\.stmcufinder\plugins\mcufinder//mcu/
2024-09-04 09:01:31,521 [INFO] DbMcusAds:125 - Set database path to: C:\Users\Asus\.stmcufinder\plugins\mcufinder//mcu/
2024-09-04 09:01:31,536 [INFO] CrossReferenceDbSqlite:203 - Set database path to: C:\Users\Asus\.stmcufinder\plugins\mcufinder//mcu/cs/
2024-09-04 09:01:31,888 [INFO] RulesReader:64 - Compatibility file has been processed (297 Rules)
2024-09-04 09:01:32,267 [INFO] DbMcusXml:78 - Set database path to: D:\ST\STM32CubeIDE_1.16.0\STM32CubeIDE\plugins\com.st.stm32cube.common.mx_6.12.0.202406281431\\db\/mcu/
2024-09-04 09:01:32,268 [INFO] ApiDb:274 - Set plugin database path to: D:\ST\STM32CubeIDE_1.16.0\STM32CubeIDE\plugins\com.st.stm32cube.common.mx_6.12.0.202406281431\\db\/plugins/boardmanager/
2024-09-04 09:01:32,268 [INFO] ApiDb:261 - Set plugin images path to: D:\ST\STM32CubeIDE_1.16.0\STM32CubeIDE\plugins\com.st.stm32cube.common.mx_6.12.0.202406281431\\db\/plugins/mcufinder/images/
2024-09-04 09:01:32,269 [WARN] DbFile:41 - Overriding database path with different value: C:\Users\Asus\.stmcufinder\plugins\mcufinder/ => C:\Users\Asus\.stmcufinder\plugins\mcufinder
2024-09-04 09:01:32,269 [INFO] ApiDb:250 - Set database path to: C:\Users\Asus\.stmcufinder\plugins\mcufinder//mcu/
2024-09-04 09:01:32,269 [WARN] DbFile:41 - Overriding database path with different value: C:\Users\Asus\.stmcufinder\plugins\mcufinder/ => C:\Users\Asus\.stmcufinder\plugins\mcufinder
2024-09-04 09:01:32,269 [INFO] DbMcusAds:125 - Set database path to: C:\Users\Asus\.stmcufinder\plugins\mcufinder//mcu/
2024-09-04 09:01:32,270 [WARN] DbFile:41 - Overriding database path with different value: C:\Users\Asus\.stmcufinder\plugins\mcufinder/ => C:\Users\Asus\.stmcufinder\plugins\mcufinder
2024-09-04 09:01:32,270 [WARN] DbFile:41 - Overriding database path with different value: C:\Users\Asus\.stmcufinder\plugins\mcufinder/ => C:\Users\Asus\.stmcufinder\plugins\mcufinder
2024-09-04 09:01:32,270 [INFO] CrossReferenceDbSqlite:203 - Set database path to: C:\Users\Asus\.stmcufinder\plugins\mcufinder//mcu/cs/
2024-09-04 09:01:32,497 [INFO] MainPanel:268 - HeapMemory: 268435456
2024-09-04 09:01:32,781 [INFO] DbMcusXml:78 - Set database path to: D:\ST\STM32CubeIDE_1.16.0\STM32CubeIDE\plugins\com.st.stm32cube.common.mx_6.12.0.202406281431\\db\/mcu/
2024-09-04 09:01:32,781 [INFO] ApiDb:274 - Set plugin database path to: D:\ST\STM32CubeIDE_1.16.0\STM32CubeIDE\plugins\com.st.stm32cube.common.mx_6.12.0.202406281431\\db\/plugins/boardmanager/
2024-09-04 09:01:32,781 [INFO] ApiDb:261 - Set plugin images path to: D:\ST\STM32CubeIDE_1.16.0\STM32CubeIDE\plugins\com.st.stm32cube.common.mx_6.12.0.202406281431\\db\/plugins/mcufinder/images/
2024-09-04 09:01:32,782 [WARN] DbFile:41 - Overriding database path with different value: C:\Users\Asus\.stmcufinder\plugins\mcufinder/ => C:\Users\Asus\.stmcufinder\plugins\mcufinder
2024-09-04 09:01:32,782 [INFO] ApiDb:250 - Set database path to: C:\Users\Asus\.stmcufinder\plugins\mcufinder//mcu/
2024-09-04 09:01:32,782 [WARN] DbFile:41 - Overriding database path with different value: C:\Users\Asus\.stmcufinder\plugins\mcufinder/ => C:\Users\Asus\.stmcufinder\plugins\mcufinder
2024-09-04 09:01:32,782 [INFO] DbMcusAds:125 - Set database path to: C:\Users\Asus\.stmcufinder\plugins\mcufinder//mcu/
2024-09-04 09:01:32,783 [WARN] DbFile:41 - Overriding database path with different value: C:\Users\Asus\.stmcufinder\plugins\mcufinder/ => C:\Users\Asus\.stmcufinder\plugins\mcufinder
2024-09-04 09:01:32,783 [WARN] DbFile:41 - Overriding database path with different value: C:\Users\Asus\.stmcufinder\plugins\mcufinder/ => C:\Users\Asus\.stmcufinder\plugins\mcufinder
2024-09-04 09:01:32,783 [INFO] CrossReferenceDbSqlite:203 - Set database path to: C:\Users\Asus\.stmcufinder\plugins\mcufinder//mcu/cs/
2024-09-04 09:01:32,820 [INFO] ApplicationProperties:184 - Using Application install path: D:\ST\STM32CubeIDE_1.16.0\STM32CubeIDE\plugins\com.st.stm32cube.common.mx_6.12.0.202406281431
2024-09-04 09:01:32,823 [INFO] PluginManage:196 - Search for loadable plugins [exclusion list=, ]
2024-09-04 09:01:32,826 [INFO] PluginManage:310 - Check plugin analytics
2024-09-04 09:01:43,106 [INFO] AnalyticsPlugin:253 - Accepted Software Licenses: 
2024-09-04 09:01:43,107 [INFO] AnalyticsPlugin:255 - Accepted CMSIS Pack Licenses: 
2024-09-04 09:01:43,108 [INFO] AnalyticsPlugin:257 - Accepted Firmware Licenses: 
2024-09-04 09:01:43,114 [INFO] PluginManage:359 - Loaded plugin analytics (category:tool,tabindex:-1)
2024-09-04 09:01:43,114 [INFO] PluginManage:310 - Check plugin cadmodel
2024-09-04 09:01:43,275 [INFO] CADModel:105 - Init CAD model plugin
2024-09-04 09:01:43,276 [INFO] PluginManage:359 - Loaded plugin cadmodel (category:power,tabindex:5)
2024-09-04 09:01:43,277 [INFO] PluginManage:310 - Check plugin clock
2024-09-04 09:01:43,325 [INFO] PluginManage:359 - Loaded plugin clock (category:base,tabindex:2)
2024-09-04 09:01:43,326 [INFO] PluginManage:310 - Check plugin ddr
2024-09-04 09:01:43,355 [INFO] PluginManage:359 - Loaded plugin ddr (category:tool,tabindex:6)
2024-09-04 09:01:43,355 [INFO] PluginManage:310 - Check plugin filemanager
2024-09-04 09:01:43,705 [INFO] PluginManage:359 - Loaded plugin filemanager (category:base,tabindex:10)
2024-09-04 09:01:43,705 [INFO] PluginManage:310 - Check plugin ipmanager
2024-09-04 09:01:43,722 [INFO] PluginManage:359 - Loaded plugin ipmanager (category:base,tabindex:5)
2024-09-04 09:01:43,722 [INFO] PluginManage:310 - Check plugin lpbam
2024-09-04 09:01:43,783 [INFO] PluginManage:359 - Loaded plugin lpbam (category:base,tabindex:0)
2024-09-04 09:01:43,783 [INFO] PluginManage:310 - Check plugin memorymap
2024-09-04 09:01:43,856 [INFO] PluginManage:359 - Loaded plugin memorymap (category:base,tabindex:4)
2024-09-04 09:01:43,857 [INFO] PluginManage:310 - Check plugin pinoutandconfiguration
2024-09-04 09:01:43,894 [INFO] PluginManage:359 - Loaded plugin pinoutandconfiguration (category:base,tabindex:1)
2024-09-04 09:01:43,894 [INFO] PluginManage:310 - Check plugin pinoutconfig
2024-09-04 09:01:44,161 [WARN] SupportedApi:132 - Cannot load RTOS API schema: s4s-elt-must-match.1: The content of 'definitions' must match (annotation?, (simpleType | complexType)?, (unique | key | keyref)*)). A problem was found starting at: attribute.
2024-09-04 09:01:44,463 [INFO] PluginManage:359 - Loaded plugin pinoutconfig (category:base,tabindex:0)
2024-09-04 09:01:44,463 [INFO] PluginManage:310 - Check plugin power
2024-09-04 09:01:44,556 [INFO] PluginManage:359 - Loaded plugin power (category:power,tabindex:4)
2024-09-04 09:01:44,556 [INFO] PluginManage:310 - Check plugin projectmanager
2024-09-04 09:01:44,600 [INFO] PluginManage:359 - Loaded plugin projectmanager (category:projectmanager,tabindex:4)
2024-09-04 09:01:44,601 [INFO] PluginManage:310 - Check plugin rif
2024-09-04 09:01:44,649 [INFO] PluginManage:359 - Loaded plugin rif (category:base,tabindex:3)
2024-09-04 09:01:44,650 [INFO] PluginManage:310 - Check plugin thirdparty
2024-09-04 09:01:45,279 [WARN] IntegrityCheckThread:84 - waiting for thirdparty lock release [integrity check]
2024-09-04 09:01:45,280 [INFO] PluginManage:359 - Loaded plugin thirdparty (category:base,tabindex:-1)
2024-09-04 09:01:45,280 [INFO] IntegrityCheckThread:86 - entering critical section [integrity check]
2024-09-04 09:01:45,280 [INFO] PluginManage:310 - Check plugin tools
2024-09-04 09:01:45,281 [INFO] ThirdPartyUpdaterWithRetryManager:70 - Updater plugin not ready yet. [1/15]
2024-09-04 09:01:45,394 [INFO] PluginManage:359 - Loaded plugin tools (category:base,tabindex:7)
2024-09-04 09:01:45,394 [INFO] PluginManage:310 - Check plugin tutovideos
2024-09-04 09:01:45,856 [INFO] PluginManage:359 - Loaded plugin tutovideos (category:base,tabindex:-1)
2024-09-04 09:01:45,856 [INFO] PluginManage:310 - Check plugin updater
2024-09-04 09:01:45,942 [INFO] PluginManage:359 - Loaded plugin updater (category:base,tabindex:12)
2024-09-04 09:01:45,942 [INFO] PluginManage:310 - Check plugin userauth
2024-09-04 09:01:45,967 [INFO] UserAuth:113 - Init User Auth plugin
2024-09-04 09:01:45,968 [INFO] PluginManage:359 - Loaded plugin userauth (category:base,tabindex:14)
2024-09-04 09:01:45,968 [INFO] PluginManage:283 - PluginManage : Loaded plugins [18]
2024-09-04 09:01:46,480 [INFO] PinOutPanel:1561 - setPackage(No Configuration,No Configuration)
2024-09-04 09:01:46,691 [INFO] CADModel:165 - CPN selected for project level
2024-09-04 09:01:46,691 [INFO] CADModel:114 - Register for checkConnection events
2024-09-04 09:01:46,802 [INFO] IPUIPlugin:80 - create IPUIPlugin
2024-09-04 09:01:46,803 [INFO] PluginManager:220 - loadIPPluginJar : add adc
2024-09-04 09:01:46,856 [INFO] IPUIPlugin:80 - create IPUIPlugin
2024-09-04 09:01:46,856 [INFO] PluginManager:220 - loadIPPluginJar : add aes
2024-09-04 09:01:46,948 [INFO] IPUIPlugin:80 - create IPUIPlugin
2024-09-04 09:01:46,948 [INFO] PluginManager:220 - loadIPPluginJar : add can
2024-09-04 09:01:46,999 [INFO] IPUIPlugin:80 - create IPUIPlugin
2024-09-04 09:01:46,999 [INFO] PluginManager:220 - loadIPPluginJar : add comp
2024-09-04 09:01:47,054 [INFO] IPUIPlugin:80 - create IPUIPlugin
2024-09-04 09:01:47,054 [INFO] PluginManager:220 - loadIPPluginJar : add cryp
2024-09-04 09:01:47,110 [INFO] IPUIPlugin:80 - create IPUIPlugin
2024-09-04 09:01:47,110 [INFO] PluginManager:220 - loadIPPluginJar : add ddr_ctrl_phy
2024-09-04 09:01:47,168 [INFO] IPUIPlugin:80 - create IPUIPlugin
2024-09-04 09:01:47,169 [INFO] PluginManager:220 - loadIPPluginJar : add dfsdm
2024-09-04 09:01:47,216 [INFO] IPUIPlugin:80 - create IPUIPlugin
2024-09-04 09:01:47,217 [INFO] PluginManager:220 - loadIPPluginJar : add dma
2024-09-04 09:01:47,308 [INFO] IPUIPlugin:80 - create IPUIPlugin
2024-09-04 09:01:47,308 [INFO] PluginManager:220 - loadIPPluginJar : add dma3
2024-09-04 09:01:47,458 [INFO] IPUIPlugin:80 - create IPUIPlugin
2024-09-04 09:01:47,458 [INFO] PluginManager:220 - loadIPPluginJar : add extmemmanager
2024-09-04 09:01:47,532 [INFO] IPUIPlugin:80 - create IPUIPlugin
2024-09-04 09:01:47,532 [INFO] PluginManager:220 - loadIPPluginJar : add fatfs
2024-09-04 09:01:47,696 [INFO] IPUIPlugin:80 - create IPUIPlugin
2024-09-04 09:01:47,697 [INFO] PluginManager:220 - loadIPPluginJar : add fmc
2024-09-04 09:01:47,771 [INFO] IPUIPlugin:80 - create IPUIPlugin
2024-09-04 09:01:47,772 [INFO] PluginManager:220 - loadIPPluginJar : add freertos
2024-09-04 09:01:47,843 [INFO] IPUIPlugin:80 - create IPUIPlugin
2024-09-04 09:01:47,843 [INFO] PluginManager:220 - loadIPPluginJar : add genericplugin
2024-09-04 09:01:48,064 [INFO] IPUIPlugin:80 - create IPUIPlugin
2024-09-04 09:01:48,064 [INFO] PluginManager:220 - loadIPPluginJar : add gfxmmu
2024-09-04 09:01:48,292 [INFO] ThirdPartyUpdaterWithRetryManager:70 - Updater plugin not ready yet. [2/15]
2024-09-04 09:01:48,402 [INFO] IPUIPlugin:80 - create IPUIPlugin
2024-09-04 09:01:48,403 [INFO] PluginManager:220 - loadIPPluginJar : add gic
2024-09-04 09:01:48,437 [INFO] IPUIPlugin:80 - create IPUIPlugin
2024-09-04 09:01:48,437 [INFO] PluginManager:220 - loadIPPluginJar : add gpio
2024-09-04 09:01:48,583 [INFO] IPUIPlugin:80 - create IPUIPlugin
2024-09-04 09:01:48,583 [INFO] PluginManager:220 - loadIPPluginJar : add gtzc
2024-09-04 09:01:48,640 [INFO] IPUIPlugin:80 - create IPUIPlugin
2024-09-04 09:01:48,640 [INFO] PluginManager:220 - loadIPPluginJar : add hash
2024-09-04 09:01:48,722 [INFO] IPUIPlugin:80 - create IPUIPlugin
2024-09-04 09:01:48,723 [INFO] PluginManager:220 - loadIPPluginJar : add i2c
2024-09-04 09:01:48,811 [INFO] IPUIPlugin:80 - create IPUIPlugin
2024-09-04 09:01:48,812 [INFO] PluginManager:220 - loadIPPluginJar : add i2s
2024-09-04 09:01:48,902 [INFO] IPUIPlugin:80 - create IPUIPlugin
2024-09-04 09:01:48,902 [INFO] PluginManager:220 - loadIPPluginJar : add i3c
2024-09-04 09:01:49,056 [INFO] IPUIPlugin:80 - create IPUIPlugin
2024-09-04 09:01:49,056 [INFO] PluginManager:220 - loadIPPluginJar : add ipddr
2024-09-04 09:01:49,275 [INFO] IPUIPlugin:80 - create IPUIPlugin
2024-09-04 09:01:49,275 [INFO] PluginManager:220 - loadIPPluginJar : add linkedlist
2024-09-04 09:01:49,363 [INFO] IPUIPlugin:80 - create IPUIPlugin
2024-09-04 09:01:49,363 [INFO] PluginManager:220 - loadIPPluginJar : add lorawan
2024-09-04 09:01:49,422 [INFO] IPUIPlugin:80 - create IPUIPlugin
2024-09-04 09:01:49,422 [INFO] PluginManager:220 - loadIPPluginJar : add ltdc
2024-09-04 09:01:49,464 [INFO] IPUIPlugin:80 - create IPUIPlugin
2024-09-04 09:01:49,464 [INFO] PluginManager:220 - loadIPPluginJar : add mdma
2024-09-04 09:01:49,490 [INFO] IPUIPlugin:80 - create IPUIPlugin
2024-09-04 09:01:49,490 [INFO] PluginManager:220 - loadIPPluginJar : add nvic
2024-09-04 09:01:49,541 [INFO] IPUIPlugin:80 - create IPUIPlugin
2024-09-04 09:01:49,542 [INFO] PluginManager:220 - loadIPPluginJar : add opamp
2024-09-04 09:01:49,669 [INFO] IPUIPlugin:80 - create IPUIPlugin
2024-09-04 09:01:49,670 [INFO] PluginManager:220 - loadIPPluginJar : add openamp
2024-09-04 09:01:49,772 [INFO] IPUIPlugin:80 - create IPUIPlugin
2024-09-04 09:01:49,772 [INFO] PluginManager:220 - loadIPPluginJar : add pdm2pcm
2024-09-04 09:01:49,818 [INFO] IPUIPlugin:80 - create IPUIPlugin
2024-09-04 09:01:49,822 [INFO] PluginManager:220 - loadIPPluginJar : add plateformsettings
2024-09-04 09:01:49,864 [INFO] IPUIPlugin:80 - create IPUIPlugin
2024-09-04 09:01:49,864 [INFO] PluginManager:220 - loadIPPluginJar : add quadspi
2024-09-04 09:01:49,900 [INFO] IPUIPlugin:80 - create IPUIPlugin
2024-09-04 09:01:49,902 [INFO] PluginManager:220 - loadIPPluginJar : add radio
2024-09-04 09:01:49,948 [INFO] IPUIPlugin:80 - create IPUIPlugin
2024-09-04 09:01:49,949 [INFO] PluginManager:220 - loadIPPluginJar : add resmgrutility
2024-09-04 09:01:50,053 [INFO] IPUIPlugin:80 - create IPUIPlugin
2024-09-04 09:01:50,053 [INFO] PluginManager:220 - loadIPPluginJar : add sai
2024-09-04 09:01:50,105 [INFO] IPUIPlugin:80 - create IPUIPlugin
2024-09-04 09:01:50,105 [INFO] PluginManager:220 - loadIPPluginJar : add spi
2024-09-04 09:01:50,241 [INFO] IPUIPlugin:80 - create IPUIPlugin
2024-09-04 09:01:50,241 [INFO] PluginManager:220 - loadIPPluginJar : add stm32_wpan
2024-09-04 09:01:50,288 [INFO] IPUIPlugin:80 - create IPUIPlugin
2024-09-04 09:01:50,288 [INFO] PluginManager:220 - loadIPPluginJar : add tim
2024-09-04 09:01:50,425 [INFO] IPUIPlugin:80 - create IPUIPlugin
2024-09-04 09:01:50,425 [INFO] PluginManager:220 - loadIPPluginJar : add touchsensing
2024-09-04 09:01:50,491 [INFO] IPUIPlugin:80 - create IPUIPlugin
2024-09-04 09:01:50,491 [INFO] PluginManager:220 - loadIPPluginJar : add tracer_emb
2024-09-04 09:01:50,534 [INFO] IPUIPlugin:80 - create IPUIPlugin
2024-09-04 09:01:50,534 [INFO] PluginManager:220 - loadIPPluginJar : add ts
2024-09-04 09:01:50,591 [INFO] IPUIPlugin:80 - create IPUIPlugin
2024-09-04 09:01:50,591 [INFO] PluginManager:220 - loadIPPluginJar : add tsc
2024-09-04 09:01:50,634 [INFO] IPUIPlugin:80 - create IPUIPlugin
2024-09-04 09:01:50,634 [INFO] PluginManager:220 - loadIPPluginJar : add ucpd
2024-09-04 09:01:50,695 [INFO] IPUIPlugin:80 - create IPUIPlugin
2024-09-04 09:01:50,696 [INFO] PluginManager:220 - loadIPPluginJar : add usart
2024-09-04 09:01:50,776 [INFO] IPUIPlugin:80 - create IPUIPlugin
2024-09-04 09:01:50,776 [INFO] PluginManager:220 - loadIPPluginJar : add usbx
2024-09-04 09:01:50,956 [INFO] CADModel:165 - CPN selected for project level
2024-09-04 09:01:50,956 [INFO] CADModel:114 - Register for checkConnection events
2024-09-04 09:01:50,958 [FATAL] Updater:334 - Updater called before beeing initialized
2024-09-04 09:01:50,958 [ERROR] CADModel:125 - Updater not yet initialized, retry later 
2024-09-04 09:01:51,298 [INFO] ThirdPartyUpdaterWithRetryManager:70 - Updater plugin not ready yet. [3/15]
2024-09-04 09:01:51,409 [INFO] CADModel:165 - CPN selected for project level
2024-09-04 09:01:51,409 [INFO] CADModel:114 - Register for checkConnection events
2024-09-04 09:01:51,409 [FATAL] Updater:334 - Updater called before beeing initialized
2024-09-04 09:01:51,410 [ERROR] CADModel:125 - Updater not yet initialized, retry later 
2024-09-04 09:01:51,414 [FATAL] Updater:334 - Updater called before beeing initialized
2024-09-04 09:01:51,582 [FATAL] Updater:334 - Updater called before beeing initialized
2024-09-04 09:01:51,611 [INFO] DbMcusAds:53 - JSON generation date=Thu May 16 16:22:00 ICT 2024 (1715851320667)
2024-09-04 09:01:51,611 [FATAL] Updater:334 - Updater called before beeing initialized
2024-09-04 09:01:51,782 [WARN] DetailPanel:346 - Failed to get advertising image, set to default
2024-09-04 09:01:51,903 [FATAL] Updater:334 - Updater called before beeing initialized
2024-09-04 09:01:51,906 [FATAL] Updater:334 - Updater called before beeing initialized
2024-09-04 09:01:51,906 [FATAL] Updater:334 - Updater called before beeing initialized
2024-09-04 09:01:51,906 [WARN] DetailPanel:346 - Failed to get advertising image, set to default
2024-09-04 09:01:51,907 [FATAL] Updater:334 - Updater called before beeing initialized
2024-09-04 09:01:52,077 [ERROR] Updater:1164 - MainUpdater not yet initialized. External WinMGr cannot be set.
2024-09-04 09:01:52,103 [INFO] Updater:1100 - Updater Version found : 6.12.0
2024-09-04 09:01:52,134 [INFO] ApplicationProperties:184 - Using Application install path: D:\ST\STM32CubeIDE_1.16.0\STM32CubeIDE\plugins\com.st.stm32cube.common.mx_6.12.0.202406281431
2024-09-04 09:01:53,797 [ERROR] LogOutputStream:75 - [STDERR_REDIRECT] Sep 04, 2024 9:01:53 AM java.util.prefs.WindowsPreferences <init>
2024-09-04 09:01:53,801 [ERROR] LogOutputStream:75 - [STDERR_REDIRECT] WARNING: Could not open/create prefs root node Software\JavaSoft\Prefs at root 0xffffffff80000002. Windows RegCreateKeyEx(...) returned error code 5.
2024-09-04 09:01:53,802 [ERROR] LogOutputStream:75 - [STDERR_REDIRECT] 
2024-09-04 09:01:54,314 [FATAL] Updater:334 - Updater called before beeing initialized
2024-09-04 09:01:54,314 [ERROR] IntegrityCheckThread:130 - Cannot retrieve database content from updater: error 21
2024-09-04 09:01:54,315 [INFO] ThirdParty:978 - Integrity check success = false
2024-09-04 09:01:54,315 [INFO] IntegrityCheckThread:100 - exiting critical section [integrity check]
2024-09-04 09:01:54,315 [INFO] IntegrityCheckThread:103 - End integrity checks thread
2024-09-04 09:01:54,528 [INFO] MainUpdater:2873 - connection check result : 10
2024-09-04 09:01:54,529 [INFO] MainUpdater:290 - Updater Check For Update Now.
2024-09-04 09:01:54,529 [INFO] MicroXplorer:498 - Change Database Version : DB.6.0.120
2024-09-04 09:01:54,578 [INFO] McuFinderGlobals:63 - Set McuFinder mode to 2 (CubeIDE integrated)
2024-09-04 09:01:54,578 [INFO] UserAuth:179 - activating auth plugin
2024-09-04 09:01:54,583 [INFO] UserAuth:417 - Internet connection configuration mode: 1
2024-09-04 09:01:54,743 [INFO] JxBrowserEngine:152 - Initiate JxBrowser Engine with user profile folder
2024-09-04 09:01:54,909 [INFO] CheckServerUpdateThread:120 - End of CheckServer Thread
2024-09-04 09:02:00,941 [INFO] WebApp:167 - Instantiating new browser for Auth
2024-09-04 09:02:02,512 [INFO] WebApp:448 - Apply proxy settings
2024-09-04 09:02:02,513 [INFO] WebApp:533 - Chromium requires no authentication
2024-09-04 09:02:02,536 [INFO] WebApp:476 - Direct internet connection detected
2024-09-04 09:02:02,592 [INFO] WebApp:869 - Register for checkConnection events
2024-09-04 09:02:02,593 [INFO] WebApp:448 - Apply proxy settings
2024-09-04 09:02:02,593 [INFO] WebApp:533 - Chromium requires no authentication
2024-09-04 09:02:02,593 [INFO] WebApp:476 - Direct internet connection detected
2024-09-04 09:02:02,921 [INFO] WebApp:186 - Connection restablished
2024-09-04 09:02:02,988 [INFO] WebApp:220 - Starting web application
2024-09-04 09:02:02,989 [INFO] WebApp:578 - Web application path used D:\ST\STM32CubeIDE_1.16.0\STM32CubeIDE\plugins\com.st.stm32cube.common.mx_6.12.0.202406281431\db\plugins\mcufinder\reactClient1\index.html
