2024-09-17 10:58:56,728 [INFO] Activator:176 - 


2024-09-17 10:58:56,737 [INFO] Activator:177 - !SESSION log4j initialized
2024-09-17 10:59:15,961 [INFO] LogOutputStream:77 - [STDOUT_REDIRECT] 
2024-09-17 10:59:31,350 [INFO] ApplicationProperties:184 - Using Application install path: D:\ST\STM32CubeIDE_1.16.0\STM32CubeIDE\plugins\com.st.stm32cube.common.mx_6.12.0.202406281431
2024-09-17 10:59:31,428 [INFO] DbMcusXml:78 - Set database path to: D:\ST\STM32CubeIDE_1.16.0\STM32CubeIDE\plugins\com.st.stm32cube.common.mx_6.12.0.202406281431\\db\/mcu/
2024-09-17 10:59:31,428 [INFO] ApiDb:274 - Set plugin database path to: D:\ST\STM32CubeIDE_1.16.0\STM32CubeIDE\plugins\com.st.stm32cube.common.mx_6.12.0.202406281431\\db\/plugins/boardmanager/
2024-09-17 10:59:31,429 [WARN] ApiDb:259 - Overriding images path with different value:  => D:\ST\STM32CubeIDE_1.16.0\STM32CubeIDE\plugins\com.st.stm32cube.common.mx_6.12.0.202406281431\\db\/plugins/mcufinder/images/
2024-09-17 10:59:31,594 [INFO] ApiDb:250 - Set database path to: C:\Users\Asus\.stmcufinder\plugins\mcufinder//mcu/
2024-09-17 10:59:31,595 [INFO] DbMcusAds:125 - Set database path to: C:\Users\Asus\.stmcufinder\plugins\mcufinder//mcu/
2024-09-17 10:59:31,605 [INFO] CrossReferenceDbSqlite:203 - Set database path to: C:\Users\Asus\.stmcufinder\plugins\mcufinder//mcu/cs/
2024-09-17 10:59:31,944 [INFO] RulesReader:64 - Compatibility file has been processed (297 Rules)
2024-09-17 10:59:32,175 [INFO] DbMcusXml:78 - Set database path to: D:\ST\STM32CubeIDE_1.16.0\STM32CubeIDE\plugins\com.st.stm32cube.common.mx_6.12.0.202406281431\\db\/mcu/
2024-09-17 10:59:32,175 [INFO] ApiDb:274 - Set plugin database path to: D:\ST\STM32CubeIDE_1.16.0\STM32CubeIDE\plugins\com.st.stm32cube.common.mx_6.12.0.202406281431\\db\/plugins/boardmanager/
2024-09-17 10:59:32,175 [INFO] ApiDb:261 - Set plugin images path to: D:\ST\STM32CubeIDE_1.16.0\STM32CubeIDE\plugins\com.st.stm32cube.common.mx_6.12.0.202406281431\\db\/plugins/mcufinder/images/
2024-09-17 10:59:32,176 [WARN] DbFile:41 - Overriding database path with different value: C:\Users\Asus\.stmcufinder\plugins\mcufinder/ => C:\Users\Asus\.stmcufinder\plugins\mcufinder
2024-09-17 10:59:32,176 [INFO] ApiDb:250 - Set database path to: C:\Users\Asus\.stmcufinder\plugins\mcufinder//mcu/
2024-09-17 10:59:32,176 [WARN] DbFile:41 - Overriding database path with different value: C:\Users\Asus\.stmcufinder\plugins\mcufinder/ => C:\Users\Asus\.stmcufinder\plugins\mcufinder
2024-09-17 10:59:32,177 [INFO] DbMcusAds:125 - Set database path to: C:\Users\Asus\.stmcufinder\plugins\mcufinder//mcu/
2024-09-17 10:59:32,177 [WARN] DbFile:41 - Overriding database path with different value: C:\Users\Asus\.stmcufinder\plugins\mcufinder/ => C:\Users\Asus\.stmcufinder\plugins\mcufinder
2024-09-17 10:59:32,177 [WARN] DbFile:41 - Overriding database path with different value: C:\Users\Asus\.stmcufinder\plugins\mcufinder/ => C:\Users\Asus\.stmcufinder\plugins\mcufinder
2024-09-17 10:59:32,177 [INFO] CrossReferenceDbSqlite:203 - Set database path to: C:\Users\Asus\.stmcufinder\plugins\mcufinder//mcu/cs/
2024-09-17 10:59:32,431 [INFO] MainPanel:268 - HeapMemory: 268435456
2024-09-17 10:59:32,724 [INFO] DbMcusXml:78 - Set database path to: D:\ST\STM32CubeIDE_1.16.0\STM32CubeIDE\plugins\com.st.stm32cube.common.mx_6.12.0.202406281431\\db\/mcu/
2024-09-17 10:59:32,724 [INFO] ApiDb:274 - Set plugin database path to: D:\ST\STM32CubeIDE_1.16.0\STM32CubeIDE\plugins\com.st.stm32cube.common.mx_6.12.0.202406281431\\db\/plugins/boardmanager/
2024-09-17 10:59:32,725 [INFO] ApiDb:261 - Set plugin images path to: D:\ST\STM32CubeIDE_1.16.0\STM32CubeIDE\plugins\com.st.stm32cube.common.mx_6.12.0.202406281431\\db\/plugins/mcufinder/images/
2024-09-17 10:59:32,736 [WARN] DbFile:41 - Overriding database path with different value: C:\Users\Asus\.stmcufinder\plugins\mcufinder/ => C:\Users\Asus\.stmcufinder\plugins\mcufinder
2024-09-17 10:59:32,736 [INFO] ApiDb:250 - Set database path to: C:\Users\Asus\.stmcufinder\plugins\mcufinder//mcu/
2024-09-17 10:59:32,736 [WARN] DbFile:41 - Overriding database path with different value: C:\Users\Asus\.stmcufinder\plugins\mcufinder/ => C:\Users\Asus\.stmcufinder\plugins\mcufinder
2024-09-17 10:59:32,736 [INFO] DbMcusAds:125 - Set database path to: C:\Users\Asus\.stmcufinder\plugins\mcufinder//mcu/
2024-09-17 10:59:32,736 [WARN] DbFile:41 - Overriding database path with different value: C:\Users\Asus\.stmcufinder\plugins\mcufinder/ => C:\Users\Asus\.stmcufinder\plugins\mcufinder
2024-09-17 10:59:32,738 [WARN] DbFile:41 - Overriding database path with different value: C:\Users\Asus\.stmcufinder\plugins\mcufinder/ => C:\Users\Asus\.stmcufinder\plugins\mcufinder
2024-09-17 10:59:32,738 [INFO] CrossReferenceDbSqlite:203 - Set database path to: C:\Users\Asus\.stmcufinder\plugins\mcufinder//mcu/cs/
2024-09-17 10:59:32,768 [INFO] ApplicationProperties:184 - Using Application install path: D:\ST\STM32CubeIDE_1.16.0\STM32CubeIDE\plugins\com.st.stm32cube.common.mx_6.12.0.202406281431
2024-09-17 10:59:32,770 [INFO] PluginManage:196 - Search for loadable plugins [exclusion list=, ]
2024-09-17 10:59:32,771 [INFO] PluginManage:310 - Check plugin analytics
2024-09-17 10:59:42,673 [INFO] AnalyticsPlugin:253 - Accepted Software Licenses: 
2024-09-17 10:59:42,673 [INFO] AnalyticsPlugin:255 - Accepted CMSIS Pack Licenses: 
2024-09-17 10:59:42,673 [INFO] AnalyticsPlugin:257 - Accepted Firmware Licenses: 
2024-09-17 10:59:42,678 [INFO] PluginManage:359 - Loaded plugin analytics (category:tool,tabindex:-1)
2024-09-17 10:59:42,678 [INFO] PluginManage:310 - Check plugin cadmodel
2024-09-17 10:59:42,743 [INFO] CADModel:105 - Init CAD model plugin
2024-09-17 10:59:42,743 [INFO] PluginManage:359 - Loaded plugin cadmodel (category:power,tabindex:5)
2024-09-17 10:59:42,743 [INFO] PluginManage:310 - Check plugin clock
2024-09-17 10:59:42,789 [INFO] PluginManage:359 - Loaded plugin clock (category:base,tabindex:2)
2024-09-17 10:59:42,789 [INFO] PluginManage:310 - Check plugin ddr
2024-09-17 10:59:42,828 [INFO] PluginManage:359 - Loaded plugin ddr (category:tool,tabindex:6)
2024-09-17 10:59:42,829 [INFO] PluginManage:310 - Check plugin filemanager
2024-09-17 10:59:43,285 [INFO] PluginManage:359 - Loaded plugin filemanager (category:base,tabindex:10)
2024-09-17 10:59:43,286 [INFO] PluginManage:310 - Check plugin ipmanager
2024-09-17 10:59:43,312 [INFO] PluginManage:359 - Loaded plugin ipmanager (category:base,tabindex:5)
2024-09-17 10:59:43,313 [INFO] PluginManage:310 - Check plugin lpbam
2024-09-17 10:59:43,417 [INFO] PluginManage:359 - Loaded plugin lpbam (category:base,tabindex:0)
2024-09-17 10:59:43,417 [INFO] PluginManage:310 - Check plugin memorymap
2024-09-17 10:59:43,504 [INFO] PluginManage:359 - Loaded plugin memorymap (category:base,tabindex:4)
2024-09-17 10:59:43,504 [INFO] PluginManage:310 - Check plugin pinoutandconfiguration
2024-09-17 10:59:43,528 [INFO] PluginManage:359 - Loaded plugin pinoutandconfiguration (category:base,tabindex:1)
2024-09-17 10:59:43,529 [INFO] PluginManage:310 - Check plugin pinoutconfig
2024-09-17 10:59:43,774 [WARN] SupportedApi:132 - Cannot load RTOS API schema: s4s-elt-must-match.1: The content of 'definitions' must match (annotation?, (simpleType | complexType)?, (unique | key | keyref)*)). A problem was found starting at: attribute.
2024-09-17 10:59:44,139 [INFO] PluginManage:359 - Loaded plugin pinoutconfig (category:base,tabindex:0)
2024-09-17 10:59:44,140 [INFO] PluginManage:310 - Check plugin power
2024-09-17 10:59:44,245 [INFO] PluginManage:359 - Loaded plugin power (category:power,tabindex:4)
2024-09-17 10:59:44,245 [INFO] PluginManage:310 - Check plugin projectmanager
2024-09-17 10:59:44,291 [INFO] PluginManage:359 - Loaded plugin projectmanager (category:projectmanager,tabindex:4)
2024-09-17 10:59:44,291 [INFO] PluginManage:310 - Check plugin rif
2024-09-17 10:59:44,331 [INFO] PluginManage:359 - Loaded plugin rif (category:base,tabindex:3)
2024-09-17 10:59:44,331 [INFO] PluginManage:310 - Check plugin thirdparty
2024-09-17 10:59:44,981 [INFO] PluginManage:359 - Loaded plugin thirdparty (category:base,tabindex:-1)
2024-09-17 10:59:44,981 [WARN] IntegrityCheckThread:84 - waiting for thirdparty lock release [integrity check]
2024-09-17 10:59:44,981 [INFO] PluginManage:310 - Check plugin tools
2024-09-17 10:59:44,981 [INFO] IntegrityCheckThread:86 - entering critical section [integrity check]
2024-09-17 10:59:44,982 [INFO] ThirdPartyUpdaterWithRetryManager:70 - Updater plugin not ready yet. [1/15]
2024-09-17 10:59:45,039 [INFO] PluginManage:359 - Loaded plugin tools (category:base,tabindex:7)
2024-09-17 10:59:45,040 [INFO] PluginManage:310 - Check plugin tutovideos
2024-09-17 10:59:45,600 [INFO] PluginManage:359 - Loaded plugin tutovideos (category:base,tabindex:-1)
2024-09-17 10:59:45,600 [INFO] PluginManage:310 - Check plugin updater
2024-09-17 10:59:45,653 [INFO] PluginManage:359 - Loaded plugin updater (category:base,tabindex:12)
2024-09-17 10:59:45,653 [INFO] PluginManage:310 - Check plugin userauth
2024-09-17 10:59:45,676 [INFO] UserAuth:113 - Init User Auth plugin
2024-09-17 10:59:45,676 [INFO] PluginManage:359 - Loaded plugin userauth (category:base,tabindex:14)
2024-09-17 10:59:45,677 [INFO] PluginManage:283 - PluginManage : Loaded plugins [18]
2024-09-17 10:59:46,154 [INFO] PinOutPanel:1561 - setPackage(No Configuration,No Configuration)
2024-09-17 10:59:46,361 [INFO] CADModel:165 - CPN selected for project level
2024-09-17 10:59:46,361 [INFO] CADModel:114 - Register for checkConnection events
2024-09-17 10:59:46,472 [INFO] IPUIPlugin:80 - create IPUIPlugin
2024-09-17 10:59:46,473 [INFO] PluginManager:220 - loadIPPluginJar : add adc
2024-09-17 10:59:46,527 [INFO] IPUIPlugin:80 - create IPUIPlugin
2024-09-17 10:59:46,528 [INFO] PluginManager:220 - loadIPPluginJar : add aes
2024-09-17 10:59:46,587 [INFO] IPUIPlugin:80 - create IPUIPlugin
2024-09-17 10:59:46,587 [INFO] PluginManager:220 - loadIPPluginJar : add can
2024-09-17 10:59:46,629 [INFO] IPUIPlugin:80 - create IPUIPlugin
2024-09-17 10:59:46,630 [INFO] PluginManager:220 - loadIPPluginJar : add comp
2024-09-17 10:59:46,684 [INFO] IPUIPlugin:80 - create IPUIPlugin
2024-09-17 10:59:46,684 [INFO] PluginManager:220 - loadIPPluginJar : add cryp
2024-09-17 10:59:46,736 [INFO] IPUIPlugin:80 - create IPUIPlugin
2024-09-17 10:59:46,736 [INFO] PluginManager:220 - loadIPPluginJar : add ddr_ctrl_phy
2024-09-17 10:59:46,800 [INFO] IPUIPlugin:80 - create IPUIPlugin
2024-09-17 10:59:46,800 [INFO] PluginManager:220 - loadIPPluginJar : add dfsdm
2024-09-17 10:59:46,830 [INFO] IPUIPlugin:80 - create IPUIPlugin
2024-09-17 10:59:46,831 [INFO] PluginManager:220 - loadIPPluginJar : add dma
2024-09-17 10:59:46,896 [INFO] IPUIPlugin:80 - create IPUIPlugin
2024-09-17 10:59:46,896 [INFO] PluginManager:220 - loadIPPluginJar : add dma3
2024-09-17 10:59:46,966 [INFO] IPUIPlugin:80 - create IPUIPlugin
2024-09-17 10:59:46,966 [INFO] PluginManager:220 - loadIPPluginJar : add extmemmanager
2024-09-17 10:59:47,010 [INFO] IPUIPlugin:80 - create IPUIPlugin
2024-09-17 10:59:47,010 [INFO] PluginManager:220 - loadIPPluginJar : add fatfs
2024-09-17 10:59:47,087 [INFO] IPUIPlugin:80 - create IPUIPlugin
2024-09-17 10:59:47,087 [INFO] PluginManager:220 - loadIPPluginJar : add fmc
2024-09-17 10:59:47,130 [INFO] IPUIPlugin:80 - create IPUIPlugin
2024-09-17 10:59:47,130 [INFO] PluginManager:220 - loadIPPluginJar : add freertos
2024-09-17 10:59:47,186 [INFO] IPUIPlugin:80 - create IPUIPlugin
2024-09-17 10:59:47,186 [INFO] PluginManager:220 - loadIPPluginJar : add genericplugin
2024-09-17 10:59:47,361 [INFO] IPUIPlugin:80 - create IPUIPlugin
2024-09-17 10:59:47,362 [INFO] PluginManager:220 - loadIPPluginJar : add gfxmmu
2024-09-17 10:59:47,545 [INFO] IPUIPlugin:80 - create IPUIPlugin
2024-09-17 10:59:47,545 [INFO] PluginManager:220 - loadIPPluginJar : add gic
2024-09-17 10:59:47,595 [INFO] IPUIPlugin:80 - create IPUIPlugin
2024-09-17 10:59:47,596 [INFO] PluginManager:220 - loadIPPluginJar : add gpio
2024-09-17 10:59:47,748 [INFO] IPUIPlugin:80 - create IPUIPlugin
2024-09-17 10:59:47,748 [INFO] PluginManager:220 - loadIPPluginJar : add gtzc
2024-09-17 10:59:47,823 [INFO] IPUIPlugin:80 - create IPUIPlugin
2024-09-17 10:59:47,823 [INFO] PluginManager:220 - loadIPPluginJar : add hash
2024-09-17 10:59:47,918 [INFO] IPUIPlugin:80 - create IPUIPlugin
2024-09-17 10:59:47,919 [INFO] PluginManager:220 - loadIPPluginJar : add i2c
2024-09-17 10:59:47,983 [INFO] ThirdPartyUpdaterWithRetryManager:70 - Updater plugin not ready yet. [2/15]
2024-09-17 10:59:48,053 [INFO] IPUIPlugin:80 - create IPUIPlugin
2024-09-17 10:59:48,053 [INFO] PluginManager:220 - loadIPPluginJar : add i2s
2024-09-17 10:59:48,130 [INFO] IPUIPlugin:80 - create IPUIPlugin
2024-09-17 10:59:48,130 [INFO] PluginManager:220 - loadIPPluginJar : add i3c
2024-09-17 10:59:48,353 [INFO] IPUIPlugin:80 - create IPUIPlugin
2024-09-17 10:59:48,354 [INFO] PluginManager:220 - loadIPPluginJar : add ipddr
2024-09-17 10:59:48,532 [INFO] IPUIPlugin:80 - create IPUIPlugin
2024-09-17 10:59:48,532 [INFO] PluginManager:220 - loadIPPluginJar : add linkedlist
2024-09-17 10:59:48,604 [INFO] IPUIPlugin:80 - create IPUIPlugin
2024-09-17 10:59:48,604 [INFO] PluginManager:220 - loadIPPluginJar : add lorawan
2024-09-17 10:59:48,683 [INFO] IPUIPlugin:80 - create IPUIPlugin
2024-09-17 10:59:48,683 [INFO] PluginManager:220 - loadIPPluginJar : add ltdc
2024-09-17 10:59:48,718 [INFO] IPUIPlugin:80 - create IPUIPlugin
2024-09-17 10:59:48,718 [INFO] PluginManager:220 - loadIPPluginJar : add mdma
2024-09-17 10:59:48,748 [INFO] IPUIPlugin:80 - create IPUIPlugin
2024-09-17 10:59:48,748 [INFO] PluginManager:220 - loadIPPluginJar : add nvic
2024-09-17 10:59:48,800 [INFO] IPUIPlugin:80 - create IPUIPlugin
2024-09-17 10:59:48,800 [INFO] PluginManager:220 - loadIPPluginJar : add opamp
2024-09-17 10:59:48,899 [INFO] IPUIPlugin:80 - create IPUIPlugin
2024-09-17 10:59:48,899 [INFO] PluginManager:220 - loadIPPluginJar : add openamp
2024-09-17 10:59:48,954 [INFO] IPUIPlugin:80 - create IPUIPlugin
2024-09-17 10:59:48,954 [INFO] PluginManager:220 - loadIPPluginJar : add pdm2pcm
2024-09-17 10:59:48,980 [INFO] IPUIPlugin:80 - create IPUIPlugin
2024-09-17 10:59:48,983 [INFO] PluginManager:220 - loadIPPluginJar : add plateformsettings
2024-09-17 10:59:49,034 [INFO] IPUIPlugin:80 - create IPUIPlugin
2024-09-17 10:59:49,034 [INFO] PluginManager:220 - loadIPPluginJar : add quadspi
2024-09-17 10:59:49,089 [INFO] IPUIPlugin:80 - create IPUIPlugin
2024-09-17 10:59:49,091 [INFO] PluginManager:220 - loadIPPluginJar : add radio
2024-09-17 10:59:49,127 [INFO] IPUIPlugin:80 - create IPUIPlugin
2024-09-17 10:59:49,127 [INFO] PluginManager:220 - loadIPPluginJar : add resmgrutility
2024-09-17 10:59:49,214 [INFO] IPUIPlugin:80 - create IPUIPlugin
2024-09-17 10:59:49,214 [INFO] PluginManager:220 - loadIPPluginJar : add sai
2024-09-17 10:59:49,270 [INFO] IPUIPlugin:80 - create IPUIPlugin
2024-09-17 10:59:49,270 [INFO] PluginManager:220 - loadIPPluginJar : add spi
2024-09-17 10:59:49,359 [INFO] IPUIPlugin:80 - create IPUIPlugin
2024-09-17 10:59:49,359 [INFO] PluginManager:220 - loadIPPluginJar : add stm32_wpan
2024-09-17 10:59:49,387 [INFO] IPUIPlugin:80 - create IPUIPlugin
2024-09-17 10:59:49,388 [INFO] PluginManager:220 - loadIPPluginJar : add tim
2024-09-17 10:59:49,504 [INFO] IPUIPlugin:80 - create IPUIPlugin
2024-09-17 10:59:49,504 [INFO] PluginManager:220 - loadIPPluginJar : add touchsensing
2024-09-17 10:59:49,587 [INFO] IPUIPlugin:80 - create IPUIPlugin
2024-09-17 10:59:49,587 [INFO] PluginManager:220 - loadIPPluginJar : add tracer_emb
2024-09-17 10:59:49,617 [INFO] IPUIPlugin:80 - create IPUIPlugin
2024-09-17 10:59:49,618 [INFO] PluginManager:220 - loadIPPluginJar : add ts
2024-09-17 10:59:49,644 [INFO] IPUIPlugin:80 - create IPUIPlugin
2024-09-17 10:59:49,644 [INFO] PluginManager:220 - loadIPPluginJar : add tsc
2024-09-17 10:59:49,672 [INFO] IPUIPlugin:80 - create IPUIPlugin
2024-09-17 10:59:49,672 [INFO] PluginManager:220 - loadIPPluginJar : add ucpd
2024-09-17 10:59:49,734 [INFO] IPUIPlugin:80 - create IPUIPlugin
2024-09-17 10:59:49,734 [INFO] PluginManager:220 - loadIPPluginJar : add usart
2024-09-17 10:59:49,784 [INFO] IPUIPlugin:80 - create IPUIPlugin
2024-09-17 10:59:49,784 [INFO] PluginManager:220 - loadIPPluginJar : add usbx
2024-09-17 10:59:49,938 [INFO] CADModel:165 - CPN selected for project level
2024-09-17 10:59:49,938 [INFO] CADModel:114 - Register for checkConnection events
2024-09-17 10:59:49,938 [FATAL] Updater:334 - Updater called before beeing initialized
2024-09-17 10:59:49,938 [ERROR] CADModel:125 - Updater not yet initialized, retry later 
2024-09-17 10:59:50,269 [INFO] CADModel:165 - CPN selected for project level
2024-09-17 10:59:50,270 [INFO] CADModel:114 - Register for checkConnection events
2024-09-17 10:59:50,270 [FATAL] Updater:334 - Updater called before beeing initialized
2024-09-17 10:59:50,270 [ERROR] CADModel:125 - Updater not yet initialized, retry later 
2024-09-17 10:59:50,277 [FATAL] Updater:334 - Updater called before beeing initialized
2024-09-17 10:59:50,496 [FATAL] Updater:334 - Updater called before beeing initialized
2024-09-17 10:59:50,507 [INFO] DbMcusAds:53 - JSON generation date=Thu May 16 16:22:00 ICT 2024 (1715851320667)
2024-09-17 10:59:50,508 [FATAL] Updater:334 - Updater called before beeing initialized
2024-09-17 10:59:50,745 [WARN] DetailPanel:346 - Failed to get advertising image, set to default
2024-09-17 10:59:50,851 [FATAL] Updater:334 - Updater called before beeing initialized
2024-09-17 10:59:50,854 [FATAL] Updater:334 - Updater called before beeing initialized
2024-09-17 10:59:50,855 [FATAL] Updater:334 - Updater called before beeing initialized
2024-09-17 10:59:50,855 [WARN] DetailPanel:346 - Failed to get advertising image, set to default
2024-09-17 10:59:50,855 [FATAL] Updater:334 - Updater called before beeing initialized
2024-09-17 10:59:50,956 [ERROR] Updater:1164 - MainUpdater not yet initialized. External WinMGr cannot be set.
2024-09-17 10:59:50,984 [INFO] ThirdPartyUpdaterWithRetryManager:70 - Updater plugin not ready yet. [3/15]
2024-09-17 10:59:50,990 [INFO] Updater:1100 - Updater Version found : 6.12.0
2024-09-17 10:59:51,021 [INFO] ApplicationProperties:184 - Using Application install path: D:\ST\STM32CubeIDE_1.16.0\STM32CubeIDE\plugins\com.st.stm32cube.common.mx_6.12.0.202406281431
2024-09-17 10:59:52,686 [ERROR] LogOutputStream:75 - [STDERR_REDIRECT] Sep 17, 2024 10:59:52 AM java.util.prefs.WindowsPreferences <init>
2024-09-17 10:59:52,689 [ERROR] LogOutputStream:75 - [STDERR_REDIRECT] WARNING: Could not open/create prefs root node Software\JavaSoft\Prefs at root 0xffffffff80000002. Windows RegCreateKeyEx(...) returned error code 5.
2024-09-17 10:59:52,690 [ERROR] LogOutputStream:75 - [STDERR_REDIRECT] 
2024-09-17 10:59:53,370 [INFO] MainUpdater:2873 - connection check result : 10
2024-09-17 10:59:53,371 [INFO] MainUpdater:290 - Updater Check For Update Now.
2024-09-17 10:59:53,371 [INFO] MicroXplorer:498 - Change Database Version : DB.6.0.120
2024-09-17 10:59:53,414 [INFO] McuFinderGlobals:63 - Set McuFinder mode to 2 (CubeIDE integrated)
2024-09-17 10:59:53,414 [INFO] UserAuth:179 - activating auth plugin
2024-09-17 10:59:53,431 [INFO] UserAuth:417 - Internet connection configuration mode: 1
2024-09-17 10:59:53,544 [INFO] JxBrowserEngine:152 - Initiate JxBrowser Engine with user profile folder
2024-09-17 10:59:53,668 [INFO] CheckServerUpdateThread:120 - End of CheckServer Thread
2024-09-17 10:59:54,723 [WARN] PackLoader:240 - Cannot read IP mode file for STMicroelectronics.FP-SNS-MOTENVWB1.1.4.0
2024-09-17 10:59:54,748 [WARN] PackLoader:240 - Cannot read IP mode file for STMicroelectronics.X-CUBE-SMBUS.2.1.0
2024-09-17 10:59:54,803 [WARN] PackLoader:240 - Cannot read IP mode file for STMicroelectronics.X-CUBE-AZRTOS-F7.1.1.0
2024-09-17 10:59:54,933 [WARN] PackLoader:240 - Cannot read IP mode file for STMicroelectronics.X-CUBE-MEMS1.11.0.0
2024-09-17 10:59:55,192 [WARN] PackLoader:240 - Cannot read IP mode file for STMicroelectronics.FP-SNS-FLIGHT1.5.0.2
2024-09-17 10:59:55,213 [WARN] PackLoader:240 - Cannot read IP mode file for STMicroelectronics.X-CUBE-DISPLAY.3.0.0
2024-09-17 10:59:55,236 [WARN] PackLoader:240 - Cannot read IP mode file for STMicroelectronics.X-CUBE-BLE1.7.0.0
2024-09-17 10:59:55,254 [WARN] PackLoader:240 - Cannot read IP mode file for emotas.I-CUBE-CANOPEN.1.3.0
2024-09-17 10:59:55,282 [WARN] PackLoader:240 - Cannot read IP mode file for STMicroelectronics.X-CUBE-BLEMGR.3.1.0
2024-09-17 10:59:55,305 [WARN] PackLoader:240 - Cannot read IP mode file for STMicroelectronics.FP-SNS-SMARTAG2.1.2.0
2024-09-17 10:59:55,344 [INFO] LogOutputStream:77 - [STDOUT_REDIRECT] 1 : Invalid condition id : UX_CORESTACK_Condition cause : null
2024-09-17 10:59:55,345 [INFO] LogOutputStream:77 - [STDOUT_REDIRECT] 1 : Invalid condition id : UX_CORESTACK_Condition cause : null
2024-09-17 10:59:55,347 [INFO] LogOutputStream:77 - [STDOUT_REDIRECT] 1 : Invalid condition id : UX_CORESTACK_Condition cause : null
2024-09-17 10:59:55,348 [INFO] LogOutputStream:77 - [STDOUT_REDIRECT] 1 : Invalid condition id : UX_CORESTACK_Condition cause : null
2024-09-17 10:59:55,351 [INFO] LogOutputStream:77 - [STDOUT_REDIRECT] 1 : Invalid condition id : UX_CORESTACK_Condition cause : null
2024-09-17 10:59:55,359 [WARN] PackLoader:240 - Cannot read IP mode file for STMicroelectronics.X-CUBE-AZRTOS-WL.2.0.0
2024-09-17 10:59:55,388 [WARN] PackLoader:240 - Cannot read IP mode file for STMicroelectronics.FP-SNS-MOTENV1.5.0.0
2024-09-17 10:59:55,412 [WARN] PackLoader:240 - Cannot read IP mode file for wolfSSL.I-CUBE-wolfMQTT.1.19.0
2024-09-17 10:59:55,439 [WARN] PackLoader:240 - Cannot read IP mode file for WES.I-CUBE-Cesium.1.3.0
2024-09-17 10:59:55,455 [WARN] PackLoader:240 - Cannot read IP mode file for STMicroelectronics.X-CUBE-BLE2.3.3.0
2024-09-17 10:59:55,472 [WARN] PackLoader:240 - Cannot read IP mode file for STMicroelectronics.X-CUBE-TCPP.4.1.0
2024-09-17 10:59:55,508 [WARN] PackLoader:240 - Cannot read IP mode file for STMicroelectronics.X-CUBE-AZRTOS-G0.1.1.0
2024-09-17 10:59:55,531 [WARN] PackLoader:240 - Cannot read IP mode file for STMicroelectronics.X-CUBE-SAFEA1.1.2.2
2024-09-17 10:59:55,566 [WARN] PackLoader:240 - Cannot read IP mode file for STMicroelectronics.X-CUBE-NFC4.3.0.0
2024-09-17 10:59:55,602 [WARN] PackLoader:240 - Cannot read IP mode file for EmbeddedOffice.I-CUBE-FS-RTOS.1.0.1
2024-09-17 10:59:55,603 [ERROR] ConditionMgr:805 - Attr not supported : Dmpu
2024-09-17 10:59:55,603 [ERROR] ConditionMgr:805 - Attr not supported : Dmpu
2024-09-17 10:59:55,603 [ERROR] ConditionMgr:805 - Attr not supported : Dmpu
2024-09-17 10:59:55,603 [ERROR] ConditionMgr:805 - Attr not supported : Dmpu
2024-09-17 10:59:55,603 [ERROR] ConditionMgr:805 - Attr not supported : Dmpu
2024-09-17 10:59:55,604 [ERROR] ConditionMgr:805 - Attr not supported : Dmpu
2024-09-17 10:59:55,604 [ERROR] ConditionMgr:805 - Attr not supported : Dmpu
2024-09-17 10:59:55,604 [ERROR] ConditionMgr:805 - Attr not supported : Dmpu
2024-09-17 10:59:55,604 [ERROR] ConditionMgr:805 - Attr not supported : Dmpu
2024-09-17 10:59:55,604 [ERROR] ConditionMgr:805 - Attr not supported : Dmpu
2024-09-17 10:59:55,604 [ERROR] ConditionMgr:805 - Attr not supported : Dmpu
2024-09-17 10:59:55,604 [ERROR] ConditionMgr:805 - Attr not supported : Dmpu
2024-09-17 10:59:55,605 [ERROR] ConditionMgr:805 - Attr not supported : Dmpu
2024-09-17 10:59:55,605 [ERROR] ConditionMgr:805 - Attr not supported : Dmpu
2024-09-17 10:59:55,605 [ERROR] ConditionMgr:805 - Attr not supported : Dmpu
2024-09-17 10:59:55,605 [ERROR] ConditionMgr:805 - Attr not supported : Dmpu
2024-09-17 10:59:55,605 [ERROR] ConditionMgr:805 - Attr not supported : Dmpu
2024-09-17 10:59:55,605 [ERROR] ConditionMgr:805 - Attr not supported : Dmpu
2024-09-17 10:59:55,605 [ERROR] ConditionMgr:805 - Attr not supported : Dmpu
2024-09-17 10:59:55,606 [ERROR] ConditionMgr:805 - Attr not supported : Dmpu
2024-09-17 10:59:55,606 [ERROR] ConditionMgr:805 - Attr not supported : Dmpu
2024-09-17 10:59:55,606 [ERROR] ConditionMgr:805 - Attr not supported : Dmpu
2024-09-17 10:59:55,606 [ERROR] ConditionMgr:805 - Attr not supported : Dmpu
2024-09-17 10:59:55,606 [ERROR] ConditionMgr:805 - Attr not supported : Dmpu
2024-09-17 10:59:55,606 [ERROR] ConditionMgr:805 - Attr not supported : Dmpu
2024-09-17 10:59:55,606 [ERROR] ConditionMgr:805 - Attr not supported : Dmpu
2024-09-17 10:59:55,607 [ERROR] ConditionMgr:805 - Attr not supported : Dmpu
2024-09-17 10:59:55,607 [ERROR] ConditionMgr:805 - Attr not supported : Dmpu
2024-09-17 10:59:55,607 [ERROR] ConditionMgr:805 - Attr not supported : Dmpu
2024-09-17 10:59:55,607 [ERROR] ConditionMgr:805 - Attr not supported : Dmpu
2024-09-17 10:59:55,607 [ERROR] ConditionMgr:805 - Attr not supported : Dmpu
2024-09-17 10:59:55,608 [ERROR] ConditionMgr:805 - Attr not supported : Dmpu
2024-09-17 10:59:55,608 [ERROR] ConditionMgr:805 - Attr not supported : Dmpu
2024-09-17 10:59:55,608 [ERROR] ConditionMgr:805 - Attr not supported : Dmpu
2024-09-17 10:59:55,608 [ERROR] ConditionMgr:805 - Attr not supported : Dmpu
2024-09-17 10:59:55,608 [ERROR] ConditionMgr:805 - Attr not supported : Dmpu
2024-09-17 10:59:55,609 [ERROR] ConditionMgr:805 - Attr not supported : Dmpu
2024-09-17 10:59:55,609 [ERROR] ConditionMgr:805 - Attr not supported : Dmpu
2024-09-17 10:59:55,609 [ERROR] ConditionMgr:805 - Attr not supported : Dmpu
2024-09-17 10:59:55,609 [ERROR] ConditionMgr:805 - Attr not supported : Dmpu
2024-09-17 10:59:55,609 [ERROR] ConditionMgr:805 - Attr not supported : Dmpu
2024-09-17 10:59:55,609 [ERROR] ConditionMgr:805 - Attr not supported : Dmpu
2024-09-17 10:59:55,610 [ERROR] ConditionMgr:805 - Attr not supported : Dmpu
2024-09-17 10:59:55,610 [ERROR] ConditionMgr:805 - Attr not supported : Dmpu
2024-09-17 10:59:55,610 [ERROR] ConditionMgr:805 - Attr not supported : Dmpu
2024-09-17 10:59:55,610 [ERROR] ConditionMgr:805 - Attr not supported : Dmpu
2024-09-17 10:59:55,610 [ERROR] ConditionMgr:805 - Attr not supported : Dmpu
2024-09-17 10:59:55,611 [ERROR] ConditionMgr:805 - Attr not supported : Dmpu
2024-09-17 10:59:55,611 [ERROR] ConditionMgr:805 - Attr not supported : Dmpu
2024-09-17 10:59:55,611 [ERROR] ConditionMgr:805 - Attr not supported : Dmpu
2024-09-17 10:59:55,611 [ERROR] ConditionMgr:805 - Attr not supported : Dmpu
2024-09-17 10:59:55,611 [ERROR] ConditionMgr:805 - Attr not supported : Dmpu
2024-09-17 10:59:55,611 [ERROR] ConditionMgr:805 - Attr not supported : Dmpu
2024-09-17 10:59:55,612 [ERROR] ConditionMgr:805 - Attr not supported : Dmpu
2024-09-17 10:59:55,612 [ERROR] ConditionMgr:805 - Attr not supported : Dmpu
2024-09-17 10:59:55,612 [ERROR] ConditionMgr:805 - Attr not supported : Dmpu
2024-09-17 10:59:55,612 [ERROR] ConditionMgr:805 - Attr not supported : Dmpu
2024-09-17 10:59:55,612 [ERROR] ConditionMgr:805 - Attr not supported : Dmpu
2024-09-17 10:59:55,613 [ERROR] ConditionMgr:805 - Attr not supported : Dmpu
2024-09-17 10:59:55,613 [ERROR] ConditionMgr:805 - Attr not supported : Dmpu
2024-09-17 10:59:55,613 [ERROR] ConditionMgr:805 - Attr not supported : Dmpu
2024-09-17 10:59:55,613 [ERROR] ConditionMgr:805 - Attr not supported : Dmpu
2024-09-17 10:59:55,613 [ERROR] ConditionMgr:805 - Attr not supported : Dmpu
2024-09-17 10:59:55,613 [ERROR] ConditionMgr:805 - Attr not supported : Dmpu
2024-09-17 10:59:55,636 [WARN] PackLoader:240 - Cannot read IP mode file for RealThread.X-CUBE-RT-Thread_Nano.4.1.1
2024-09-17 10:59:55,657 [WARN] PackLoader:240 - Cannot read IP mode file for STMicroelectronics.FP-ATR-SIGFOX1.3.2.0
2024-09-17 10:59:55,731 [WARN] PackLoader:240 - Cannot read IP mode file for wolfSSL.I-CUBE-wolfSSL.5.7.2
2024-09-17 10:59:55,758 [WARN] PackLoader:240 - Cannot read IP mode file for STMicroelectronics.X-CUBE-EEPRMA1.5.1.0
2024-09-17 10:59:55,780 [WARN] PackLoader:240 - Cannot read IP mode file for ITTIA_DB.I-CUBE-ITTIADB.8.9.0
2024-09-17 10:59:55,837 [WARN] PackLoader:240 - Cannot read IP mode file for SEGGER.I-CUBE-embOS.1.3.1
2024-09-17 10:59:55,927 [WARN] PackLoader:240 - Cannot read IP mode file for STMicroelectronics.X-CUBE-ALGOBUILD.1.4.0
2024-09-17 10:59:55,944 [WARN] PackLoader:240 - Cannot read IP mode file for STMicroelectronics.X-CUBE-GNSS1.6.0.0
2024-09-17 10:59:55,979 [WARN] PackLoader:240 - Cannot read IP mode file for STMicroelectronics.X-CUBE-AZRTOS-F4.1.1.0
2024-09-17 10:59:55,999 [WARN] PackLoader:240 - Cannot read IP mode file for STMicroelectronics.X-CUBE-FREERTOS.1.2.0
2024-09-17 10:59:56,035 [WARN] PackLoader:240 - Cannot read IP mode file for STMicroelectronics.X-CUBE-AZRTOS-L5.2.0.0
2024-09-17 10:59:56,058 [WARN] PackLoader:240 - Cannot read IP mode file for STMicroelectronics.X-CUBE-NFC6.3.1.0
2024-09-17 10:59:56,090 [WARN] PackLoader:240 - Cannot read IP mode file for STMicroelectronics.X-CUBE-DPower.1.2.0
2024-09-17 10:59:56,113 [WARN] PackLoader:240 - Cannot read IP mode file for STMicroelectronics.X-CUBE-AI.9.0.0
2024-09-17 10:59:56,135 [WARN] PackLoader:240 - Cannot read IP mode file for STMicroelectronics.X-CUBE-NFC7.1.0.1
2024-09-17 10:59:56,161 [WARN] PackLoader:240 - Cannot read IP mode file for wolfSSL.I-CUBE-wolfTPM.3.2.0
2024-09-17 10:59:56,221 [WARN] ConditionMgr:438 - getConditionDescription Invalid condition id : LAN8742 Phy interface Condition cause : null
2024-09-17 10:59:56,222 [WARN] PackLoader:240 - Cannot read IP mode file for STMicroelectronics.X-CUBE-AZRTOS-L4.2.0.0
2024-09-17 10:59:56,225 [WARN] ConditionMgr:1039 - genDependencies : Invalid condition id : LAN8742 Phy interface Condition cause : null
2024-09-17 10:59:56,225 [WARN] ConditionMgr:1039 - genDependencies : Invalid condition id : LAN8742 Phy interface Condition cause : null
2024-09-17 10:59:56,226 [WARN] ConditionMgr:1039 - genDependencies : Invalid condition id : LAN8742 Phy interface Condition cause : null
2024-09-17 10:59:56,246 [WARN] PackLoader:240 - Cannot read IP mode file for STMicroelectronics.X-CUBE-SFXS2LP1.4.0.0
2024-09-17 10:59:56,296 [WARN] PackLoader:240 - Cannot read IP mode file for STMicroelectronics.X-CUBE-AZRTOS-H7.3.3.0
2024-09-17 10:59:56,336 [WARN] ConditionMgr:438 - getConditionDescription Invalid condition id : UX DEVICE CLASS RTOS Condition cause : null
2024-09-17 10:59:56,336 [WARN] ConditionMgr:438 - getConditionDescription Invalid condition id : UX DEVICE CLASS RTOS Condition cause : null
2024-09-17 10:59:56,338 [WARN] PackLoader:240 - Cannot read IP mode file for STMicroelectronics.X-CUBE-AZRTOS-WB.2.0.0
2024-09-17 10:59:56,339 [WARN] ConditionMgr:1039 - genDependencies : Invalid condition id : UX DEVICE CLASS RTOS Condition cause : null
2024-09-17 10:59:56,339 [WARN] ConditionMgr:1039 - genDependencies : Invalid condition id : UX DEVICE CLASS RTOS Condition cause : null
2024-09-17 10:59:56,340 [WARN] ConditionMgr:1039 - genDependencies : Invalid condition id : UX DEVICE CLASS RTOS Condition cause : null
2024-09-17 10:59:56,340 [WARN] ConditionMgr:1039 - genDependencies : Invalid condition id : UX DEVICE CLASS RTOS Condition cause : null
2024-09-17 10:59:56,341 [WARN] ConditionMgr:1039 - genDependencies : Invalid condition id : UX DEVICE CLASS RTOS Condition cause : null
2024-09-17 10:59:56,358 [WARN] PackLoader:240 - Cannot read IP mode file for STMicroelectronics.X-CUBE-GNSS1.7.0.0
2024-09-17 10:59:56,377 [WARN] PackLoader:240 - Cannot read IP mode file for STMicroelectronics.FP-SNS-STBOX1.2.0.0
2024-09-17 10:59:56,400 [WARN] PackLoader:240 - Cannot read IP mode file for STMicroelectronics.X-CUBE-SUBG2.5.0.0
2024-09-17 10:59:56,421 [WARN] PackLoader:240 - Cannot read IP mode file for Cesanta.I-CUBE-Mongoose.7.13.0
2024-09-17 10:59:56,461 [WARN] PackLoader:240 - Cannot read IP mode file for STMicroelectronics.X-CUBE-AZRTOS-G4.2.0.0
2024-09-17 10:59:56,487 [WARN] PackLoader:240 - Cannot read IP mode file for STMicroelectronics.X-CUBE-ISPU.2.0.0
2024-09-17 10:59:56,509 [WARN] PackLoader:240 - Cannot read IP mode file for STMicroelectronics.X-CUBE-ALS.1.0.2
2024-09-17 10:59:56,600 [WARN] PackLoader:240 - Cannot read IP mode file for STMicroelectronics.X-CUBE-MEMS1.10.0.0
2024-09-17 10:59:56,818 [WARN] PackLoader:240 - Cannot read IP mode file for STMicroelectronics.X-CUBE-TOUCHGFX.4.24.0
2024-09-17 10:59:56,846 [WARN] PackLoader:240 - Cannot read IP mode file for portGmbH.I-Cube-SoM-uGOAL.1.1.0
2024-09-17 10:59:56,898 [WARN] PackLoader:240 - Cannot read IP mode file for STMicroelectronics.X-CUBE-AZRTOS-H7RS.1.0.0
2024-09-17 10:59:56,933 [WARN] PackLoader:240 - Cannot read IP mode file for STMicroelectronics.FP-ATR-ASTRA1.2.0.0
2024-09-17 10:59:57,030 [WARN] PackLoader:240 - Cannot read IP mode file for STMicroelectronics.X-CUBE-TOF1.3.4.2
2024-09-17 10:59:57,089 [WARN] PackLoader:240 - Cannot read IP mode file for STMicroelectronics.X-CUBE-AZRTOS-H7.3.2.0
2024-09-17 10:59:57,118 [WARN] PackLoader:240 - Cannot read IP mode file for Infineon.AIROC-Wi-Fi-Bluetooth-STM32.1.6.0
2024-09-17 10:59:57,135 [WARN] PackLoader:240 - Cannot read IP mode file for wolfSSL.I-CUBE-wolfSSH.1.4.17
2024-09-17 10:59:57,136 [INFO] ThirdParty:978 - Integrity check success = true
2024-09-17 10:59:57,136 [INFO] IntegrityCheckThread:100 - exiting critical section [integrity check]
2024-09-17 10:59:57,136 [INFO] IntegrityCheckThread:103 - End integrity checks thread
2024-09-17 11:00:00,186 [INFO] WebApp:167 - Instantiating new browser for Auth
2024-09-17 11:00:01,387 [INFO] WebApp:448 - Apply proxy settings
2024-09-17 11:00:01,388 [INFO] WebApp:533 - Chromium requires no authentication
2024-09-17 11:00:01,414 [INFO] WebApp:476 - Direct internet connection detected
2024-09-17 11:00:01,470 [INFO] WebApp:869 - Register for checkConnection events
2024-09-17 11:00:01,470 [INFO] WebApp:448 - Apply proxy settings
2024-09-17 11:00:01,470 [INFO] WebApp:533 - Chromium requires no authentication
2024-09-17 11:00:01,470 [INFO] WebApp:476 - Direct internet connection detected
2024-09-17 11:00:01,733 [INFO] WebApp:220 - Starting web application
2024-09-17 11:00:01,734 [INFO] WebApp:578 - Web application path used D:\ST\STM32CubeIDE_1.16.0\STM32CubeIDE\plugins\com.st.stm32cube.common.mx_6.12.0.202406281431\db\plugins\mcufinder\reactClient1\index.html
2024-09-17 11:00:01,966 [INFO] WebApp:186 - Connection restablished
2024-09-17 15:40:05,240 [INFO] Activator:176 - 


2024-09-17 15:40:05,245 [INFO] Activator:177 - !SESSION log4j initialized
2024-09-17 15:40:24,898 [INFO] LogOutputStream:77 - [STDOUT_REDIRECT] 
2024-09-17 15:40:41,327 [INFO] ApplicationProperties:184 - Using Application install path: D:\ST\STM32CubeIDE_1.16.0\STM32CubeIDE\plugins\com.st.stm32cube.common.mx_6.12.0.202406281431
2024-09-17 15:40:41,458 [INFO] DbMcusXml:78 - Set database path to: D:\ST\STM32CubeIDE_1.16.0\STM32CubeIDE\plugins\com.st.stm32cube.common.mx_6.12.0.202406281431\\db\/mcu/
2024-09-17 15:40:41,458 [INFO] ApiDb:274 - Set plugin database path to: D:\ST\STM32CubeIDE_1.16.0\STM32CubeIDE\plugins\com.st.stm32cube.common.mx_6.12.0.202406281431\\db\/plugins/boardmanager/
2024-09-17 15:40:41,458 [WARN] ApiDb:259 - Overriding images path with different value:  => D:\ST\STM32CubeIDE_1.16.0\STM32CubeIDE\plugins\com.st.stm32cube.common.mx_6.12.0.202406281431\\db\/plugins/mcufinder/images/
2024-09-17 15:40:41,586 [INFO] ApiDb:250 - Set database path to: C:\Users\Asus\.stmcufinder\plugins\mcufinder//mcu/
2024-09-17 15:40:41,588 [INFO] DbMcusAds:125 - Set database path to: C:\Users\Asus\.stmcufinder\plugins\mcufinder//mcu/
2024-09-17 15:40:41,598 [INFO] CrossReferenceDbSqlite:203 - Set database path to: C:\Users\Asus\.stmcufinder\plugins\mcufinder//mcu/cs/
2024-09-17 15:40:42,404 [INFO] RulesReader:64 - Compatibility file has been processed (297 Rules)
2024-09-17 15:40:42,654 [INFO] DbMcusXml:78 - Set database path to: D:\ST\STM32CubeIDE_1.16.0\STM32CubeIDE\plugins\com.st.stm32cube.common.mx_6.12.0.202406281431\\db\/mcu/
2024-09-17 15:40:42,654 [INFO] ApiDb:274 - Set plugin database path to: D:\ST\STM32CubeIDE_1.16.0\STM32CubeIDE\plugins\com.st.stm32cube.common.mx_6.12.0.202406281431\\db\/plugins/boardmanager/
2024-09-17 15:40:42,654 [INFO] ApiDb:261 - Set plugin images path to: D:\ST\STM32CubeIDE_1.16.0\STM32CubeIDE\plugins\com.st.stm32cube.common.mx_6.12.0.202406281431\\db\/plugins/mcufinder/images/
2024-09-17 15:40:42,655 [WARN] DbFile:41 - Overriding database path with different value: C:\Users\Asus\.stmcufinder\plugins\mcufinder/ => C:\Users\Asus\.stmcufinder\plugins\mcufinder
2024-09-17 15:40:42,655 [INFO] ApiDb:250 - Set database path to: C:\Users\Asus\.stmcufinder\plugins\mcufinder//mcu/
2024-09-17 15:40:42,674 [WARN] DbFile:41 - Overriding database path with different value: C:\Users\Asus\.stmcufinder\plugins\mcufinder/ => C:\Users\Asus\.stmcufinder\plugins\mcufinder
2024-09-17 15:40:42,675 [INFO] DbMcusAds:125 - Set database path to: C:\Users\Asus\.stmcufinder\plugins\mcufinder//mcu/
2024-09-17 15:40:42,675 [WARN] DbFile:41 - Overriding database path with different value: C:\Users\Asus\.stmcufinder\plugins\mcufinder/ => C:\Users\Asus\.stmcufinder\plugins\mcufinder
2024-09-17 15:40:42,675 [WARN] DbFile:41 - Overriding database path with different value: C:\Users\Asus\.stmcufinder\plugins\mcufinder/ => C:\Users\Asus\.stmcufinder\plugins\mcufinder
2024-09-17 15:40:42,675 [INFO] CrossReferenceDbSqlite:203 - Set database path to: C:\Users\Asus\.stmcufinder\plugins\mcufinder//mcu/cs/
2024-09-17 15:40:42,886 [INFO] MainPanel:268 - HeapMemory: 268435456
2024-09-17 15:40:43,491 [INFO] DbMcusXml:78 - Set database path to: D:\ST\STM32CubeIDE_1.16.0\STM32CubeIDE\plugins\com.st.stm32cube.common.mx_6.12.0.202406281431\\db\/mcu/
2024-09-17 15:40:43,492 [INFO] ApiDb:274 - Set plugin database path to: D:\ST\STM32CubeIDE_1.16.0\STM32CubeIDE\plugins\com.st.stm32cube.common.mx_6.12.0.202406281431\\db\/plugins/boardmanager/
2024-09-17 15:40:43,492 [INFO] ApiDb:261 - Set plugin images path to: D:\ST\STM32CubeIDE_1.16.0\STM32CubeIDE\plugins\com.st.stm32cube.common.mx_6.12.0.202406281431\\db\/plugins/mcufinder/images/
2024-09-17 15:40:43,493 [WARN] DbFile:41 - Overriding database path with different value: C:\Users\Asus\.stmcufinder\plugins\mcufinder/ => C:\Users\Asus\.stmcufinder\plugins\mcufinder
2024-09-17 15:40:43,493 [INFO] ApiDb:250 - Set database path to: C:\Users\Asus\.stmcufinder\plugins\mcufinder//mcu/
2024-09-17 15:40:43,493 [WARN] DbFile:41 - Overriding database path with different value: C:\Users\Asus\.stmcufinder\plugins\mcufinder/ => C:\Users\Asus\.stmcufinder\plugins\mcufinder
2024-09-17 15:40:43,493 [INFO] DbMcusAds:125 - Set database path to: C:\Users\Asus\.stmcufinder\plugins\mcufinder//mcu/
2024-09-17 15:40:43,493 [WARN] DbFile:41 - Overriding database path with different value: C:\Users\Asus\.stmcufinder\plugins\mcufinder/ => C:\Users\Asus\.stmcufinder\plugins\mcufinder
2024-09-17 15:40:43,494 [WARN] DbFile:41 - Overriding database path with different value: C:\Users\Asus\.stmcufinder\plugins\mcufinder/ => C:\Users\Asus\.stmcufinder\plugins\mcufinder
2024-09-17 15:40:43,494 [INFO] CrossReferenceDbSqlite:203 - Set database path to: C:\Users\Asus\.stmcufinder\plugins\mcufinder//mcu/cs/
2024-09-17 15:40:43,527 [INFO] ApplicationProperties:184 - Using Application install path: D:\ST\STM32CubeIDE_1.16.0\STM32CubeIDE\plugins\com.st.stm32cube.common.mx_6.12.0.202406281431
2024-09-17 15:40:43,530 [INFO] PluginManage:196 - Search for loadable plugins [exclusion list=, ]
2024-09-17 15:40:43,532 [INFO] PluginManage:310 - Check plugin analytics
2024-09-17 15:40:53,473 [INFO] AnalyticsPlugin:253 - Accepted Software Licenses: 
2024-09-17 15:40:53,473 [INFO] AnalyticsPlugin:255 - Accepted CMSIS Pack Licenses: 
2024-09-17 15:40:53,474 [INFO] AnalyticsPlugin:257 - Accepted Firmware Licenses: 
2024-09-17 15:40:53,477 [INFO] PluginManage:359 - Loaded plugin analytics (category:tool,tabindex:-1)
2024-09-17 15:40:53,478 [INFO] PluginManage:310 - Check plugin cadmodel
2024-09-17 15:40:53,561 [INFO] CADModel:105 - Init CAD model plugin
2024-09-17 15:40:53,561 [INFO] PluginManage:359 - Loaded plugin cadmodel (category:power,tabindex:5)
2024-09-17 15:40:53,562 [INFO] PluginManage:310 - Check plugin clock
2024-09-17 15:40:53,598 [INFO] PluginManage:359 - Loaded plugin clock (category:base,tabindex:2)
2024-09-17 15:40:53,598 [INFO] PluginManage:310 - Check plugin ddr
2024-09-17 15:40:53,620 [INFO] PluginManage:359 - Loaded plugin ddr (category:tool,tabindex:6)
2024-09-17 15:40:53,620 [INFO] PluginManage:310 - Check plugin filemanager
2024-09-17 15:40:53,981 [INFO] PluginManage:359 - Loaded plugin filemanager (category:base,tabindex:10)
2024-09-17 15:40:53,982 [INFO] PluginManage:310 - Check plugin ipmanager
2024-09-17 15:40:53,993 [INFO] PluginManage:359 - Loaded plugin ipmanager (category:base,tabindex:5)
2024-09-17 15:40:53,994 [INFO] PluginManage:310 - Check plugin lpbam
2024-09-17 15:40:54,046 [INFO] PluginManage:359 - Loaded plugin lpbam (category:base,tabindex:0)
2024-09-17 15:40:54,047 [INFO] PluginManage:310 - Check plugin memorymap
2024-09-17 15:40:54,117 [INFO] PluginManage:359 - Loaded plugin memorymap (category:base,tabindex:4)
2024-09-17 15:40:54,117 [INFO] PluginManage:310 - Check plugin pinoutandconfiguration
2024-09-17 15:40:54,152 [INFO] PluginManage:359 - Loaded plugin pinoutandconfiguration (category:base,tabindex:1)
2024-09-17 15:40:54,152 [INFO] PluginManage:310 - Check plugin pinoutconfig
2024-09-17 15:40:54,365 [WARN] SupportedApi:132 - Cannot load RTOS API schema: s4s-elt-must-match.1: The content of 'definitions' must match (annotation?, (simpleType | complexType)?, (unique | key | keyref)*)). A problem was found starting at: attribute.
2024-09-17 15:40:54,650 [INFO] PluginManage:359 - Loaded plugin pinoutconfig (category:base,tabindex:0)
2024-09-17 15:40:54,651 [INFO] PluginManage:310 - Check plugin power
2024-09-17 15:40:54,729 [INFO] PluginManage:359 - Loaded plugin power (category:power,tabindex:4)
2024-09-17 15:40:54,729 [INFO] PluginManage:310 - Check plugin projectmanager
2024-09-17 15:40:54,773 [INFO] PluginManage:359 - Loaded plugin projectmanager (category:projectmanager,tabindex:4)
2024-09-17 15:40:54,773 [INFO] PluginManage:310 - Check plugin rif
2024-09-17 15:40:54,805 [INFO] PluginManage:359 - Loaded plugin rif (category:base,tabindex:3)
2024-09-17 15:40:54,806 [INFO] PluginManage:310 - Check plugin thirdparty
2024-09-17 15:40:55,477 [WARN] IntegrityCheckThread:84 - waiting for thirdparty lock release [integrity check]
2024-09-17 15:40:55,477 [INFO] PluginManage:359 - Loaded plugin thirdparty (category:base,tabindex:-1)
2024-09-17 15:40:55,478 [INFO] IntegrityCheckThread:86 - entering critical section [integrity check]
2024-09-17 15:40:55,478 [INFO] PluginManage:310 - Check plugin tools
2024-09-17 15:40:55,478 [INFO] ThirdPartyUpdaterWithRetryManager:70 - Updater plugin not ready yet. [1/15]
2024-09-17 15:40:55,574 [INFO] PluginManage:359 - Loaded plugin tools (category:base,tabindex:7)
2024-09-17 15:40:55,574 [INFO] PluginManage:310 - Check plugin tutovideos
2024-09-17 15:40:56,043 [INFO] PluginManage:359 - Loaded plugin tutovideos (category:base,tabindex:-1)
2024-09-17 15:40:56,043 [INFO] PluginManage:310 - Check plugin updater
2024-09-17 15:40:56,097 [INFO] PluginManage:359 - Loaded plugin updater (category:base,tabindex:12)
2024-09-17 15:40:56,098 [INFO] PluginManage:310 - Check plugin userauth
2024-09-17 15:40:56,133 [INFO] UserAuth:113 - Init User Auth plugin
2024-09-17 15:40:56,133 [INFO] PluginManage:359 - Loaded plugin userauth (category:base,tabindex:14)
2024-09-17 15:40:56,134 [INFO] PluginManage:283 - PluginManage : Loaded plugins [18]
2024-09-17 15:40:56,622 [INFO] PinOutPanel:1561 - setPackage(No Configuration,No Configuration)
2024-09-17 15:40:56,801 [INFO] CADModel:165 - CPN selected for project level
2024-09-17 15:40:56,801 [INFO] CADModel:114 - Register for checkConnection events
2024-09-17 15:40:56,912 [INFO] IPUIPlugin:80 - create IPUIPlugin
2024-09-17 15:40:56,913 [INFO] PluginManager:220 - loadIPPluginJar : add adc
2024-09-17 15:40:57,003 [INFO] IPUIPlugin:80 - create IPUIPlugin
2024-09-17 15:40:57,004 [INFO] PluginManager:220 - loadIPPluginJar : add aes
2024-09-17 15:40:57,103 [INFO] IPUIPlugin:80 - create IPUIPlugin
2024-09-17 15:40:57,104 [INFO] PluginManager:220 - loadIPPluginJar : add can
2024-09-17 15:40:57,185 [INFO] IPUIPlugin:80 - create IPUIPlugin
2024-09-17 15:40:57,185 [INFO] PluginManager:220 - loadIPPluginJar : add comp
2024-09-17 15:40:57,269 [INFO] IPUIPlugin:80 - create IPUIPlugin
2024-09-17 15:40:57,269 [INFO] PluginManager:220 - loadIPPluginJar : add cryp
2024-09-17 15:40:57,310 [INFO] IPUIPlugin:80 - create IPUIPlugin
2024-09-17 15:40:57,312 [INFO] PluginManager:220 - loadIPPluginJar : add ddr_ctrl_phy
2024-09-17 15:40:57,577 [INFO] IPUIPlugin:80 - create IPUIPlugin
2024-09-17 15:40:57,577 [INFO] PluginManager:220 - loadIPPluginJar : add dfsdm
2024-09-17 15:40:57,656 [INFO] IPUIPlugin:80 - create IPUIPlugin
2024-09-17 15:40:57,657 [INFO] PluginManager:220 - loadIPPluginJar : add dma
2024-09-17 15:40:57,735 [INFO] IPUIPlugin:80 - create IPUIPlugin
2024-09-17 15:40:57,735 [INFO] PluginManager:220 - loadIPPluginJar : add dma3
2024-09-17 15:40:57,831 [INFO] IPUIPlugin:80 - create IPUIPlugin
2024-09-17 15:40:57,831 [INFO] PluginManager:220 - loadIPPluginJar : add extmemmanager
2024-09-17 15:40:57,876 [INFO] IPUIPlugin:80 - create IPUIPlugin
2024-09-17 15:40:57,876 [INFO] PluginManager:220 - loadIPPluginJar : add fatfs
2024-09-17 15:40:57,958 [INFO] IPUIPlugin:80 - create IPUIPlugin
2024-09-17 15:40:57,959 [INFO] PluginManager:220 - loadIPPluginJar : add fmc
2024-09-17 15:40:57,986 [INFO] IPUIPlugin:80 - create IPUIPlugin
2024-09-17 15:40:57,986 [INFO] PluginManager:220 - loadIPPluginJar : add freertos
2024-09-17 15:40:58,030 [INFO] IPUIPlugin:80 - create IPUIPlugin
2024-09-17 15:40:58,030 [INFO] PluginManager:220 - loadIPPluginJar : add genericplugin
2024-09-17 15:40:58,176 [INFO] IPUIPlugin:80 - create IPUIPlugin
2024-09-17 15:40:58,176 [INFO] PluginManager:220 - loadIPPluginJar : add gfxmmu
2024-09-17 15:40:58,422 [INFO] IPUIPlugin:80 - create IPUIPlugin
2024-09-17 15:40:58,422 [INFO] PluginManager:220 - loadIPPluginJar : add gic
2024-09-17 15:40:58,477 [INFO] IPUIPlugin:80 - create IPUIPlugin
2024-09-17 15:40:58,478 [INFO] PluginManager:220 - loadIPPluginJar : add gpio
2024-09-17 15:40:58,488 [INFO] ThirdPartyUpdaterWithRetryManager:70 - Updater plugin not ready yet. [2/15]
2024-09-17 15:40:58,649 [INFO] IPUIPlugin:80 - create IPUIPlugin
2024-09-17 15:40:58,649 [INFO] PluginManager:220 - loadIPPluginJar : add gtzc
2024-09-17 15:40:58,706 [INFO] IPUIPlugin:80 - create IPUIPlugin
2024-09-17 15:40:58,707 [INFO] PluginManager:220 - loadIPPluginJar : add hash
2024-09-17 15:40:58,802 [INFO] IPUIPlugin:80 - create IPUIPlugin
2024-09-17 15:40:58,802 [INFO] PluginManager:220 - loadIPPluginJar : add i2c
2024-09-17 15:40:58,900 [INFO] IPUIPlugin:80 - create IPUIPlugin
2024-09-17 15:40:58,900 [INFO] PluginManager:220 - loadIPPluginJar : add i2s
2024-09-17 15:40:58,978 [INFO] IPUIPlugin:80 - create IPUIPlugin
2024-09-17 15:40:58,978 [INFO] PluginManager:220 - loadIPPluginJar : add i3c
2024-09-17 15:40:59,166 [INFO] IPUIPlugin:80 - create IPUIPlugin
2024-09-17 15:40:59,166 [INFO] PluginManager:220 - loadIPPluginJar : add ipddr
2024-09-17 15:40:59,353 [INFO] IPUIPlugin:80 - create IPUIPlugin
2024-09-17 15:40:59,354 [INFO] PluginManager:220 - loadIPPluginJar : add linkedlist
2024-09-17 15:40:59,453 [INFO] IPUIPlugin:80 - create IPUIPlugin
2024-09-17 15:40:59,453 [INFO] PluginManager:220 - loadIPPluginJar : add lorawan
2024-09-17 15:40:59,529 [INFO] IPUIPlugin:80 - create IPUIPlugin
2024-09-17 15:40:59,529 [INFO] PluginManager:220 - loadIPPluginJar : add ltdc
2024-09-17 15:40:59,575 [INFO] IPUIPlugin:80 - create IPUIPlugin
2024-09-17 15:40:59,575 [INFO] PluginManager:220 - loadIPPluginJar : add mdma
2024-09-17 15:40:59,610 [INFO] IPUIPlugin:80 - create IPUIPlugin
2024-09-17 15:40:59,610 [INFO] PluginManager:220 - loadIPPluginJar : add nvic
2024-09-17 15:40:59,675 [INFO] IPUIPlugin:80 - create IPUIPlugin
2024-09-17 15:40:59,675 [INFO] PluginManager:220 - loadIPPluginJar : add opamp
2024-09-17 15:40:59,791 [INFO] IPUIPlugin:80 - create IPUIPlugin
2024-09-17 15:40:59,791 [INFO] PluginManager:220 - loadIPPluginJar : add openamp
2024-09-17 15:40:59,863 [INFO] IPUIPlugin:80 - create IPUIPlugin
2024-09-17 15:40:59,863 [INFO] PluginManager:220 - loadIPPluginJar : add pdm2pcm
2024-09-17 15:40:59,902 [INFO] IPUIPlugin:80 - create IPUIPlugin
2024-09-17 15:40:59,906 [INFO] PluginManager:220 - loadIPPluginJar : add plateformsettings
2024-09-17 15:40:59,981 [INFO] IPUIPlugin:80 - create IPUIPlugin
2024-09-17 15:40:59,982 [INFO] PluginManager:220 - loadIPPluginJar : add quadspi
2024-09-17 15:41:00,051 [INFO] IPUIPlugin:80 - create IPUIPlugin
2024-09-17 15:41:00,053 [INFO] PluginManager:220 - loadIPPluginJar : add radio
2024-09-17 15:41:00,085 [INFO] IPUIPlugin:80 - create IPUIPlugin
2024-09-17 15:41:00,086 [INFO] PluginManager:220 - loadIPPluginJar : add resmgrutility
2024-09-17 15:41:00,199 [INFO] IPUIPlugin:80 - create IPUIPlugin
2024-09-17 15:41:00,199 [INFO] PluginManager:220 - loadIPPluginJar : add sai
2024-09-17 15:41:00,264 [INFO] IPUIPlugin:80 - create IPUIPlugin
2024-09-17 15:41:00,264 [INFO] PluginManager:220 - loadIPPluginJar : add spi
2024-09-17 15:41:00,399 [INFO] IPUIPlugin:80 - create IPUIPlugin
2024-09-17 15:41:00,399 [INFO] PluginManager:220 - loadIPPluginJar : add stm32_wpan
2024-09-17 15:41:00,462 [INFO] IPUIPlugin:80 - create IPUIPlugin
2024-09-17 15:41:00,462 [INFO] PluginManager:220 - loadIPPluginJar : add tim
2024-09-17 15:41:00,609 [INFO] IPUIPlugin:80 - create IPUIPlugin
2024-09-17 15:41:00,610 [INFO] PluginManager:220 - loadIPPluginJar : add touchsensing
2024-09-17 15:41:00,669 [INFO] IPUIPlugin:80 - create IPUIPlugin
2024-09-17 15:41:00,669 [INFO] PluginManager:220 - loadIPPluginJar : add tracer_emb
2024-09-17 15:41:00,707 [INFO] IPUIPlugin:80 - create IPUIPlugin
2024-09-17 15:41:00,707 [INFO] PluginManager:220 - loadIPPluginJar : add ts
2024-09-17 15:41:00,754 [INFO] IPUIPlugin:80 - create IPUIPlugin
2024-09-17 15:41:00,754 [INFO] PluginManager:220 - loadIPPluginJar : add tsc
2024-09-17 15:41:00,814 [INFO] IPUIPlugin:80 - create IPUIPlugin
2024-09-17 15:41:00,815 [INFO] PluginManager:220 - loadIPPluginJar : add ucpd
2024-09-17 15:41:00,936 [INFO] IPUIPlugin:80 - create IPUIPlugin
2024-09-17 15:41:00,936 [INFO] PluginManager:220 - loadIPPluginJar : add usart
2024-09-17 15:41:01,028 [INFO] IPUIPlugin:80 - create IPUIPlugin
2024-09-17 15:41:01,028 [INFO] PluginManager:220 - loadIPPluginJar : add usbx
2024-09-17 15:41:01,241 [INFO] CADModel:165 - CPN selected for project level
2024-09-17 15:41:01,241 [INFO] CADModel:114 - Register for checkConnection events
2024-09-17 15:41:01,241 [FATAL] Updater:334 - Updater called before beeing initialized
2024-09-17 15:41:01,241 [ERROR] CADModel:125 - Updater not yet initialized, retry later 
2024-09-17 15:41:01,490 [INFO] ThirdPartyUpdaterWithRetryManager:70 - Updater plugin not ready yet. [3/15]
2024-09-17 15:41:01,614 [INFO] CADModel:165 - CPN selected for project level
2024-09-17 15:41:01,614 [INFO] CADModel:114 - Register for checkConnection events
2024-09-17 15:41:01,615 [FATAL] Updater:334 - Updater called before beeing initialized
2024-09-17 15:41:01,615 [ERROR] CADModel:125 - Updater not yet initialized, retry later 
2024-09-17 15:41:01,619 [FATAL] Updater:334 - Updater called before beeing initialized
2024-09-17 15:41:01,882 [FATAL] Updater:334 - Updater called before beeing initialized
2024-09-17 15:41:01,910 [INFO] DbMcusAds:53 - JSON generation date=Thu May 16 16:22:00 ICT 2024 (1715851320667)
2024-09-17 15:41:01,911 [FATAL] Updater:334 - Updater called before beeing initialized
2024-09-17 15:41:02,159 [WARN] DetailPanel:346 - Failed to get advertising image, set to default
2024-09-17 15:41:02,310 [FATAL] Updater:334 - Updater called before beeing initialized
2024-09-17 15:41:02,313 [FATAL] Updater:334 - Updater called before beeing initialized
2024-09-17 15:41:02,314 [FATAL] Updater:334 - Updater called before beeing initialized
2024-09-17 15:41:02,314 [WARN] DetailPanel:346 - Failed to get advertising image, set to default
2024-09-17 15:41:02,315 [FATAL] Updater:334 - Updater called before beeing initialized
2024-09-17 15:41:02,458 [ERROR] Updater:1164 - MainUpdater not yet initialized. External WinMGr cannot be set.
2024-09-17 15:41:02,479 [INFO] Updater:1100 - Updater Version found : 6.12.0
2024-09-17 15:41:02,507 [INFO] ApplicationProperties:184 - Using Application install path: D:\ST\STM32CubeIDE_1.16.0\STM32CubeIDE\plugins\com.st.stm32cube.common.mx_6.12.0.202406281431
2024-09-17 15:41:04,172 [ERROR] LogOutputStream:75 - [STDERR_REDIRECT] Sep 17, 2024 3:41:04 PM java.util.prefs.WindowsPreferences <init>
2024-09-17 15:41:04,175 [ERROR] LogOutputStream:75 - [STDERR_REDIRECT] WARNING: Could not open/create prefs root node Software\JavaSoft\Prefs at root 0xffffffff80000002. Windows RegCreateKeyEx(...) returned error code 5.
2024-09-17 15:41:04,175 [ERROR] LogOutputStream:75 - [STDERR_REDIRECT] 
2024-09-17 15:41:04,506 [FATAL] Updater:334 - Updater called before beeing initialized
2024-09-17 15:41:04,507 [ERROR] IntegrityCheckThread:130 - Cannot retrieve database content from updater: error 21
2024-09-17 15:41:04,507 [INFO] ThirdParty:978 - Integrity check success = false
2024-09-17 15:41:04,507 [INFO] IntegrityCheckThread:100 - exiting critical section [integrity check]
2024-09-17 15:41:04,507 [INFO] IntegrityCheckThread:103 - End integrity checks thread
2024-09-17 15:41:04,762 [INFO] MainUpdater:2873 - connection check result : 10
2024-09-17 15:41:04,763 [INFO] MainUpdater:290 - Updater Check For Update Now.
2024-09-17 15:41:04,763 [INFO] MicroXplorer:498 - Change Database Version : DB.6.0.120
2024-09-17 15:41:04,799 [INFO] McuFinderGlobals:63 - Set McuFinder mode to 2 (CubeIDE integrated)
2024-09-17 15:41:04,799 [INFO] UserAuth:179 - activating auth plugin
2024-09-17 15:41:04,816 [INFO] UserAuth:417 - Internet connection configuration mode: 1
2024-09-17 15:41:04,943 [INFO] JxBrowserEngine:152 - Initiate JxBrowser Engine with user profile folder
2024-09-17 15:41:05,142 [INFO] CheckServerUpdateThread:120 - End of CheckServer Thread
2024-09-17 15:41:11,919 [INFO] WebApp:167 - Instantiating new browser for Auth
2024-09-17 15:41:13,896 [INFO] WebApp:448 - Apply proxy settings
2024-09-17 15:41:13,899 [INFO] WebApp:533 - Chromium requires no authentication
2024-09-17 15:41:13,932 [INFO] WebApp:476 - Direct internet connection detected
2024-09-17 15:41:14,041 [INFO] WebApp:869 - Register for checkConnection events
2024-09-17 15:41:14,042 [INFO] WebApp:448 - Apply proxy settings
2024-09-17 15:41:14,042 [INFO] WebApp:533 - Chromium requires no authentication
2024-09-17 15:41:14,043 [INFO] WebApp:476 - Direct internet connection detected
2024-09-17 15:41:14,613 [INFO] WebApp:186 - Connection restablished
2024-09-17 15:41:14,700 [INFO] WebApp:220 - Starting web application
2024-09-17 15:41:14,700 [INFO] WebApp:578 - Web application path used D:\ST\STM32CubeIDE_1.16.0\STM32CubeIDE\plugins\com.st.stm32cube.common.mx_6.12.0.202406281431\db\plugins\mcufinder\reactClient1\index.html
2024-09-17 18:05:00,856 [ERROR] LogOutputStream:75 - [STDERR_REDIRECT] 
